#
# A fatal error has been detected by the Java Runtime Environment:
#
#  SIGSEGV (0xb) at pc=0x0000000138085aca, pid=14609, tid=69379
#
# JRE version: Java(TM) SE Runtime Environment 18.9 (11.0.12+8) (build 11.0.12+8-LTS-237)
# Java VM: Java HotSpot(TM) 64-Bit Server VM 18.9 (11.0.12+8-LTS-237, mixed mode, tiered, compressed oops, g1 gc, bsd-amd64)
# Problematic frame:
# C  [sqlite-3.36.0.3-a6aea49d-a8ed-4daf-b2c1-85ff170bfc80-libsqlitejdbc.jnilib+0xd1aca]  Java_org_sqlite_core_NativeDB_set_1commit_1listener+0xce5f5
#
# No core dump will be written. Core dumps have been disabled. To enable core dumping, try "ulimit -c unlimited" before starting Java again
#
# If you would like to submit a bug report, please visit:
#   https://bugreport.java.com/bugreport/crash.jsp
# The crash happened outside the Java Virtual Machine in native code.
# See problematic frame for where to report the bug.
#

---------------  S U M M A R Y ------------

Command Line: --module-path=lib/javafx-sdk-17.0.0.1/lib/ --add-modules=javafx.controls,javafx.fxml --add-modules=javafx.base,javafx.graphics --add-reads=javafx.base=ALL-UNNAMED --add-reads=javafx.graphics=ALL-UNNAMED -Djava.library.path=/Users/seonghayi/Desktop/ScheduleArchiveUltimate_demo/lib/javafx-sdk-17.0.0.1/lib -javaagent:/Applications/IntelliJ IDEA.app/Contents/lib/idea_rt.jar=53322:/Applications/IntelliJ IDEA.app/Contents/bin -Dfile.encoding=UTF-8 main.App

Host: MacBookPro14,1 x86_64 2300 MHz, 4 cores, 8G, Darwin 20.6.0
Time: Tue Oct 19 13:05:52 2021 +03 elapsed time: 4.854004 seconds (0d 0h 0m 4s)

---------------  T H R E A D  ---------------

Current thread (0x00007feb71533000):  JavaThread "Thread-6" [_thread_in_native, id=69379, stack(0x0000700010079000,0x0000700010179000)]

Stack: [0x0000700010079000,0x0000700010179000],  sp=0x0000700010177b20,  free space=1018k
Native frames: (J=compiled Java code, A=aot compiled Java code, j=interpreted, Vv=VM code, C=native code)
C  [sqlite-3.36.0.3-a6aea49d-a8ed-4daf-b2c1-85ff170bfc80-libsqlitejdbc.jnilib+0xd1aca]  Java_org_sqlite_core_NativeDB_set_1commit_1listener+0xce5f5
C  [sqlite-3.36.0.3-a6aea49d-a8ed-4daf-b2c1-85ff170bfc80-libsqlitejdbc.jnilib+0xc166]  Java_org_sqlite_core_NativeDB_set_1commit_1listener+0x8c91
C  [sqlite-3.36.0.3-a6aea49d-a8ed-4daf-b2c1-85ff170bfc80-libsqlitejdbc.jnilib+0xc0b6]  Java_org_sqlite_core_NativeDB_set_1commit_1listener+0x8be1
C  [sqlite-3.36.0.3-a6aea49d-a8ed-4daf-b2c1-85ff170bfc80-libsqlitejdbc.jnilib+0x8b5f]  Java_org_sqlite_core_NativeDB_set_1commit_1listener+0x568a
J 2381  org.sqlite.core.NativeDB.step(J)I (0 bytes) @ 0x000000012546dd71 [0x000000012546dbc0+0x00000000000001b1]
J 2813 c1 org.sqlite.jdbc3.JDBC3ResultSet.next()Z (132 bytes) @ 0x000000011e410204 [0x000000011e40fdc0+0x0000000000000444]
j  main.Models.DBModels.ReadFromDBModel.getAllDates()Ljava/util/ArrayList;+18
j  main.Controllers.Macro.Infographics.InfographicsController.createInfographic()V+210
j  main.Controllers.Macro.Infographics.InfographicsController.initialize()V+101
v  ~StubRoutines::call_stub
V  [libjvm.dylib+0x39b3e7]  JavaCalls::call_helper(JavaValue*, methodHandle const&, JavaCallArguments*, Thread*)+0x21d
V  [libjvm.dylib+0x6a1c55]  invoke(InstanceKlass*, methodHandle const&, Handle, bool, objArrayHandle, BasicType, objArrayHandle, bool, Thread*)+0x4e9
V  [libjvm.dylib+0x6a1722]  Reflection::invoke_method(oopDesc*, Handle, objArrayHandle, Thread*)+0xf4
V  [libjvm.dylib+0x42686a]  JVM_InvokeMethod+0x207
J 1858  jdk.internal.reflect.NativeMethodAccessorImpl.invoke0(Ljava/lang/reflect/Method;Ljava/lang/Object;[Ljava/lang/Object;)Ljava/lang/Object; java.base@11.0.12 (0 bytes) @ 0x000000012544cd40 [0x000000012544cc40+0x0000000000000100]
J 1857 c1 jdk.internal.reflect.NativeMethodAccessorImpl.invoke(Ljava/lang/Object;[Ljava/lang/Object;)Ljava/lang/Object; java.base@11.0.12 (104 bytes) @ 0x000000011e1fd9d4 [0x000000011e1fcd40+0x0000000000000c94]
J 1550 c1 jdk.internal.reflect.DelegatingMethodAccessorImpl.invoke(Ljava/lang/Object;[Ljava/lang/Object;)Ljava/lang/Object; java.base@11.0.12 (10 bytes) @ 0x000000011e1419cc [0x000000011e1418c0+0x000000000000010c]
J 2010 c1 jdk.internal.reflect.GeneratedMethodAccessor2.invoke(Ljava/lang/Object;[Ljava/lang/Object;)Ljava/lang/Object; (65 bytes) @ 0x000000011e23ab84 [0x000000011e23a520+0x0000000000000664]
J 1550 c1 jdk.internal.reflect.DelegatingMethodAccessorImpl.invoke(Ljava/lang/Object;[Ljava/lang/Object;)Ljava/lang/Object; java.base@11.0.12 (10 bytes) @ 0x000000011e1419cc [0x000000011e1418c0+0x000000000000010c]
J 2094 c1 com.sun.javafx.reflect.MethodUtil.invoke(Ljava/lang/reflect/Method;Ljava/lang/Object;[Ljava/lang/Object;)Ljava/lang/Object; javafx.base (111 bytes) @ 0x000000011e26a2a4 [0x000000011e269a60+0x0000000000000844]
J 1772 c1 com.sun.javafx.fxml.MethodHelper.invoke(Ljava/lang/reflect/Method;Ljava/lang/Object;[Ljava/lang/Object;)Ljava/lang/Object; javafx.fxml (146 bytes) @ 0x000000011e1c3f24 [0x000000011e1c36c0+0x0000000000000864]
j  javafx.fxml.FXMLLoader.loadImpl(Ljava/io/InputStream;Ljava/lang/Class;)Ljava/lang/Object;+353 javafx.fxml
j  javafx.fxml.FXMLLoader.loadImpl(Ljava/lang/Class;)Ljava/lang/Object;+31 javafx.fxml
j  javafx.fxml.FXMLLoader.load()Ljava/lang/Object;+17 javafx.fxml
j  main.Models.SceneNavigationModel.createNewScene(Ljava/lang/String;)Ljavafx/scene/Scene;+17
j  main.Controllers.LaunchScreen.LaunchScreen$1.run()V+77
j  java.lang.Thread.run()V+11 java.base@11.0.12
v  ~StubRoutines::call_stub
V  [libjvm.dylib+0x39b3e7]  JavaCalls::call_helper(JavaValue*, methodHandle const&, JavaCallArguments*, Thread*)+0x21d
V  [libjvm.dylib+0x39a849]  JavaCalls::call_virtual(JavaValue*, Klass*, Symbol*, Symbol*, JavaCallArguments*, Thread*)+0xe9
V  [libjvm.dylib+0x39a904]  JavaCalls::call_virtual(JavaValue*, Handle, Klass*, Symbol*, Symbol*, Thread*)+0x62
V  [libjvm.dylib+0x422d20]  thread_entry(JavaThread*, Thread*)+0x78
V  [libjvm.dylib+0x743c46]  JavaThread::thread_main_inner()+0x82
V  [libjvm.dylib+0x743a97]  JavaThread::run()+0x173
V  [libjvm.dylib+0x7418de]  Thread::call_run()+0x68
V  [libjvm.dylib+0x6468d2]  thread_native_entry(Thread*)+0x136
C  [libsystem_pthread.dylib+0x68fc]  _pthread_start+0xe0
C  [libsystem_pthread.dylib+0x2443]  thread_start+0xf

Java frames: (J=compiled Java code, j=interpreted, Vv=VM code)
J 2381  org.sqlite.core.NativeDB.step(J)I (0 bytes) @ 0x000000012546dc08 [0x000000012546dbc0+0x0000000000000048]
J 2813 c1 org.sqlite.jdbc3.JDBC3ResultSet.next()Z (132 bytes) @ 0x000000011e410204 [0x000000011e40fdc0+0x0000000000000444]
j  main.Models.DBModels.ReadFromDBModel.getAllDates()Ljava/util/ArrayList;+18
j  main.Controllers.Macro.Infographics.InfographicsController.createInfographic()V+210
j  main.Controllers.Macro.Infographics.InfographicsController.initialize()V+101
v  ~StubRoutines::call_stub
J 1858  jdk.internal.reflect.NativeMethodAccessorImpl.invoke0(Ljava/lang/reflect/Method;Ljava/lang/Object;[Ljava/lang/Object;)Ljava/lang/Object; java.base@11.0.12 (0 bytes) @ 0x000000012544ccc7 [0x000000012544cc40+0x0000000000000087]
J 1857 c1 jdk.internal.reflect.NativeMethodAccessorImpl.invoke(Ljava/lang/Object;[Ljava/lang/Object;)Ljava/lang/Object; java.base@11.0.12 (104 bytes) @ 0x000000011e1fd9d4 [0x000000011e1fcd40+0x0000000000000c94]
J 1550 c1 jdk.internal.reflect.DelegatingMethodAccessorImpl.invoke(Ljava/lang/Object;[Ljava/lang/Object;)Ljava/lang/Object; java.base@11.0.12 (10 bytes) @ 0x000000011e1419cc [0x000000011e1418c0+0x000000000000010c]
J 2010 c1 jdk.internal.reflect.GeneratedMethodAccessor2.invoke(Ljava/lang/Object;[Ljava/lang/Object;)Ljava/lang/Object; (65 bytes) @ 0x000000011e23ab84 [0x000000011e23a520+0x0000000000000664]
J 1550 c1 jdk.internal.reflect.DelegatingMethodAccessorImpl.invoke(Ljava/lang/Object;[Ljava/lang/Object;)Ljava/lang/Object; java.base@11.0.12 (10 bytes) @ 0x000000011e1419cc [0x000000011e1418c0+0x000000000000010c]
J 2094 c1 com.sun.javafx.reflect.MethodUtil.invoke(Ljava/lang/reflect/Method;Ljava/lang/Object;[Ljava/lang/Object;)Ljava/lang/Object; javafx.base (111 bytes) @ 0x000000011e26a2a4 [0x000000011e269a60+0x0000000000000844]
J 1772 c1 com.sun.javafx.fxml.MethodHelper.invoke(Ljava/lang/reflect/Method;Ljava/lang/Object;[Ljava/lang/Object;)Ljava/lang/Object; javafx.fxml (146 bytes) @ 0x000000011e1c3f24 [0x000000011e1c36c0+0x0000000000000864]
j  javafx.fxml.FXMLLoader.loadImpl(Ljava/io/InputStream;Ljava/lang/Class;)Ljava/lang/Object;+353 javafx.fxml
j  javafx.fxml.FXMLLoader.loadImpl(Ljava/lang/Class;)Ljava/lang/Object;+31 javafx.fxml
j  javafx.fxml.FXMLLoader.load()Ljava/lang/Object;+17 javafx.fxml
j  main.Models.SceneNavigationModel.createNewScene(Ljava/lang/String;)Ljavafx/scene/Scene;+17
j  main.Controllers.LaunchScreen.LaunchScreen$1.run()V+77
j  java.lang.Thread.run()V+11 java.base@11.0.12
v  ~StubRoutines::call_stub

siginfo: si_signo: 11 (SIGSEGV), si_code: 0 (unknown), si_addr: 0x0000000000000000

Register to memory mapping:

RAX=0x0 is NULL
RBX=0x00007feb72d76720 points into unknown readable memory: 0x00007feb72d77530 | 30 75 d7 72 eb 7f 00 00
RCX=0x0 is NULL
RDX=0x00007feb72d76720 points into unknown readable memory: 0x00007feb72d77530 | 30 75 d7 72 eb 7f 00 00
RSP=0x0000700010177b20 is pointing into the stack for thread: 0x00007feb71533000
RBP=0x0000700010177b40 is pointing into the stack for thread: 0x00007feb71533000
RSI=0x0 is NULL
RDI=0x0004ffff0002ffff is an unknown value
R8 =0x000000000013817a is an unknown value
R9 =0xffffffff00000000 is an unknown value
R10=0x00007feb6fee1e40 points into unknown readable memory: 0x0000000000000000 | 00 00 00 00 00 00 00 00
R11=0x0000000000000246 is an unknown value
R12=0x00007feb72d76808 points into unknown readable memory: 0x000cd36500000000 | 00 00 00 00 65 d3 0c 00
R13=0x00007feb72d76720 points into unknown readable memory: 0x00007feb72d77530 | 30 75 d7 72 eb 7f 00 00
R14=0x0 is NULL
R15=0x00007feb72d77530 points into unknown readable memory: 0x00007feb72d77080 | 80 70 d7 72 eb 7f 00 00


Registers:
RAX=0x0000000000000000, RBX=0x00007feb72d76720, RCX=0x0000000000000000, RDX=0x00007feb72d76720
RSP=0x0000700010177b20, RBP=0x0000700010177b40, RSI=0x0000000000000000, RDI=0x0004ffff0002ffff
R8 =0x000000000013817a, R9 =0xffffffff00000000, R10=0x00007feb6fee1e40, R11=0x0000000000000246
R12=0x00007feb72d76808, R13=0x00007feb72d76720, R14=0x0000000000000000, R15=0x00007feb72d77530
RIP=0x0000000138085aca, EFLAGS=0x0000000000010206, ERR=0x0000000000000000
  TRAPNO=0x000000000000000d

Top of Stack: (sp=0x0000700010177b20)
0x0000700010177b20:   0000000000000000 00007feb72d76720
0x0000700010177b30:   00007feb72d77530 0000000000000000
0x0000700010177b40:   0000700010177b60 0000000137fc0166
0x0000700010177b50:   00007feb72d76720 00007feb72d77530
0x0000700010177b60:   0000700010177b90 0000000137fc00b6
0x0000700010177b70:   0000000000000000 0000000782a4a040
0x0000700010177b80:   00007fff8062ad70 00007feb71533000
0x0000700010177b90:   0000700010177dd0 0000000137fbcb5f
0x0000700010177ba0:   000000a010177be0 00007feb6fee1e68
0x0000700010177bb0:   00000002616e9880 00007feb6fee1e20
0x0000700010177bc0:   00007feb6fee1e28 00007feb72d77530
0x0000700010177bd0:   000000011194a750 0000700010177bf0
0x0000700010177be0:   0000700010177c30 000000011164d9d5
0x0000700010177bf0:   00000000616e9880 00000000267f2210
0x0000700010177c00:   00007feb6fee1e00 00007feb72d76808
0x0000700010177c10:   00007feb72cea880 00007feb72cea8b0
0x0000700010177c20:   00007feb72cea800 00007feb72d767d8
0x0000700010177c30:   00007feb73f2eb30 00007feb72d767a8
0x0000700010177c40:   00007feb6fe0a8a0 00007feb72d76720
0x0000700010177c50:   0000000000000000 0000000111621f57
0x0000700010177c60:   00007feb71533000 00007feb6fe0a8a0
0x0000700010177c70:   0000700010177ca0 00000001111215a5
0x0000700010177c80:   0000700010177ca0 0000000111760011
0x0000700010177c90:   00007feb71533000 00007feb72cea800
0x0000700010177ca0:   0000700010177d60 0000000111633a4a
0x0000700010177cb0:   00000000f1045100 0000000000000005
0x0000700010177cc0:   00007feb71533000 000000010ed43001
0x0000700010177cd0:   00007feb6fe08310 0000000000000000
0x0000700010177ce0:   0000000000000000 0000000000000000
0x0000700010177cf0:   0000700010177d00 0000700010177d20
0x0000700010177d00:   00007feb6fe08168 00007feb6fe08168
0x0000700010177d10:   00007feb71533000 0000700010177e00 

Instructions: (pc=0x0000000138085aca)
0x0000000138085aaa:   48 8b 05 0f 6e 03 00 48 85 c0 74 02 ff d0 41 fe
0x0000000138085aba:   4f 64 eb 28 49 8b bf 68 01 00 00 48 85 ff 74 1c
0x0000000138085aca:   f6 47 09 24 74 10 e8 ce c6 f9 ff eb 0f 49 89 bf
0x0000000138085ada:   68 01 00 00 eb ca 66 c7 47 08 01 00 45 89 77 50 

Stack slot to memory mapping:
stack at sp + 0 slots: 0x0 is NULL
stack at sp + 1 slots: 0x00007feb72d76720 points into unknown readable memory: 0x00007feb72d77530 | 30 75 d7 72 eb 7f 00 00
stack at sp + 2 slots: 0x00007feb72d77530 points into unknown readable memory: 0x00007feb72d77080 | 80 70 d7 72 eb 7f 00 00
stack at sp + 3 slots: 0x0 is NULL
stack at sp + 4 slots: 0x0000700010177b60 is pointing into the stack for thread: 0x00007feb71533000
stack at sp + 5 slots: 0x0000000137fc0166: Java_org_sqlite_core_NativeDB_set_1commit_1listener+0x8c91 in /private/var/folders/n_/c30c5k1n3_g5vy2m3zgndw3w0000gn/T/sqlite-3.36.0.3-a6aea49d-a8ed-4daf-b2c1-85ff170bfc80-libsqlitejdbc.jnilib at 0x0000000137fb4000
stack at sp + 6 slots: 0x00007feb72d76720 points into unknown readable memory: 0x00007feb72d77530 | 30 75 d7 72 eb 7f 00 00
stack at sp + 7 slots: 0x00007feb72d77530 points into unknown readable memory: 0x00007feb72d77080 | 80 70 d7 72 eb 7f 00 00


---------------  P R O C E S S  ---------------

Threads class SMR info:
_java_thread_list=0x00007feb7425eb40, length=21, elements={
0x00007feb72032800, 0x00007feb72033800, 0x00007feb71058000, 0x00007feb70847000,
0x00007feb70848000, 0x00007feb72036800, 0x00007feb71010800, 0x00007feb7004c800,
0x00007feb7011d800, 0x00007feb7095b800, 0x00007feb72157000, 0x00007feb72148800,
0x00007feb7221f000, 0x00007feb70b45000, 0x00007feb71533000, 0x00007feb70b90800,
0x00007feb72300000, 0x00007feb70bc6000, 0x00007feb70ba1800, 0x00007feb704da800,
0x00007feb71538800
}

Java Threads: ( => current thread )
  0x00007feb72032800 JavaThread "Reference Handler" daemon [_thread_blocked, id=18691, stack(0x000070000e8a8000,0x000070000e9a8000)]
  0x00007feb72033800 JavaThread "Finalizer" daemon [_thread_blocked, id=18179, stack(0x000070000e9ab000,0x000070000eaab000)]
  0x00007feb71058000 JavaThread "Signal Dispatcher" daemon [_thread_blocked, id=15875, stack(0x000070000ebb4000,0x000070000ecb4000)]
  0x00007feb70847000 JavaThread "Service Thread" daemon [_thread_blocked, id=43267, stack(0x000070000ecb7000,0x000070000edb7000)]
  0x00007feb70848000 JavaThread "C2 CompilerThread0" daemon [_thread_in_native, id=42755, stack(0x000070000edba000,0x000070000eeba000)]
  0x00007feb72036800 JavaThread "C1 CompilerThread0" daemon [_thread_blocked, id=42243, stack(0x000070000eebd000,0x000070000efbd000)]
  0x00007feb71010800 JavaThread "Sweeper thread" daemon [_thread_blocked, id=22531, stack(0x000070000efc0000,0x000070000f0c0000)]
  0x00007feb7004c800 JavaThread "Common-Cleaner" daemon [_thread_blocked, id=41219, stack(0x000070000f0c3000,0x000070000f1c3000)]
  0x00007feb7011d800 JavaThread "Monitor Ctrl-Break" daemon [_thread_in_native, id=40195, stack(0x000070000f2c9000,0x000070000f3c9000)]
  0x00007feb7095b800 JavaThread "InvokeLaterDispatcher" daemon [_thread_blocked, id=28931, stack(0x000070000f7d8000,0x000070000f8d8000)]
  0x00007feb72157000 JavaThread "Java2D Queue Flusher" daemon [_thread_blocked, id=76547, stack(0x000070000fbea000,0x000070000fcea000)]
  0x00007feb72148800 JavaThread "Java2D Disposer" daemon [_thread_blocked, id=54787, stack(0x000070000fced000,0x000070000fded000)]
  0x00007feb7221f000 JavaThread "Attach Listener" daemon [_thread_blocked, id=74755, stack(0x000070000fdf0000,0x000070000fef0000)]
  0x00007feb70b45000 JavaThread "Thread-4" [_thread_blocked, id=76807, stack(0x000070000f8db000,0x000070000f9db000)]
=>0x00007feb71533000 JavaThread "Thread-6" [_thread_in_native, id=69379, stack(0x0000700010079000,0x0000700010179000)]
  0x00007feb70b90800 JavaThread "Thread-5" [_thread_blocked, id=68867, stack(0x000070001017c000,0x000070001027c000)]
  0x00007feb72300000 JavaThread "Prism Font Disposer" daemon [_thread_blocked, id=64783, stack(0x0000700010302000,0x0000700010402000)]
  0x00007feb70bc6000 JavaThread "Cleaner-0" daemon [_thread_blocked, id=66595, stack(0x0000700010405000,0x0000700010505000)]
  0x00007feb70ba1800 JavaThread "PulseTimer-CVDisplayLink thread" daemon [_thread_in_native, id=64227, stack(0x000070001027f000,0x00007000102ff000)]
  0x00007feb704da800 JavaThread "Thread-400" [_thread_blocked, id=64519, stack(0x000070001060b000,0x000070001070b000)]
  0x00007feb71538800 JavaThread "DestroyJavaVM" [_thread_blocked, id=5891, stack(0x000070000e193000,0x000070000e293000)]

Other Threads:
  0x00007feb7202a800 VMThread "VM Thread" [stack: 0x000070000e7a5000,0x000070000e8a5000] [id=13827]
  0x00007feb7011e800 WatcherThread [stack: 0x000070000f3cc000,0x000070000f4cc000] [id=23811]
  0x00007feb71014800 GCTaskThread "GC Thread#0" [stack: 0x000070000e296000,0x000070000e396000] [id=21251]
  0x00007feb701db000 GCTaskThread "GC Thread#1" [stack: 0x000070000f5d2000,0x000070000f6d2000] [id=27663]
  0x00007feb701e0800 GCTaskThread "GC Thread#2" [stack: 0x000070000f6d5000,0x000070000f7d5000] [id=28419]
  0x00007feb72157800 GCTaskThread "GC Thread#3" [stack: 0x000070000ff76000,0x0000700010076000] [id=62731]
  0x00007feb71035800 ConcurrentGCThread "G1 Main Marker" [stack: 0x000070000e399000,0x000070000e499000] [id=11779]
  0x00007feb71036000 ConcurrentGCThread "G1 Conc#0" [stack: 0x000070000e49c000,0x000070000e59c000] [id=12291]
  0x00007feb7082a000 ConcurrentGCThread "G1 Refine#0" [stack: 0x000070000e59f000,0x000070000e69f000] [id=12803]
  0x00007feb7082b000 ConcurrentGCThread "G1 Young RemSet Sampling" [stack: 0x000070000e6a2000,0x000070000e7a2000] [id=19971]

Threads with active compile tasks:
C2 CompilerThread0   4862 2827       4       jdk.internal.org.objectweb.asm.Frame::execute (2264 bytes)

VM state:not at safepoint (normal execution)

VM Mutex/Monitor currently owned by a thread: None

Heap address: 0x0000000780000000, size: 2048 MB, Compressed Oops mode: Zero based, Oop shift amount: 3
Narrow klass base: 0x0000000800000000, Narrow klass shift: 0
Compressed class space size: 1073741824 Address: 0x0000000800000000

Heap:
 garbage-first heap   total 157696K, used 83254K [0x0000000780000000, 0x0000000800000000)
  region size 1024K, 29 young (29696K), 4 survivors (4096K)
 Metaspace       used 28584K, capacity 29633K, committed 29820K, reserved 1075200K
  class space    used 3540K, capacity 3961K, committed 3968K, reserved 1048576K
Heap Regions: E=young(eden), S=young(survivor), O=old, HS=humongous(starts), HC=humongous(continues), CS=collection set, F=free, A=archive, TAMS=top-at-mark-start (previous, next)
|   0|0x0000000780000000, 0x0000000780100000, 0x0000000780100000|100%| O|  |TAMS 0x0000000780077600, 0x0000000780000000| Untracked 
|   1|0x0000000780100000, 0x0000000780200000, 0x0000000780200000|100%|HS|  |TAMS 0x0000000780200000, 0x0000000780100000| Complete 
|   2|0x0000000780200000, 0x0000000780300000, 0x0000000780300000|100%|HC|  |TAMS 0x0000000780300000, 0x0000000780200000| Complete 
|   3|0x0000000780300000, 0x0000000780400000, 0x0000000780400000|100%|HS|  |TAMS 0x0000000780400000, 0x0000000780300000| Complete 
|   4|0x0000000780400000, 0x0000000780500000, 0x0000000780500000|100%|HC|  |TAMS 0x0000000780500000, 0x0000000780400000| Complete 
|   5|0x0000000780500000, 0x0000000780600000, 0x0000000780600000|100%|HC|  |TAMS 0x0000000780600000, 0x0000000780500000| Complete 
|   6|0x0000000780600000, 0x0000000780700000, 0x0000000780700000|100%|HS|  |TAMS 0x0000000780700000, 0x0000000780600000| Complete 
|   7|0x0000000780700000, 0x0000000780800000, 0x0000000780800000|100%|HC|  |TAMS 0x0000000780800000, 0x0000000780700000| Complete 
|   8|0x0000000780800000, 0x0000000780900000, 0x0000000780900000|100%|HS|  |TAMS 0x0000000780800000, 0x0000000780800000| Complete 
|   9|0x0000000780900000, 0x0000000780a00000, 0x0000000780a00000|100%|HC|  |TAMS 0x0000000780900000, 0x0000000780900000| Complete 
|  10|0x0000000780a00000, 0x0000000780b00000, 0x0000000780b00000|100%|HS|  |TAMS 0x0000000780a00000, 0x0000000780a00000| Complete 
|  11|0x0000000780b00000, 0x0000000780c00000, 0x0000000780c00000|100%|HC|  |TAMS 0x0000000780b00000, 0x0000000780b00000| Complete 
|  12|0x0000000780c00000, 0x0000000780d00000, 0x0000000780d00000|100%|HC|  |TAMS 0x0000000780c00000, 0x0000000780c00000| Complete 
|  13|0x0000000780d00000, 0x0000000780e00000, 0x0000000780e00000|100%|HS|  |TAMS 0x0000000780d00000, 0x0000000780d00000| Complete 
|  14|0x0000000780e00000, 0x0000000780f00000, 0x0000000780f00000|100%|HC|  |TAMS 0x0000000780e00000, 0x0000000780e00000| Complete 
|  15|0x0000000780f00000, 0x0000000781000000, 0x0000000781000000|100%|HS|  |TAMS 0x0000000780f00000, 0x0000000780f00000| Complete 
|  16|0x0000000781000000, 0x0000000781100000, 0x0000000781100000|100%|HC|  |TAMS 0x0000000781000000, 0x0000000781000000| Complete 
|  17|0x0000000781100000, 0x0000000781200000, 0x0000000781200000|100%|HS|  |TAMS 0x0000000781100000, 0x0000000781100000| Complete 
|  18|0x0000000781200000, 0x0000000781300000, 0x0000000781300000|100%|HC|  |TAMS 0x0000000781200000, 0x0000000781200000| Complete 
|  19|0x0000000781300000, 0x0000000781400000, 0x0000000781400000|100%|HC|  |TAMS 0x0000000781300000, 0x0000000781300000| Complete 
|  20|0x0000000781400000, 0x0000000781500000, 0x0000000781500000|100%|HS|  |TAMS 0x0000000781400000, 0x0000000781400000| Complete 
|  21|0x0000000781500000, 0x0000000781600000, 0x0000000781600000|100%|HC|  |TAMS 0x0000000781500000, 0x0000000781500000| Complete 
|  22|0x0000000781600000, 0x0000000781700000, 0x0000000781700000|100%|HS|  |TAMS 0x0000000781600000, 0x0000000781600000| Complete 
|  23|0x0000000781700000, 0x0000000781800000, 0x0000000781800000|100%|HC|  |TAMS 0x0000000781700000, 0x0000000781700000| Complete 
|  24|0x0000000781800000, 0x0000000781900000, 0x0000000781900000|100%|HS|  |TAMS 0x0000000781800000, 0x0000000781800000| Complete 
|  25|0x0000000781900000, 0x0000000781a00000, 0x0000000781a00000|100%|HC|  |TAMS 0x0000000781900000, 0x0000000781900000| Complete 
|  26|0x0000000781a00000, 0x0000000781b00000, 0x0000000781b00000|100%|HS|  |TAMS 0x0000000781a00000, 0x0000000781a00000| Complete 
|  27|0x0000000781b00000, 0x0000000781c00000, 0x0000000781c00000|100%|HC|  |TAMS 0x0000000781b00000, 0x0000000781b00000| Complete 
|  28|0x0000000781c00000, 0x0000000781d00000, 0x0000000781d00000|100%|HC|  |TAMS 0x0000000781c00000, 0x0000000781c00000| Complete 
|  29|0x0000000781d00000, 0x0000000781e00000, 0x0000000781e00000|100%|HS|  |TAMS 0x0000000781d00000, 0x0000000781d00000| Complete 
|  30|0x0000000781e00000, 0x0000000781f00000, 0x0000000781f00000|100%|HC|  |TAMS 0x0000000781e00000, 0x0000000781e00000| Complete 
|  31|0x0000000781f00000, 0x0000000782000000, 0x0000000782000000|100%|HS|  |TAMS 0x0000000781f00000, 0x0000000781f00000| Complete 
|  32|0x0000000782000000, 0x0000000782100000, 0x0000000782100000|100%|HC|  |TAMS 0x0000000782000000, 0x0000000782000000| Complete 
|  33|0x0000000782100000, 0x0000000782200000, 0x0000000782200000|100%|HS|  |TAMS 0x0000000782100000, 0x0000000782100000| Complete 
|  34|0x0000000782200000, 0x0000000782300000, 0x0000000782300000|100%|HC|  |TAMS 0x0000000782200000, 0x0000000782200000| Complete 
|  35|0x0000000782300000, 0x0000000782400000, 0x0000000782400000|100%|HC|  |TAMS 0x0000000782300000, 0x0000000782300000| Complete 
|  36|0x0000000782400000, 0x0000000782500000, 0x0000000782500000|100%|HS|  |TAMS 0x0000000782400000, 0x0000000782400000| Complete 
|  37|0x0000000782500000, 0x0000000782600000, 0x0000000782600000|100%|HC|  |TAMS 0x0000000782500000, 0x0000000782500000| Complete 
|  38|0x0000000782600000, 0x0000000782700000, 0x0000000782700000|100%| O|  |TAMS 0x0000000782600000, 0x0000000782600000| Untracked 
|  39|0x0000000782700000, 0x0000000782800000, 0x0000000782800000|100%| O|  |TAMS 0x0000000782700000, 0x0000000782700000| Untracked 
|  40|0x0000000782800000, 0x0000000782900000, 0x0000000782900000|100%| O|  |TAMS 0x0000000782800000, 0x0000000782800000| Untracked 
|  41|0x0000000782900000, 0x0000000782a00000, 0x0000000782a00000|100%| O|  |TAMS 0x0000000782900000, 0x0000000782900000| Untracked 
|  42|0x0000000782a00000, 0x0000000782b00000, 0x0000000782b00000|100%| O|  |TAMS 0x0000000782a00000, 0x0000000782a00000| Untracked 
|  43|0x0000000782b00000, 0x0000000782c00000, 0x0000000782c00000|100%| O|  |TAMS 0x0000000782b00000, 0x0000000782b00000| Untracked 
|  44|0x0000000782c00000, 0x0000000782d00000, 0x0000000782d00000|100%| O|  |TAMS 0x0000000782c00000, 0x0000000782c00000| Untracked 
|  45|0x0000000782d00000, 0x0000000782e00000, 0x0000000782e00000|100%| O|  |TAMS 0x0000000782d00000, 0x0000000782d00000| Untracked 
|  46|0x0000000782e00000, 0x0000000782f00000, 0x0000000782f00000|100%| O|  |TAMS 0x0000000782e00000, 0x0000000782e00000| Untracked 
|  47|0x0000000782f00000, 0x0000000783000000, 0x0000000783000000|100%| O|  |TAMS 0x0000000782f00000, 0x0000000782f00000| Untracked 
|  48|0x0000000783000000, 0x0000000783100000, 0x0000000783100000|100%| O|  |TAMS 0x0000000783000000, 0x0000000783000000| Untracked 
|  49|0x0000000783100000, 0x0000000783200000, 0x0000000783200000|100%| O|  |TAMS 0x0000000783100000, 0x0000000783100000| Untracked 
|  50|0x0000000783200000, 0x0000000783300000, 0x0000000783300000|100%| O|  |TAMS 0x0000000783200000, 0x0000000783200000| Untracked 
|  51|0x0000000783300000, 0x0000000783400000, 0x0000000783400000|100%| O|  |TAMS 0x0000000783300000, 0x0000000783300000| Untracked 
|  52|0x0000000783400000, 0x0000000783500000, 0x0000000783500000|100%| O|  |TAMS 0x0000000783400000, 0x0000000783400000| Untracked 
|  53|0x0000000783500000, 0x000000078355f600, 0x0000000783600000| 37%| O|  |TAMS 0x0000000783500000, 0x0000000783500000| Untracked 
|  54|0x0000000783600000, 0x0000000783600000, 0x0000000783700000|  0%| F|  |TAMS 0x0000000783600000, 0x0000000783600000| Untracked 
|  55|0x0000000783700000, 0x0000000783700000, 0x0000000783800000|  0%| F|  |TAMS 0x0000000783700000, 0x0000000783700000| Untracked 
|  56|0x0000000783800000, 0x0000000783800000, 0x0000000783900000|  0%| F|  |TAMS 0x0000000783800000, 0x0000000783800000| Untracked 
|  57|0x0000000783900000, 0x0000000783900000, 0x0000000783a00000|  0%| F|  |TAMS 0x0000000783900000, 0x0000000783900000| Untracked 
|  58|0x0000000783a00000, 0x0000000783a00000, 0x0000000783b00000|  0%| F|  |TAMS 0x0000000783a00000, 0x0000000783a00000| Untracked 
|  59|0x0000000783b00000, 0x0000000783b00000, 0x0000000783c00000|  0%| F|  |TAMS 0x0000000783b00000, 0x0000000783b00000| Untracked 
|  60|0x0000000783c00000, 0x0000000783c00000, 0x0000000783d00000|  0%| F|  |TAMS 0x0000000783c00000, 0x0000000783c00000| Untracked 
|  61|0x0000000783d00000, 0x0000000783d00000, 0x0000000783e00000|  0%| F|  |TAMS 0x0000000783d00000, 0x0000000783d00000| Untracked 
|  62|0x0000000783e00000, 0x0000000783e00000, 0x0000000783f00000|  0%| F|  |TAMS 0x0000000783e00000, 0x0000000783e00000| Untracked 
|  63|0x0000000783f00000, 0x0000000783f00000, 0x0000000784000000|  0%| F|  |TAMS 0x0000000783f00000, 0x0000000783f00000| Untracked 
|  64|0x0000000784000000, 0x0000000784000000, 0x0000000784100000|  0%| F|  |TAMS 0x0000000784000000, 0x0000000784000000| Untracked 
|  65|0x0000000784100000, 0x0000000784100000, 0x0000000784200000|  0%| F|  |TAMS 0x0000000784100000, 0x0000000784100000| Untracked 
|  66|0x0000000784200000, 0x0000000784200000, 0x0000000784300000|  0%| F|  |TAMS 0x0000000784200000, 0x0000000784200000| Untracked 
|  67|0x0000000784300000, 0x0000000784300000, 0x0000000784400000|  0%| F|  |TAMS 0x0000000784300000, 0x0000000784300000| Untracked 
|  68|0x0000000784400000, 0x0000000784400000, 0x0000000784500000|  0%| F|  |TAMS 0x0000000784400000, 0x0000000784400000| Untracked 
|  69|0x0000000784500000, 0x0000000784500000, 0x0000000784600000|  0%| F|  |TAMS 0x0000000784500000, 0x0000000784500000| Untracked 
|  70|0x0000000784600000, 0x0000000784600000, 0x0000000784700000|  0%| F|  |TAMS 0x0000000784600000, 0x0000000784600000| Untracked 
|  71|0x0000000784700000, 0x0000000784700000, 0x0000000784800000|  0%| F|  |TAMS 0x0000000784700000, 0x0000000784700000| Untracked 
|  72|0x0000000784800000, 0x0000000784800000, 0x0000000784900000|  0%| F|  |TAMS 0x0000000784800000, 0x0000000784800000| Untracked 
|  73|0x0000000784900000, 0x0000000784900000, 0x0000000784a00000|  0%| F|  |TAMS 0x0000000784900000, 0x0000000784900000| Untracked 
|  74|0x0000000784a00000, 0x0000000784a00000, 0x0000000784b00000|  0%| F|  |TAMS 0x0000000784a00000, 0x0000000784a00000| Untracked 
|  75|0x0000000784b00000, 0x0000000784b00000, 0x0000000784c00000|  0%| F|  |TAMS 0x0000000784b00000, 0x0000000784b00000| Untracked 
|  76|0x0000000784c00000, 0x0000000784c00000, 0x0000000784d00000|  0%| F|  |TAMS 0x0000000784c00000, 0x0000000784c00000| Untracked 
|  77|0x0000000784d00000, 0x0000000784d00000, 0x0000000784e00000|  0%| F|  |TAMS 0x0000000784d00000, 0x0000000784d00000| Untracked 
|  78|0x0000000784e00000, 0x0000000784e00000, 0x0000000784f00000|  0%| F|  |TAMS 0x0000000784e00000, 0x0000000784e00000| Untracked 
|  79|0x0000000784f00000, 0x0000000784f00000, 0x0000000785000000|  0%| F|  |TAMS 0x0000000784f00000, 0x0000000784f00000| Untracked 
|  80|0x0000000785000000, 0x0000000785000000, 0x0000000785100000|  0%| F|  |TAMS 0x0000000785000000, 0x0000000785000000| Untracked 
|  81|0x0000000785100000, 0x0000000785100000, 0x0000000785200000|  0%| F|  |TAMS 0x0000000785100000, 0x0000000785100000| Untracked 
|  82|0x0000000785200000, 0x0000000785200000, 0x0000000785300000|  0%| F|  |TAMS 0x0000000785200000, 0x0000000785200000| Untracked 
|  83|0x0000000785300000, 0x0000000785300000, 0x0000000785400000|  0%| F|  |TAMS 0x0000000785300000, 0x0000000785300000| Untracked 
|  84|0x0000000785400000, 0x0000000785400000, 0x0000000785500000|  0%| F|  |TAMS 0x0000000785400000, 0x0000000785400000| Untracked 
|  85|0x0000000785500000, 0x00000007855ee530, 0x0000000785600000| 93%| S|CS|TAMS 0x0000000785500000, 0x0000000785500000| Complete 
|  86|0x0000000785600000, 0x0000000785600000, 0x0000000785700000|  0%| F|  |TAMS 0x0000000785600000, 0x0000000785600000| Untracked 
|  87|0x0000000785700000, 0x0000000785800000, 0x0000000785800000|100%| S|CS|TAMS 0x0000000785700000, 0x0000000785700000| Complete 
|  88|0x0000000785800000, 0x0000000785900000, 0x0000000785900000|100%| S|CS|TAMS 0x0000000785800000, 0x0000000785800000| Complete 
|  89|0x0000000785900000, 0x0000000785a00000, 0x0000000785a00000|100%| S|CS|TAMS 0x0000000785900000, 0x0000000785900000| Complete 
|  90|0x0000000785a00000, 0x0000000785a00000, 0x0000000785b00000|  0%| F|  |TAMS 0x0000000785a00000, 0x0000000785a00000| Untracked 
|  91|0x0000000785b00000, 0x0000000785b00000, 0x0000000785c00000|  0%| F|  |TAMS 0x0000000785b00000, 0x0000000785b00000| Untracked 
|  92|0x0000000785c00000, 0x0000000785c00000, 0x0000000785d00000|  0%| F|  |TAMS 0x0000000785c00000, 0x0000000785c00000| Untracked 
|  93|0x0000000785d00000, 0x0000000785d00000, 0x0000000785e00000|  0%| F|  |TAMS 0x0000000785d00000, 0x0000000785d00000| Untracked 
|  94|0x0000000785e00000, 0x0000000785e00000, 0x0000000785f00000|  0%| F|  |TAMS 0x0000000785e00000, 0x0000000785e00000| Untracked 
|  95|0x0000000785f00000, 0x0000000785f00000, 0x0000000786000000|  0%| F|  |TAMS 0x0000000785f00000, 0x0000000785f00000| Untracked 
|  96|0x0000000786000000, 0x0000000786000000, 0x0000000786100000|  0%| F|  |TAMS 0x0000000786000000, 0x0000000786000000| Untracked 
|  97|0x0000000786100000, 0x0000000786100000, 0x0000000786200000|  0%| F|  |TAMS 0x0000000786100000, 0x0000000786100000| Untracked 
|  98|0x0000000786200000, 0x0000000786200000, 0x0000000786300000|  0%| F|  |TAMS 0x0000000786200000, 0x0000000786200000| Untracked 
|  99|0x0000000786300000, 0x0000000786300000, 0x0000000786400000|  0%| F|  |TAMS 0x0000000786300000, 0x0000000786300000| Untracked 
| 100|0x0000000786400000, 0x0000000786400000, 0x0000000786500000|  0%| F|  |TAMS 0x0000000786400000, 0x0000000786400000| Untracked 
| 101|0x0000000786500000, 0x0000000786500000, 0x0000000786600000|  0%| F|  |TAMS 0x0000000786500000, 0x0000000786500000| Untracked 
| 102|0x0000000786600000, 0x0000000786600000, 0x0000000786700000|  0%| F|  |TAMS 0x0000000786600000, 0x0000000786600000| Untracked 
| 103|0x0000000786700000, 0x0000000786700000, 0x0000000786800000|  0%| F|  |TAMS 0x0000000786700000, 0x0000000786700000| Untracked 
| 104|0x0000000786800000, 0x0000000786800000, 0x0000000786900000|  0%| F|  |TAMS 0x0000000786800000, 0x0000000786800000| Untracked 
| 105|0x0000000786900000, 0x0000000786900000, 0x0000000786a00000|  0%| F|  |TAMS 0x0000000786900000, 0x0000000786900000| Untracked 
| 106|0x0000000786a00000, 0x0000000786a00000, 0x0000000786b00000|  0%| F|  |TAMS 0x0000000786a00000, 0x0000000786a00000| Untracked 
| 107|0x0000000786b00000, 0x0000000786b00000, 0x0000000786c00000|  0%| F|  |TAMS 0x0000000786b00000, 0x0000000786b00000| Untracked 
| 108|0x0000000786c00000, 0x0000000786c00000, 0x0000000786d00000|  0%| F|  |TAMS 0x0000000786c00000, 0x0000000786c00000| Untracked 
| 109|0x0000000786d00000, 0x0000000786d00000, 0x0000000786e00000|  0%| F|  |TAMS 0x0000000786d00000, 0x0000000786d00000| Untracked 
| 110|0x0000000786e00000, 0x0000000786e00000, 0x0000000786f00000|  0%| F|  |TAMS 0x0000000786e00000, 0x0000000786e00000| Untracked 
| 111|0x0000000786f00000, 0x0000000786f00000, 0x0000000787000000|  0%| F|  |TAMS 0x0000000786f00000, 0x0000000786f00000| Untracked 
| 112|0x0000000787000000, 0x0000000787000000, 0x0000000787100000|  0%| F|  |TAMS 0x0000000787000000, 0x0000000787000000| Untracked 
| 113|0x0000000787100000, 0x0000000787100000, 0x0000000787200000|  0%| F|  |TAMS 0x0000000787100000, 0x0000000787100000| Untracked 
| 114|0x0000000787200000, 0x0000000787200000, 0x0000000787300000|  0%| F|  |TAMS 0x0000000787200000, 0x0000000787200000| Untracked 
| 115|0x0000000787300000, 0x0000000787300000, 0x0000000787400000|  0%| F|  |TAMS 0x0000000787300000, 0x0000000787300000| Untracked 
| 116|0x0000000787400000, 0x0000000787400000, 0x0000000787500000|  0%| F|  |TAMS 0x0000000787400000, 0x0000000787400000| Untracked 
| 117|0x0000000787500000, 0x0000000787500000, 0x0000000787600000|  0%| F|  |TAMS 0x0000000787500000, 0x0000000787500000| Untracked 
| 118|0x0000000787600000, 0x0000000787600000, 0x0000000787700000|  0%| F|  |TAMS 0x0000000787600000, 0x0000000787600000| Untracked 
| 119|0x0000000787700000, 0x0000000787700000, 0x0000000787800000|  0%| F|  |TAMS 0x0000000787700000, 0x0000000787700000| Untracked 
| 120|0x0000000787800000, 0x0000000787800000, 0x0000000787900000|  0%| F|  |TAMS 0x0000000787800000, 0x0000000787800000| Untracked 
| 121|0x0000000787900000, 0x0000000787900000, 0x0000000787a00000|  0%| F|  |TAMS 0x0000000787900000, 0x0000000787900000| Untracked 
| 122|0x0000000787a00000, 0x0000000787a00000, 0x0000000787b00000|  0%| F|  |TAMS 0x0000000787a00000, 0x0000000787a00000| Untracked 
| 123|0x0000000787b00000, 0x0000000787b00000, 0x0000000787c00000|  0%| F|  |TAMS 0x0000000787b00000, 0x0000000787b00000| Untracked 
| 124|0x0000000787c00000, 0x0000000787c00000, 0x0000000787d00000|  0%| F|  |TAMS 0x0000000787c00000, 0x0000000787c00000| Untracked 
| 125|0x0000000787d00000, 0x0000000787d00000, 0x0000000787e00000|  0%| F|  |TAMS 0x0000000787d00000, 0x0000000787d00000| Untracked 
| 126|0x0000000787e00000, 0x0000000787e00000, 0x0000000787f00000|  0%| F|  |TAMS 0x0000000787e00000, 0x0000000787e00000| Untracked 
| 127|0x0000000787f00000, 0x0000000787f00000, 0x0000000788000000|  0%| F|  |TAMS 0x0000000787f00000, 0x0000000787f00000| Untracked 
| 128|0x0000000788000000, 0x0000000788000000, 0x0000000788100000|  0%| F|  |TAMS 0x0000000788000000, 0x0000000788000000| Untracked 
| 129|0x0000000788100000, 0x0000000788100800, 0x0000000788200000|  0%| E|  |TAMS 0x0000000788100000, 0x0000000788100000| Complete 
| 130|0x0000000788200000, 0x0000000788300000, 0x0000000788300000|100%| E|CS|TAMS 0x0000000788200000, 0x0000000788200000| Complete 
| 131|0x0000000788300000, 0x0000000788400000, 0x0000000788400000|100%| E|CS|TAMS 0x0000000788300000, 0x0000000788300000| Complete 
| 132|0x0000000788400000, 0x0000000788500000, 0x0000000788500000|100%| E|CS|TAMS 0x0000000788400000, 0x0000000788400000| Complete 
| 133|0x0000000788500000, 0x0000000788600000, 0x0000000788600000|100%| E|CS|TAMS 0x0000000788500000, 0x0000000788500000| Complete 
| 134|0x0000000788600000, 0x0000000788700000, 0x0000000788700000|100%| E|CS|TAMS 0x0000000788600000, 0x0000000788600000| Complete 
| 135|0x0000000788700000, 0x0000000788800000, 0x0000000788800000|100%| E|CS|TAMS 0x0000000788700000, 0x0000000788700000| Complete 
| 136|0x0000000788800000, 0x0000000788900000, 0x0000000788900000|100%| E|CS|TAMS 0x0000000788800000, 0x0000000788800000| Complete 
| 137|0x0000000788900000, 0x0000000788a00000, 0x0000000788a00000|100%| E|CS|TAMS 0x0000000788900000, 0x0000000788900000| Complete 
| 138|0x0000000788a00000, 0x0000000788b00000, 0x0000000788b00000|100%| E|CS|TAMS 0x0000000788a00000, 0x0000000788a00000| Complete 
| 139|0x0000000788b00000, 0x0000000788c00000, 0x0000000788c00000|100%| E|CS|TAMS 0x0000000788b00000, 0x0000000788b00000| Complete 
| 140|0x0000000788c00000, 0x0000000788d00000, 0x0000000788d00000|100%| E|CS|TAMS 0x0000000788c00000, 0x0000000788c00000| Complete 
| 141|0x0000000788d00000, 0x0000000788e00000, 0x0000000788e00000|100%| E|CS|TAMS 0x0000000788d00000, 0x0000000788d00000| Complete 
| 142|0x0000000788e00000, 0x0000000788f00000, 0x0000000788f00000|100%| E|CS|TAMS 0x0000000788e00000, 0x0000000788e00000| Complete 
| 143|0x0000000788f00000, 0x0000000789000000, 0x0000000789000000|100%| E|CS|TAMS 0x0000000788f00000, 0x0000000788f00000| Complete 
| 144|0x0000000789000000, 0x0000000789100000, 0x0000000789100000|100%| E|CS|TAMS 0x0000000789000000, 0x0000000789000000| Complete 
| 145|0x0000000789100000, 0x0000000789200000, 0x0000000789200000|100%| E|CS|TAMS 0x0000000789100000, 0x0000000789100000| Complete 
| 146|0x0000000789200000, 0x0000000789300000, 0x0000000789300000|100%| E|CS|TAMS 0x0000000789200000, 0x0000000789200000| Complete 
| 147|0x0000000789300000, 0x0000000789400000, 0x0000000789400000|100%| E|CS|TAMS 0x0000000789300000, 0x0000000789300000| Complete 
| 148|0x0000000789400000, 0x0000000789500000, 0x0000000789500000|100%| E|CS|TAMS 0x0000000789400000, 0x0000000789400000| Complete 
| 149|0x0000000789500000, 0x0000000789600000, 0x0000000789600000|100%| E|CS|TAMS 0x0000000789500000, 0x0000000789500000| Complete 
| 150|0x0000000789600000, 0x0000000789700000, 0x0000000789700000|100%| E|CS|TAMS 0x0000000789600000, 0x0000000789600000| Complete 
| 151|0x0000000789700000, 0x0000000789800000, 0x0000000789800000|100%| E|CS|TAMS 0x0000000789700000, 0x0000000789700000| Complete 
| 152|0x0000000789800000, 0x0000000789900000, 0x0000000789900000|100%| E|CS|TAMS 0x0000000789800000, 0x0000000789800000| Complete 
| 153|0x0000000789900000, 0x0000000789a00000, 0x0000000789a00000|100%| E|CS|TAMS 0x0000000789900000, 0x0000000789900000| Complete 

Card table byte_map: [0x00000001121bc000,0x00000001125bc000] _byte_map_base: 0x000000010e5bc000

Marking Bits (Prev, Next): (CMBitMap*) 0x00007feb7102ca50, (CMBitMap*) 0x00007feb7102ca18
 Prev Bits: [0x000000012c8e5000, 0x000000012e8e5000)
 Next Bits: [0x00000001129bc000, 0x00000001149bc000)

Polling page: 0x000000010ed42000

Metaspace:

Usage:
  Non-class:     25.07 MB capacity,    24.46 MB ( 98%) used,   521.90 KB (  2%) free+waste,   106.19 KB ( <1%) overhead. 
      Class:      3.87 MB capacity,     3.46 MB ( 89%) used,   367.73 KB (  9%) free+waste,    52.31 KB (  1%) overhead. 
       Both:     28.94 MB capacity,    27.91 MB ( 96%) used,   889.62 KB (  3%) free+waste,   158.50 KB ( <1%) overhead. 

Virtual space:
  Non-class space:       26.00 MB reserved,      25.25 MB ( 97%) committed 
      Class space:        1.00 GB reserved,       3.88 MB ( <1%) committed 
             Both:        1.03 GB reserved,      29.12 MB (  3%) committed 

Chunk freelists:
   Non-Class:  0 bytes
       Class:  0 bytes
        Both:  0 bytes

CodeHeap 'non-profiled nmethods': size=120032Kb used=961Kb max_used=961Kb free=119070Kb
 bounds [0x00000001253ad000, 0x000000012561d000, 0x000000012c8e5000]
CodeHeap 'profiled nmethods': size=120032Kb used=5831Kb max_used=5831Kb free=114200Kb
 bounds [0x000000011de75000, 0x000000011e435000, 0x00000001253ad000]
CodeHeap 'non-nmethods': size=5696Kb used=1366Kb max_used=1398Kb free=4329Kb
 bounds [0x000000011d8e5000, 0x000000011db55000, 0x000000011de75000]
 total_blobs=3614 nmethods=2786 adapters=740
 compilation: enabled
              stopped_count=0, restarted_count=0
 full_count=0

Compilation events (10 events):
Event: 4.833 Thread 0x00007feb72036800 2845       3       jdk.internal.org.objectweb.asm.FieldWriter::getSize (262 bytes)
Event: 4.834 Thread 0x00007feb72036800 nmethod 2845 0x000000011e422f10 code [0x000000011e4231e0, 0x000000011e423e40]
Event: 4.834 Thread 0x00007feb72036800 2846       3       jdk.internal.org.objectweb.asm.FieldWriter::put (475 bytes)
Event: 4.835 Thread 0x00007feb72036800 nmethod 2846 0x000000011e424390 code [0x000000011e424780, 0x000000011e425810]
Event: 4.848 Thread 0x00007feb72036800 2851   !   3       java.lang.ThreadGroup::remove (94 bytes)
Event: 4.848 Thread 0x00007feb72036800 nmethod 2851 0x000000011e425e90 code [0x000000011e426080, 0x000000011e4267a0]
Event: 4.849 Thread 0x00007feb72036800 2852       3       java.nio.ByteBuffer::flip (7 bytes)
Event: 4.849 Thread 0x00007feb72036800 nmethod 2852 0x000000011e426a90 code [0x000000011e426c40, 0x000000011e426db0]
Event: 4.849 Thread 0x00007feb72036800 2853       1       java.util.concurrent.atomic.AtomicInteger::get (5 bytes)
Event: 4.850 Thread 0x00007feb72036800 nmethod 2853 0x000000012549d490 code [0x000000012549d620, 0x000000012549d6d0]

GC Heap History (10 events):
Event: 0.599 GC heap before
{Heap before GC invocations=0 (full 0):
 garbage-first heap   total 131072K, used 14336K [0x0000000780000000, 0x0000000800000000)
  region size 1024K, 14 young (14336K), 0 survivors (0K)
 Metaspace       used 9112K, capacity 9450K, committed 9856K, reserved 1058816K
  class space    used 910K, capacity 1026K, committed 1152K, reserved 1048576K
}
Event: 0.603 GC heap after
{Heap after GC invocations=1 (full 0):
 garbage-first heap   total 131072K, used 2525K [0x0000000780000000, 0x0000000800000000)
  region size 1024K, 2 young (2048K), 2 survivors (2048K)
 Metaspace       used 9112K, capacity 9450K, committed 9856K, reserved 1058816K
  class space    used 910K, capacity 1026K, committed 1152K, reserved 1048576K
}
Event: 2.869 GC heap before
{Heap before GC invocations=1 (full 0):
 garbage-first heap   total 131072K, used 36317K [0x0000000780000000, 0x0000000800000000)
  region size 1024K, 30 young (30720K), 2 survivors (2048K)
 Metaspace       used 20494K, capacity 21104K, committed 21248K, reserved 1069056K
  class space    used 2293K, capacity 2530K, committed 2560K, reserved 1048576K
}
Event: 2.880 GC heap after
{Heap after GC invocations=2 (full 0):
 garbage-first heap   total 131072K, used 14302K [0x0000000780000000, 0x0000000800000000)
  region size 1024K, 7 young (7168K), 7 survivors (7168K)
 Metaspace       used 20494K, capacity 21104K, committed 21248K, reserved 1069056K
  class space    used 2293K, capacity 2530K, committed 2560K, reserved 1048576K
}
Event: 3.686 GC heap before
{Heap before GC invocations=3 (full 0):
 garbage-first heap   total 131072K, used 73694K [0x0000000780000000, 0x0000000800000000)
  region size 1024K, 36 young (36864K), 7 survivors (7168K)
 Metaspace       used 27314K, capacity 28163K, committed 28412K, reserved 1073152K
  class space    used 3390K, capacity 3761K, committed 3840K, reserved 1048576K
}
Event: 3.700 GC heap after
{Heap after GC invocations=4 (full 0):
 garbage-first heap   total 131072K, used 50897K [0x0000000780000000, 0x0000000800000000)
  region size 1024K, 5 young (5120K), 5 survivors (5120K)
 Metaspace       used 27314K, capacity 28163K, committed 28412K, reserved 1073152K
  class space    used 3390K, capacity 3761K, committed 3840K, reserved 1048576K
}
Event: 4.005 GC heap before
{Heap before GC invocations=4 (full 0):
 garbage-first heap   total 131072K, used 84689K [0x0000000780000000, 0x0000000800000000)
  region size 1024K, 38 young (38912K), 5 survivors (5120K)
 Metaspace       used 28357K, capacity 29367K, committed 29564K, reserved 1075200K
  class space    used 3522K, capacity 3937K, committed 3968K, reserved 1048576K
}
Event: 4.013 GC heap after
{Heap after GC invocations=5 (full 0):
 garbage-first heap   total 131072K, used 54815K [0x0000000780000000, 0x0000000800000000)
  region size 1024K, 4 young (4096K), 4 survivors (4096K)
 Metaspace       used 28357K, capacity 29367K, committed 29564K, reserved 1075200K
  class space    used 3522K, capacity 3937K, committed 3968K, reserved 1048576K
}
Event: 4.302 GC heap before
{Heap before GC invocations=5 (full 0):
 garbage-first heap   total 131072K, used 90655K [0x0000000780000000, 0x0000000800000000)
  region size 1024K, 39 young (39936K), 4 survivors (4096K)
 Metaspace       used 28437K, capacity 29434K, committed 29564K, reserved 1075200K
  class space    used 3524K, capacity 3938K, committed 3968K, reserved 1048576K
}
Event: 4.314 GC heap after
{Heap after GC invocations=6 (full 0):
 garbage-first heap   total 157696K, used 58678K [0x0000000780000000, 0x0000000800000000)
  region size 1024K, 4 young (4096K), 4 survivors (4096K)
 Metaspace       used 28437K, capacity 29434K, committed 29564K, reserved 1075200K
  class space    used 3524K, capacity 3938K, committed 3968K, reserved 1048576K
}

Deoptimization events (10 events):
Event: 3.331 Thread 0x00007feb701da800 Uncommon trap: reason=class_check action=maybe_recompile pc=0x000000012543cfa4 method=java.lang.String.equals(Ljava/lang/Object;)Z @ 8 c2
Event: 3.331 Thread 0x00007feb701da800 Uncommon trap: reason=class_check action=maybe_recompile pc=0x000000012543cfa4 method=java.lang.String.equals(Ljava/lang/Object;)Z @ 8 c2
Event: 3.332 Thread 0x00007feb701da800 Uncommon trap: reason=class_check action=maybe_recompile pc=0x000000012543cfa4 method=java.lang.String.equals(Ljava/lang/Object;)Z @ 8 c2
Event: 3.436 Thread 0x00007feb701da800 Uncommon trap: reason=unstable_if action=reinterpret pc=0x00000001253ffb20 method=java.lang.StringLatin1.canEncode(I)Z @ 4 c2
Event: 3.436 Thread 0x00007feb701da800 Uncommon trap: reason=unstable_if action=reinterpret pc=0x00000001253fe888 method=java.lang.AbstractStringBuilder.isLatin1()Z @ 10 c2
Event: 3.436 Thread 0x00007feb701da800 Uncommon trap: reason=unstable_if action=reinterpret pc=0x00000001253deef8 method=java.lang.AbstractStringBuilder.isLatin1()Z @ 10 c2
Event: 3.492 Thread 0x00007feb70998800 Uncommon trap: reason=unstable_if action=reinterpret pc=0x0000000125423ab0 method=java.lang.invoke.InvokerBytecodeGenerator.loadInsnOpcode(Ljava/lang/invoke/LambdaForm$BasicType;)I @ 8 c2
Event: 3.788 Thread 0x00007feb71533000 Uncommon trap: reason=unstable_if action=reinterpret pc=0x00000001253bba94 method=java.lang.StringCoding.hasNegatives([BII)Z @ 12 c2
Event: 3.788 Thread 0x00007feb71533000 Uncommon trap: reason=unstable_if action=reinterpret pc=0x000000012544938c method=java.lang.String.equals(Ljava/lang/Object;)Z @ 27 c2
Event: 4.462 Thread 0x00007feb70998800 Uncommon trap: reason=unstable_if action=reinterpret pc=0x0000000125472a2c method=com.sun.marlin.Renderer._endRendering(IILcom/sun/marlin/MarlinAlphaConsumer;)V @ 1940 c2

Classes redefined (0 events):
No events

Internal exceptions (10 events):
Event: 3.621 Thread 0x00007feb71533000 Exception <a 'java/io/FileNotFoundException'{0x0000000786489090}> (0x0000000786489090) thrown at [./open/src/hotspot/share/prims/jni.cpp, line 611]
Event: 3.629 Thread 0x00007feb71533000 Exception <a 'java/io/FileNotFoundException'{0x0000000786495db0}> (0x0000000786495db0) thrown at [./open/src/hotspot/share/prims/jni.cpp, line 611]
Event: 3.640 Thread 0x00007feb71533000 Exception <a 'java/io/FileNotFoundException'{0x00000007864a29c0}> (0x00000007864a29c0) thrown at [./open/src/hotspot/share/prims/jni.cpp, line 611]
Event: 3.642 Thread 0x00007feb71533000 Exception <a 'java/io/FileNotFoundException'{0x00000007864f3db8}> (0x00000007864f3db8) thrown at [./open/src/hotspot/share/prims/jni.cpp, line 611]
Event: 3.660 Thread 0x00007feb71533000 Exception <a 'java/lang/NoSuchMethodError'{0x000000078633ca98}: java.lang.invoke.DirectMethodHandle$Holder.invokeStatic(Ljava/lang/Object;Ljava/lang/Object;Ljava/lang/Object;Ljava/lang/Object;Ljava/lang/Object;Ljava/lang/Object;Ljava/lang/Object;Ljava/lan
Event: 3.661 Thread 0x00007feb71533000 Exception <a 'java/lang/NoSuchMethodError'{0x0000000786348ec8}: java.lang.invoke.DirectMethodHandle$Holder.invokeStatic(Ljava/lang/Object;Ljava/lang/Object;Ljava/lang/Object;Ljava/lang/Object;Ljava/lang/Object;Ljava/lang/Object;Ljava/lang/Object;Ljava/lan
Event: 3.661 Thread 0x00007feb71533000 Exception <a 'java/lang/NoSuchMethodError'{0x00000007863554a0}: java.lang.invoke.DirectMethodHandle$Holder.invokeStatic(Ljava/lang/Object;Ljava/lang/Object;Ljava/lang/Object;Ljava/lang/Object;Ljava/lang/Object;Ljava/lang/Object;Ljava/lang/Object;Ljava/lan
Event: 3.670 Thread 0x00007feb71533000 Exception <a 'java/io/FileNotFoundException'{0x000000078639c148}> (0x000000078639c148) thrown at [./open/src/hotspot/share/prims/jni.cpp, line 611]
Event: 3.816 Thread 0x00007feb71533000 Exception <a 'java/io/FileNotFoundException'{0x0000000787a0a4e8}> (0x0000000787a0a4e8) thrown at [./open/src/hotspot/share/prims/jni.cpp, line 611]
Event: 3.818 Thread 0x00007feb71533000 Exception <a 'java/io/FileNotFoundException'{0x0000000787a219f0}> (0x0000000787a219f0) thrown at [./open/src/hotspot/share/prims/jni.cpp, line 611]

Events (10 events):
Event: 4.843 loading class main/Models/DBModels/WriteToDBModel done
Event: 4.845 loading class main/Models/DBModels/WriteToDBModel$1
Event: 4.845 loading class main/Models/DBModels/WriteToDBModel$1 done
Event: 4.846 loading class main/Models/DBModels/WriteToDBModel$2
Event: 4.846 loading class main/Models/DBModels/WriteToDBModel$2 done
Event: 4.847 Thread 0x00007feb70229800 Thread added: 0x00007feb70229800
Event: 4.847 Thread 0x00007feb704da800 Thread added: 0x00007feb704da800
Event: 4.847 Thread 0x00007feb70229800 Thread exited: 0x00007feb70229800
Event: 4.852 loading class com/sun/javafx/tk/quantum/QuantumRenderer
Event: 4.852 loading class com/sun/javafx/tk/quantum/QuantumRenderer done


Dynamic libraries:
0x00007fff34e76000 	/System/Library/Frameworks/Cocoa.framework/Versions/A/Cocoa
0x00007fff221c0000 	/System/Library/Frameworks/Security.framework/Versions/A/Security
0x00007fff3307e000 	/System/Library/Frameworks/ApplicationServices.framework/Versions/A/ApplicationServices
0x00007fff2a442000 	/usr/lib/libz.1.dylib
0x000000010ecd3000 	/Library/Java/JavaVirtualMachines/jdk-11.0.12.jdk/Contents/Home/lib/jli/libjli.dylib
0x00007fff2a50a000 	/usr/lib/libSystem.B.dylib
0x00007fff22bf1000 	/System/Library/Frameworks/AppKit.framework/Versions/C/AppKit
0x00007fff25ab5000 	/System/Library/Frameworks/CoreData.framework/Versions/A/CoreData
0x00007fff21158000 	/System/Library/Frameworks/Foundation.framework/Versions/C/Foundation
0x00007fff2393d000 	/System/Library/PrivateFrameworks/UIFoundation.framework/Versions/A/UIFoundation
0x00007fff2fb38000 	/System/Library/PrivateFrameworks/RemoteViewServices.framework/Versions/A/RemoteViewServices
0x00007fff2894e000 	/System/Library/PrivateFrameworks/XCTTargetBootstrap.framework/Versions/A/XCTTargetBootstrap
0x00007fff2b634000 	/usr/lib/libspindump.dylib
0x00007fff23b8c000 	/System/Library/Frameworks/UniformTypeIdentifiers.framework/Versions/A/UniformTypeIdentifiers
0x00007fff27152000 	/usr/lib/libapp_launch_measurement.dylib
0x00007fff27155000 	/System/Library/PrivateFrameworks/CoreAutoLayout.framework/Versions/A/CoreAutoLayout
0x00007fff282b5000 	/System/Library/Frameworks/Metal.framework/Versions/A/Metal
0x00007fff28fab000 	/usr/lib/liblangid.dylib
0x00007fff28952000 	/System/Library/PrivateFrameworks/CoreSVG.framework/Versions/A/CoreSVG
0x00007fff24bcc000 	/System/Library/PrivateFrameworks/SkyLight.framework/Versions/A/SkyLight
0x00007fff24f32000 	/System/Library/Frameworks/CoreGraphics.framework/Versions/A/CoreGraphics
0x00007fff3005f000 	/System/Library/Frameworks/Accelerate.framework/Versions/A/Accelerate
0x00007fff2b072000 	/System/Library/PrivateFrameworks/IconServices.framework/Versions/A/IconServices
0x00007fff28299000 	/System/Library/Frameworks/IOSurface.framework/Versions/A/IOSurface
0x00007fff2643d000 	/usr/lib/libDiagnosticMessagesClient.dylib
0x00007fff2893a000 	/System/Library/PrivateFrameworks/DFRFoundation.framework/Versions/A/DFRFoundation
0x00007fff22518000 	/usr/lib/libicucore.A.dylib
0x00007fff2cb77000 	/System/Library/Frameworks/AudioToolbox.framework/Versions/A/AudioToolbox
0x00007fff2bdff000 	/System/Library/PrivateFrameworks/DataDetectorsCore.framework/Versions/A/DataDetectorsCore
0x00007fff24b3f000 	/usr/lib/libMobileGestalt.dylib
0x00007fff2863e000 	/System/Library/Frameworks/Carbon.framework/Versions/A/Frameworks/HIToolbox.framework/Versions/A/HIToolbox
0x00007fff26b97000 	/System/Library/Frameworks/QuartzCore.framework/Versions/A/QuartzCore
0x00007fff2fb70000 	/System/Library/Frameworks/Carbon.framework/Versions/A/Frameworks/SpeechRecognition.framework/Versions/A/SpeechRecognition
0x00007fff26eb7000 	/System/Library/PrivateFrameworks/CoreUI.framework/Versions/A/CoreUI
0x00007fff21b2e000 	/System/Library/Frameworks/CoreAudio.framework/Versions/A/CoreAudio
0x00007fff26528000 	/System/Library/Frameworks/DiskArbitration.framework/Versions/A/DiskArbitration
0x00007fff2ba02000 	/System/Library/PrivateFrameworks/MultitouchSupport.framework/Versions/A/MultitouchSupport
0x00007fff2bdf6000 	/System/Library/PrivateFrameworks/InternationalSupport.framework/Versions/A/InternationalSupport
0x00007fff24b3e000 	/usr/lib/libenergytrace.dylib
0x00007fff22ae8000 	/System/Library/Frameworks/IOKit.framework/Versions/A/IOKit
0x00007fff2fea3000 	/System/Library/Frameworks/CoreServices.framework/Versions/A/CoreServices
0x00007fff270e4000 	/System/Library/PrivateFrameworks/PerformanceAnalysis.framework/Versions/A/PerformanceAnalysis
0x00007fff6ba10000 	/System/Library/Frameworks/OpenGL.framework/Versions/A/OpenGL
0x00007fff2be7a000 	/System/Library/PrivateFrameworks/UserActivity.framework/Versions/A/UserActivity
0x00007fff201c9000 	/usr/lib/libobjc.A.dylib
0x00007fff255bc000 	/System/Library/Frameworks/ColorSync.framework/Versions/A/ColorSync
0x00007fff203a9000 	/System/Library/Frameworks/CoreFoundation.framework/Versions/A/CoreFoundation
0x00007fff28bb9000 	/System/Library/Frameworks/CoreImage.framework/Versions/A/CoreImage
0x00007fff21948000 	/System/Library/Frameworks/CoreText.framework/Versions/A/CoreText
0x00007fff2897c000 	/System/Library/Frameworks/ImageIO.framework/Versions/A/ImageIO
0x00007fff2a510000 	/System/Library/PrivateFrameworks/SoftLinking.framework/Versions/A/SoftLinking
0x00007fff2719d000 	/usr/lib/libxml2.2.dylib
0x00007fff2028f000 	/usr/lib/libc++.1.dylib
0x00007fff2a781000 	/usr/lib/libcompression.dylib
0x00007fff2bd28000 	/System/Library/PrivateFrameworks/TextureIO.framework/Versions/A/TextureIO
0x00007fff2adb0000 	/usr/lib/libate.dylib
0x00007fff2a504000 	/usr/lib/system/libcache.dylib
0x00007fff2a4c0000 	/usr/lib/system/libcommonCrypto.dylib
0x00007fff2a4ea000 	/usr/lib/system/libcompiler_rt.dylib
0x00007fff2a4df000 	/usr/lib/system/libcopyfile.dylib
0x00007fff200b9000 	/usr/lib/system/libcorecrypto.dylib
0x00007fff20184000 	/usr/lib/system/libdispatch.dylib
0x00007fff20337000 	/usr/lib/system/libdyld.dylib
0x00007fff2a4fb000 	/usr/lib/system/libkeymgr.dylib
0x00007fff2d90e000 	/usr/lib/system/liblaunch.dylib
0x00007fff2a49e000 	/usr/lib/system/libmacho.dylib
0x00007fff29c96000 	/usr/lib/system/libquarantine.dylib
0x00007fff2a4f8000 	/usr/lib/system/libremovefile.dylib
0x00007fff24b9c000 	/usr/lib/system/libsystem_asl.dylib
0x00007fff20069000 	/usr/lib/system/libsystem_blocks.dylib
0x00007fff20206000 	/usr/lib/system/libsystem_c.dylib
0x00007fff2a4f2000 	/usr/lib/system/libsystem_collections.dylib
0x00007fff28f9c000 	/usr/lib/system/libsystem_configuration.dylib
0x00007fff28288000 	/usr/lib/system/libsystem_containermanager.dylib
0x00007fff2a241000 	/usr/lib/system/libsystem_coreservices.dylib
0x00007fff22778000 	/usr/lib/system/libsystem_darwin.dylib
0x00007fff2a4fc000 	/usr/lib/system/libsystem_dnssd.dylib
0x00007fff20203000 	/usr/lib/system/libsystem_featureflags.dylib
0x00007fff2037d000 	/usr/lib/system/libsystem_info.dylib
0x00007fff2a455000 	/usr/lib/system/libsystem_m.dylib
0x00007fff20157000 	/usr/lib/system/libsystem_malloc.dylib
0x00007fff24b2f000 	/usr/lib/system/libsystem_networkextension.dylib
0x00007fff22b97000 	/usr/lib/system/libsystem_notify.dylib
0x00007fff2fda5000 	/usr/lib/system/libsystem_product_info_filter.dylib
0x00007fff28fa0000 	/usr/lib/system/libsystem_sandbox.dylib
0x00007fff2a4f5000 	/usr/lib/system/libsystem_secinit.dylib
0x00007fff202fb000 	/usr/lib/system/libsystem_kernel.dylib
0x00007fff20373000 	/usr/lib/system/libsystem_platform.dylib
0x00007fff2032b000 	/usr/lib/system/libsystem_pthread.dylib
0x00007fff26279000 	/usr/lib/system/libsystem_symptoms.dylib
0x00007fff200a1000 	/usr/lib/system/libsystem_trace.dylib
0x00007fff2a4cc000 	/usr/lib/system/libunwind.dylib
0x00007fff2006b000 	/usr/lib/system/libxpc.dylib
0x00007fff202e5000 	/usr/lib/libc++abi.dylib
0x00007fff2a4d7000 	/usr/lib/liboah.dylib
0x00007fff2ab95000 	/usr/lib/liblzma.5.dylib
0x00007fff20e6c000 	/System/Library/Frameworks/SystemConfiguration.framework/Versions/A/SystemConfiguration
0x00007fff2a50c000 	/usr/lib/libfakelink.dylib
0x00007fff24690000 	/System/Library/Frameworks/CFNetwork.framework/Versions/A/CFNetwork
0x00007fff2a64c000 	/usr/lib/libarchive.2.dylib
0x00007fff20eea000 	/usr/lib/libCRFSuite.dylib
0x00007fff29cbd000 	/usr/lib/libbsm.0.dylib
0x00007fff24009000 	/usr/lib/libnetwork.dylib
0x00007fff2a511000 	/usr/lib/libpcap.A.dylib
0x00007fff26272000 	/usr/lib/libdns_services.dylib
0x00007fff2abae000 	/usr/lib/libcoretls_cfhelpers.dylib
0x00007fff2a74b000 	/usr/lib/libapple_nghttp2.dylib
0x00007fff2a4a4000 	/usr/lib/system/libkxld.dylib
0x00007fff25eeb000 	/usr/lib/libsqlite3.dylib
0x00007fff2a224000 	/System/Library/PrivateFrameworks/AppleFSCompression.framework/Versions/A/AppleFSCompression
0x00007fff29ca5000 	/usr/lib/libcoretls.dylib
0x00007fff2a77c000 	/usr/lib/libpam.2.dylib
0x00007fff2acac000 	/usr/lib/libxar.1.dylib
0x00007fff28fa7000 	/System/Library/PrivateFrameworks/AppleSystemInfo.framework/Versions/A/AppleSystemInfo
0x00007fff298e7000 	/System/Library/PrivateFrameworks/IOMobileFramebuffer.framework/Versions/A/IOMobileFramebuffer
0x00007fff2a234000 	/usr/lib/libbz2.1.0.dylib
0x00007fff2a549000 	/usr/lib/libiconv.2.dylib
0x00007fff2a49d000 	/usr/lib/libcharset.1.dylib
0x00007fff27120000 	/System/Library/Frameworks/CoreServices.framework/Versions/A/Frameworks/FSEvents.framework/Versions/A/FSEvents
0x00007fff22782000 	/System/Library/Frameworks/CoreServices.framework/Versions/A/Frameworks/CarbonCore.framework/Versions/A/CarbonCore
0x00007fff2648d000 	/System/Library/Frameworks/CoreServices.framework/Versions/A/Frameworks/Metadata.framework/Versions/A/Metadata
0x00007fff2a246000 	/System/Library/Frameworks/CoreServices.framework/Versions/A/Frameworks/OSServices.framework/Versions/A/OSServices
0x00007fff2a6be000 	/System/Library/Frameworks/CoreServices.framework/Versions/A/Frameworks/SearchKit.framework/Versions/A/SearchKit
0x00007fff261fd000 	/System/Library/Frameworks/CoreServices.framework/Versions/A/Frameworks/AE.framework/Versions/A/AE
0x00007fff20847000 	/System/Library/Frameworks/CoreServices.framework/Versions/A/Frameworks/LaunchServices.framework/Versions/A/LaunchServices
0x00007fff2ab45000 	/System/Library/Frameworks/CoreServices.framework/Versions/A/Frameworks/DictionaryServices.framework/Versions/A/DictionaryServices
0x00007fff2712d000 	/System/Library/Frameworks/CoreServices.framework/Versions/A/Frameworks/SharedFileList.framework/Versions/A/SharedFileList
0x00007fff29c99000 	/usr/lib/libCheckFix.dylib
0x00007fff24bb3000 	/System/Library/PrivateFrameworks/TCC.framework/Versions/A/TCC
0x00007fff28fad000 	/System/Library/PrivateFrameworks/CoreNLP.framework/Versions/A/CoreNLP
0x00007fff26440000 	/System/Library/PrivateFrameworks/MetadataUtilities.framework/Versions/A/MetadataUtilities
0x00007fff20f1f000 	/usr/lib/libmecabra.dylib
0x00007fff29fa3000 	/System/Library/Frameworks/MLCompute.framework/Versions/A/MLCompute
0x00007fff29cce000 	/usr/lib/libmecab.dylib
0x00007fff29d18000 	/usr/lib/libgermantok.dylib
0x00007fff2a726000 	/usr/lib/libThaiTokenizer.dylib
0x00007fff2ace7000 	/usr/lib/libChineseTokenizer.dylib
0x00007fff2a77a000 	/System/Library/Frameworks/MetalPerformanceShaders.framework/Versions/A/MetalPerformanceShaders
0x00007fff2652f000 	/System/Library/Frameworks/Accelerate.framework/Versions/A/Frameworks/vImage.framework/Versions/A/vImage
0x00007fff2fe7d000 	/System/Library/Frameworks/Accelerate.framework/Versions/A/Frameworks/vecLib.framework/Versions/A/vecLib
0x00007fff2acf2000 	/System/Library/Frameworks/Accelerate.framework/Versions/A/Frameworks/vecLib.framework/Versions/A/libvMisc.dylib
0x00007fff29702000 	/System/Library/Frameworks/Accelerate.framework/Versions/A/Frameworks/vecLib.framework/Versions/A/libvDSP.dylib
0x00007fff20b52000 	/System/Library/Frameworks/Accelerate.framework/Versions/A/Frameworks/vecLib.framework/Versions/A/libBLAS.dylib
0x00007fff2a7a7000 	/System/Library/Frameworks/Accelerate.framework/Versions/A/Frameworks/vecLib.framework/Versions/A/libLAPACK.dylib
0x00007fff29d1e000 	/System/Library/Frameworks/Accelerate.framework/Versions/A/Frameworks/vecLib.framework/Versions/A/libLinearAlgebra.dylib
0x00007fff2a763000 	/System/Library/Frameworks/Accelerate.framework/Versions/A/Frameworks/vecLib.framework/Versions/A/libSparseBLAS.dylib
0x00007fff2a7a1000 	/System/Library/Frameworks/Accelerate.framework/Versions/A/Frameworks/vecLib.framework/Versions/A/libQuadrature.dylib
0x00007fff29059000 	/System/Library/Frameworks/Accelerate.framework/Versions/A/Frameworks/vecLib.framework/Versions/A/libBNNS.dylib
0x00007fff20dfd000 	/System/Library/Frameworks/Accelerate.framework/Versions/A/Frameworks/vecLib.framework/Versions/A/libSparse.dylib
0x00007fff28f35000 	/System/Library/Frameworks/MetalPerformanceShaders.framework/Versions/A/Frameworks/MPSCore.framework/Versions/A/MPSCore
0x00007fff2a193000 	/System/Library/Frameworks/MetalPerformanceShaders.framework/Versions/A/Frameworks/MPSImage.framework/Versions/A/MPSImage
0x00007fff29d34000 	/System/Library/Frameworks/MetalPerformanceShaders.framework/Versions/A/Frameworks/MPSNeuralNetwork.framework/Versions/A/MPSNeuralNetwork
0x00007fff2a105000 	/System/Library/Frameworks/MetalPerformanceShaders.framework/Versions/A/Frameworks/MPSMatrix.framework/Versions/A/MPSMatrix
0x00007fff29f53000 	/System/Library/Frameworks/MetalPerformanceShaders.framework/Versions/A/Frameworks/MPSRayIntersector.framework/Versions/A/MPSRayIntersector
0x00007fff2a13c000 	/System/Library/Frameworks/MetalPerformanceShaders.framework/Versions/A/Frameworks/MPSNDArray.framework/Versions/A/MPSNDArray
0x00007fff20a7d000 	/System/Library/PrivateFrameworks/MetalTools.framework/Versions/A/MetalTools
0x00007fff28fa5000 	/System/Library/PrivateFrameworks/AggregateDictionary.framework/Versions/A/AggregateDictionary
0x00007fff2640d000 	/System/Library/PrivateFrameworks/CoreAnalytics.framework/Versions/A/CoreAnalytics
0x00007fff2a728000 	/System/Library/PrivateFrameworks/AppleSauce.framework/Versions/A/AppleSauce
0x00007fff282ab000 	/System/Library/PrivateFrameworks/IOAccelerator.framework/Versions/A/IOAccelerator
0x00007fff6ba04000 	/System/Library/Frameworks/OpenGL.framework/Versions/A/Libraries/libCoreFSCache.dylib
0x00007fff214b7000 	/System/Library/PrivateFrameworks/LanguageModeling.framework/Versions/A/LanguageModeling
0x00007fff298d5000 	/System/Library/PrivateFrameworks/CoreEmoji.framework/Versions/A/CoreEmoji
0x00007fff29052000 	/System/Library/PrivateFrameworks/LinguisticData.framework/Versions/A/LinguisticData
0x00007fff20daf000 	/System/Library/PrivateFrameworks/Lexicon.framework/Versions/A/Lexicon
0x00007fff2a63a000 	/usr/lib/libcmph.dylib
0x00007fff27100000 	/System/Library/Frameworks/OpenDirectory.framework/Versions/A/Frameworks/CFOpenDirectory.framework/Versions/A/CFOpenDirectory
0x00007fff270f0000 	/System/Library/Frameworks/OpenDirectory.framework/Versions/A/OpenDirectory
0x00007fff2abb0000 	/System/Library/PrivateFrameworks/APFS.framework/Versions/A/APFS
0x00007fff29bfb000 	/System/Library/Frameworks/SecurityFoundation.framework/Versions/A/SecurityFoundation
0x00007fff2acba000 	/usr/lib/libutil.dylib
0x00007fff22aad000 	/System/Library/PrivateFrameworks/CoreServicesStore.framework/Versions/A/CoreServicesStore
0x00007fff29c91000 	/System/Library/Frameworks/ServiceManagement.framework/Versions/A/ServiceManagement
0x00007fff2acbe000 	/usr/lib/libxslt.1.dylib
0x00007fff29c87000 	/System/Library/PrivateFrameworks/BackgroundTaskManagement.framework/Versions/A/BackgroundTaskManagement
0x00007fff2bc72000 	/System/Library/Frameworks/ImageIO.framework/Versions/A/Resources/libRadiance.dylib
0x00007fff2bc7c000 	/System/Library/Frameworks/ImageIO.framework/Versions/A/Resources/libJPEG.dylib
0x00007fff2bbcc000 	/System/Library/Frameworks/ImageIO.framework/Versions/A/Resources/libPng.dylib
0x00007fff2bbed000 	/System/Library/Frameworks/ImageIO.framework/Versions/A/Resources/libTIFF.dylib
0x00007fff2bcd1000 	/System/Library/Frameworks/ImageIO.framework/Versions/A/Resources/libGIF.dylib
0x00007fff2b91e000 	/System/Library/Frameworks/ImageIO.framework/Versions/A/Resources/libJP2.dylib
0x00007fff2b039000 	/usr/lib/libexpat.1.dylib
0x00007fff2b8d4000 	/System/Library/PrivateFrameworks/AppleJPEG.framework/Versions/A/AppleJPEG
0x00007fff284e1000 	/System/Library/PrivateFrameworks/FontServices.framework/libFontParser.dylib
0x00007fff261b4000 	/System/Library/PrivateFrameworks/RunningBoardServices.framework/Versions/A/RunningBoardServices
0x00007fff2b9fe000 	/System/Library/PrivateFrameworks/WatchdogClient.framework/Versions/A/WatchdogClient
0x00007fff215a0000 	/System/Library/Frameworks/CoreDisplay.framework/Versions/A/CoreDisplay
0x00007fff283f6000 	/System/Library/Frameworks/CoreMedia.framework/Versions/A/CoreMedia
0x00007fff27280000 	/System/Library/Frameworks/CoreVideo.framework/Versions/A/CoreVideo
0x00007fff2ba39000 	/System/Library/Frameworks/VideoToolbox.framework/Versions/A/VideoToolbox
0x00007fff26134000 	/System/Library/PrivateFrameworks/BaseBoard.framework/Versions/A/BaseBoard
0x00007fff2b17e000 	/System/Library/PrivateFrameworks/PersistentConnection.framework/Versions/A/PersistentConnection
0x00007fff25ed5000 	/System/Library/PrivateFrameworks/ProtocolBuffer.framework/Versions/A/ProtocolBuffer
0x00007fff2611c000 	/System/Library/PrivateFrameworks/CommonUtilities.framework/Versions/A/CommonUtilities
0x00007fff2b897000 	/System/Library/PrivateFrameworks/Bom.framework/Versions/A/Bom
0x00007fff2bc6a000 	/System/Library/PrivateFrameworks/GPUWrangler.framework/Versions/A/GPUWrangler
0x00007fff2bc4d000 	/System/Library/PrivateFrameworks/IOPresentment.framework/Versions/A/IOPresentment
0x00007fff2bc76000 	/System/Library/PrivateFrameworks/DSExternalDisplay.framework/Versions/A/DSExternalDisplay
0x00007fff2bcd6000 	/System/Library/PrivateFrameworks/CMCaptureCore.framework/Versions/A/CMCaptureCore
0x00007fff2b61a000 	/System/Library/PrivateFrameworks/AppServerSupport.framework/Versions/A/AppServerSupport
0x00007fff2d6b1000 	/System/Library/PrivateFrameworks/perfdata.framework/Versions/A/perfdata
0x00007fff29bea000 	/System/Library/PrivateFrameworks/AssertionServices.framework/Versions/A/AssertionServices
0x00007fff216d7000 	/System/Library/PrivateFrameworks/AudioToolboxCore.framework/Versions/A/AudioToolboxCore
0x00007fff283d9000 	/System/Library/PrivateFrameworks/caulk.framework/Versions/A/caulk
0x00007fff3cb5d000 	/System/Library/PrivateFrameworks/SystemPolicy.framework/Versions/A/SystemPolicy
0x00007fff2ae48000 	/usr/lib/libIOReport.dylib
0x00007fff2ceed000 	/usr/lib/libSMC.dylib
0x00007fff2bb98000 	/usr/lib/libAudioToolboxUtility.dylib
0x00007fff3d4ba000 	/usr/lib/libmis.dylib
0x00007fff6ba60000 	/System/Library/Frameworks/OpenGL.framework/Versions/A/Libraries/libGLU.dylib
0x00007fff6ba23000 	/System/Library/Frameworks/OpenGL.framework/Versions/A/Libraries/libGFXShared.dylib
0x00007fff6bc31000 	/System/Library/Frameworks/OpenGL.framework/Versions/A/Libraries/libGL.dylib
0x00007fff6ba2c000 	/System/Library/Frameworks/OpenGL.framework/Versions/A/Libraries/libGLImage.dylib
0x00007fff6ba20000 	/System/Library/Frameworks/OpenGL.framework/Versions/A/Libraries/libCVMSPluginSupport.dylib
0x00007fff6ba0b000 	/System/Library/Frameworks/OpenGL.framework/Versions/A/Libraries/libCoreVMClient.dylib
0x00007fff6d07b000 	/System/Library/Frameworks/OpenCL.framework/Versions/A/OpenCL
0x00007fff2b1a7000 	/System/Library/PrivateFrameworks/GraphVisualizer.framework/Versions/A/GraphVisualizer
0x00007fff2b1b6000 	/System/Library/PrivateFrameworks/FaceCore.framework/Versions/A/FaceCore
0x00007fff2b5d2000 	/System/Library/PrivateFrameworks/OTSVG.framework/Versions/A/OTSVG
0x00007fff26e75000 	/System/Library/Frameworks/ApplicationServices.framework/Versions/A/Frameworks/ATS.framework/Versions/A/Resources/libFontRegistry.dylib
0x00007fff2b621000 	/System/Library/PrivateFrameworks/FontServices.framework/libhvf.dylib
0x00007fff2afe5000 	/System/Library/PrivateFrameworks/AppleVA.framework/Versions/A/AppleVA
0x00007fff2cd35000 	/System/Library/Frameworks/ApplicationServices.framework/Versions/A/Frameworks/ATS.framework/Versions/A/ATS
0x00007fff2d048000 	/System/Library/Frameworks/ApplicationServices.framework/Versions/A/Frameworks/ColorSyncLegacy.framework/Versions/A/ColorSyncLegacy
0x00007fff256b3000 	/System/Library/Frameworks/ApplicationServices.framework/Versions/A/Frameworks/HIServices.framework/Versions/A/HIServices
0x00007fff2d02d000 	/System/Library/Frameworks/ApplicationServices.framework/Versions/A/Frameworks/LangAnalysis.framework/Versions/A/LangAnalysis
0x00007fff2bce0000 	/System/Library/Frameworks/ApplicationServices.framework/Versions/A/Frameworks/PrintCore.framework/Versions/A/PrintCore
0x00007fff2d050000 	/System/Library/Frameworks/ApplicationServices.framework/Versions/A/Frameworks/QD.framework/Versions/A/QD
0x00007fff2cd25000 	/System/Library/Frameworks/ApplicationServices.framework/Versions/A/Frameworks/SpeechSynthesis.framework/Versions/A/SpeechSynthesis
0x00007fff2bca1000 	/System/Library/Frameworks/ApplicationServices.framework/Versions/A/Frameworks/ATSUI.framework/Versions/A/ATSUI
0x00007fff2cfcd000 	/usr/lib/libcups.2.dylib
0x00007fff2d03d000 	/System/Library/PrivateFrameworks/NetAuth.framework/Versions/A/NetAuth
0x00007fff2d6cc000 	/System/Library/Frameworks/Kerberos.framework/Versions/A/Kerberos
0x00007fff2d6dc000 	/System/Library/Frameworks/GSS.framework/Versions/A/GSS
0x00007fff2cda2000 	/usr/lib/libresolv.9.dylib
0x00007fff2b637000 	/System/Library/PrivateFrameworks/Heimdal.framework/Versions/A/Heimdal
0x00007fff33393000 	/System/Library/Frameworks/Kerberos.framework/Versions/A/Libraries/libHeimdalProxy.dylib
0x00007fff26281000 	/System/Library/Frameworks/Network.framework/Versions/A/Network
0x00007fff2b053000 	/usr/lib/libheimdal-asn1.dylib
0x00007fff2d72d000 	/System/Library/PrivateFrameworks/CommonAuth.framework/Versions/A/CommonAuth
0x00007fff272ce000 	/System/Library/PrivateFrameworks/login.framework/Versions/A/Frameworks/loginsupport.framework/Versions/A/loginsupport
0x00007fff2ccac000 	/System/Library/PrivateFrameworks/AudioSession.framework/Versions/A/AudioSession
0x00007fff2cd12000 	/usr/lib/libAudioStatistics.dylib
0x00007fff2b0df000 	/System/Library/PrivateFrameworks/MediaExperience.framework/Versions/A/MediaExperience
0x00007fff2cb45000 	/System/Library/PrivateFrameworks/AudioSession.framework/libSessionUtility.dylib
0x00007fff2d6bd000 	/usr/lib/libperfcheck.dylib
0x00007fff2d05c000 	/System/Library/PrivateFrameworks/AudioResourceArbitration.framework/Versions/A/AudioResourceArbitration
0x00007fff2b05d000 	/System/Library/PrivateFrameworks/IconFoundation.framework/Versions/A/IconFoundation
0x00007fff2fb60000 	/System/Library/PrivateFrameworks/SpeechRecognitionCore.framework/Versions/A/SpeechRecognitionCore
0x0000000111000000 	/Library/Java/JavaVirtualMachines/jdk-11.0.12.jdk/Contents/Home/lib/server/libjvm.dylib
0x000000010ecf9000 	/Library/Java/JavaVirtualMachines/jdk-11.0.12.jdk/Contents/Home/lib/libverify.dylib
0x000000010ed09000 	/Library/Java/JavaVirtualMachines/jdk-11.0.12.jdk/Contents/Home/lib/libjava.dylib
0x000000010ed36000 	/Library/Java/JavaVirtualMachines/jdk-11.0.12.jdk/Contents/Home/lib/libjimage.dylib
0x000000010ed44000 	/Library/Java/JavaVirtualMachines/jdk-11.0.12.jdk/Contents/Home/lib/libinstrument.dylib
0x000000010ed9b000 	/Library/Java/JavaVirtualMachines/jdk-11.0.12.jdk/Contents/Home/lib/libzip.dylib
0x000000010efe0000 	/Library/Java/JavaVirtualMachines/jdk-11.0.12.jdk/Contents/Home/lib/libnio.dylib
0x00000001151bc000 	/Library/Java/JavaVirtualMachines/jdk-11.0.12.jdk/Contents/Home/lib/libnet.dylib
0x000000010eff2000 	/Library/Java/JavaVirtualMachines/jdk-11.0.12.jdk/Contents/Home/lib/libextnet.dylib
0x00000001151d6000 	/Users/seonghayi/Desktop/ScheduleArchiveUltimate_demo/lib/javafx-sdk-17.0.0.1/lib/libprism_es2.dylib
0x00007fff22a6e000 	/System/Library/PrivateFrameworks/CoreServicesInternal.framework/Versions/A/CoreServicesInternal
0x00007fff6bc3c000 	/System/Library/Frameworks/OpenGL.framework/Versions/A/Resources/GLEngine.bundle/GLEngine
0x00007fff6ba9d000 	/System/Library/Frameworks/OpenGL.framework/Versions/A/Libraries/libGLProgrammability.dylib
0x00007fff5ee20000 	/System/Library/Extensions/AppleIntelKBLGraphicsGLDriver.bundle/Contents/MacOS/AppleIntelKBLGraphicsGLDriver
0x00007fff46274000 	/System/Library/PrivateFrameworks/GPUSupport.framework/Versions/A/Libraries/libGPUSupportMercury.dylib
0x00007fff6bdba000 	/System/Library/Frameworks/OpenGL.framework/Versions/A/Resources/GLRendererFloat.bundle/GLRendererFloat
0x0000000132cfe000 	/Users/seonghayi/Desktop/ScheduleArchiveUltimate_demo/lib/javafx-sdk-17.0.0.1/lib/libglass.dylib
0x00007fff30ee7000 	/System/Library/Frameworks/FileProvider.framework/Versions/A/FileProvider
0x00007fff2609f000 	/System/Library/Frameworks/Accounts.framework/Versions/A/Accounts
0x00007fff31037000 	/System/Library/PrivateFrameworks/GenerationalStorage.framework/Versions/A/GenerationalStorage
0x00007fff319d1000 	/System/Library/PrivateFrameworks/CoreSymbolication.framework/Versions/A/CoreSymbolication
0x00007fff30907000 	/System/Library/PrivateFrameworks/SymptomDiagnosticReporter.framework/Versions/A/SymptomDiagnosticReporter
0x00007fff23b9f000 	/System/Library/PrivateFrameworks/DesktopServicesPriv.framework/Versions/A/DesktopServicesPriv
0x00007fff22ba3000 	/usr/lib/libsandbox.1.dylib
0x00007fff272f9000 	/System/Library/PrivateFrameworks/UserManagement.framework/Versions/A/UserManagement
0x00007fff29bc7000 	/System/Library/PrivateFrameworks/MobileKeyBag.framework/Versions/A/MobileKeyBag
0x00007fff34416000 	/System/Library/PrivateFrameworks/ChunkingLibrary.framework/Versions/A/ChunkingLibrary
0x00007fff31995000 	/System/Library/PrivateFrameworks/DebugSymbols.framework/Versions/A/DebugSymbols
0x00007fff2e0f0000 	/System/Library/PrivateFrameworks/Sharing.framework/Versions/A/Sharing
0x00007fff32995000 	/System/Library/PrivateFrameworks/Apple80211.framework/Versions/A/Apple80211
0x00007fff2a274000 	/System/Library/PrivateFrameworks/AuthKit.framework/Versions/A/AuthKit
0x00007fff299c5000 	/System/Library/PrivateFrameworks/CoreUtils.framework/Versions/A/CoreUtils
0x00007fff298f2000 	/System/Library/Frameworks/CoreWLAN.framework/Versions/A/CoreWLAN
0x00007fff2e23c000 	/System/Library/Frameworks/IOBluetooth.framework/Versions/A/IOBluetooth
0x00007fff329f9000 	/System/Library/PrivateFrameworks/CoreWiFi.framework/Versions/A/CoreWiFi
0x00007fff2d7b3000 	/System/Library/PrivateFrameworks/CorePhoneNumbers.framework/Versions/A/CorePhoneNumbers
0x00007fff30a0e000 	/System/Library/PrivateFrameworks/DiskManagement.framework/Versions/A/DiskManagement
0x00007fff30924000 	/System/Library/PrivateFrameworks/AppleIDAuthSupport.framework/Versions/A/AppleIDAuthSupport
0x00007fff2d793000 	/System/Library/PrivateFrameworks/KeychainCircle.framework/Versions/A/KeychainCircle
0x00007fff309da000 	/System/Library/PrivateFrameworks/MediaKit.framework/Versions/A/MediaKit
0x00007fff30931000 	/System/Library/Frameworks/DiscRecording.framework/Versions/A/DiscRecording
0x00007fff2af59000 	/usr/lib/libCoreStorage.dylib
0x00007fff32e34000 	/usr/lib/libcsfde.dylib
0x00007fff2e377000 	/System/Library/PrivateFrameworks/ProtectedCloudStorage.framework/Versions/A/ProtectedCloudStorage
0x00007fff32e2c000 	/System/Library/PrivateFrameworks/EFILogin.framework/Versions/A/EFILogin
0x00007fff33446000 	/System/Library/Frameworks/AudioUnit.framework/Versions/A/AudioUnit
0x00007fff308a1000 	/System/Library/Frameworks/CoreBluetooth.framework/Versions/A/CoreBluetooth
0x00007fff2af51000 	/usr/lib/libMatch.1.dylib
0x000000013439c000 	/usr/lib/libobjc-trampolines.dylib
0x00007fff41181000 	/System/Library/Frameworks/Accelerate.framework/Versions/A/Frameworks/vImage.framework/Versions/A/Libraries/libCGInterfaces.dylib
0x00007fff26ff8000 	/System/Library/PrivateFrameworks/ViewBridge.framework/Versions/A/ViewBridge
0x0000000136ad7000 	/Library/Java/JavaVirtualMachines/jdk-11.0.12.jdk/Contents/Home/lib/libawt.dylib
0x0000000136b76000 	/Library/Java/JavaVirtualMachines/jdk-11.0.12.jdk/Contents/Home/lib/libmlib_image.dylib
0x00007fff6e9c0000 	/System/Library/Frameworks/JavaRuntimeSupport.framework/Versions/A/JavaRuntimeSupport
0x00007fff3c8a7000 	/System/Library/Frameworks/Carbon.framework/Versions/A/Carbon
0x00007fff3633e000 	/System/Library/Frameworks/Carbon.framework/Versions/A/Frameworks/CommonPanels.framework/Versions/A/CommonPanels
0x00007fff32e28000 	/System/Library/Frameworks/Carbon.framework/Versions/A/Frameworks/Help.framework/Versions/A/Help
0x00007fff36342000 	/System/Library/Frameworks/Carbon.framework/Versions/A/Frameworks/ImageCapture.framework/Versions/A/ImageCapture
0x00007fff36312000 	/System/Library/Frameworks/Carbon.framework/Versions/A/Frameworks/OpenScripting.framework/Versions/A/OpenScripting
0x00007fff3633a000 	/System/Library/Frameworks/Carbon.framework/Versions/A/Frameworks/Ink.framework/Versions/A/Ink
0x00007fff3c8a3000 	/System/Library/Frameworks/Carbon.framework/Versions/A/Frameworks/Print.framework/Versions/A/Print
0x00007fff36336000 	/System/Library/Frameworks/Carbon.framework/Versions/A/Frameworks/SecurityHI.framework/Versions/A/SecurityHI
0x0000000136bdf000 	/Library/Java/JavaVirtualMachines/jdk-11.0.12.jdk/Contents/Home/lib/libawt_lwawt.dylib
0x0000000136cb1000 	/Library/Java/JavaVirtualMachines/jdk-11.0.12.jdk/Contents/Home/lib/libosxapp.dylib
0x00007fff3bebe000 	/System/Library/Frameworks/ExceptionHandling.framework/Versions/A/ExceptionHandling
0x0000000136cd1000 	/Library/Java/JavaVirtualMachines/jdk-11.0.12.jdk/Contents/Home/lib/libfontmanager.dylib
0x0000000136e04000 	/Library/Java/JavaVirtualMachines/jdk-11.0.12.jdk/Contents/Home/lib/libfreetype.dylib
0x00007fff2b6f8000 	/System/Library/PrivateFrameworks/login.framework/Versions/A/login
0x00007fff778af000 	/usr/lib/libRosetta.dylib
0x0000000137fb4000 	/private/var/folders/n_/c30c5k1n3_g5vy2m3zgndw3w0000gn/T/sqlite-3.36.0.3-a6aea49d-a8ed-4daf-b2c1-85ff170bfc80-libsqlitejdbc.jnilib
0x00000001380c1000 	/Users/seonghayi/Desktop/ScheduleArchiveUltimate_demo/lib/javafx-sdk-17.0.0.1/lib/libjavafx_font.dylib


VM Arguments:
jvm_args: --module-path=lib/javafx-sdk-17.0.0.1/lib/ --add-modules=javafx.controls,javafx.fxml --add-modules=javafx.base,javafx.graphics --add-reads=javafx.base=ALL-UNNAMED --add-reads=javafx.graphics=ALL-UNNAMED -Djava.library.path=/Users/seonghayi/Desktop/ScheduleArchiveUltimate_demo/lib/javafx-sdk-17.0.0.1/lib -javaagent:/Applications/IntelliJ IDEA.app/Contents/lib/idea_rt.jar=53322:/Applications/IntelliJ IDEA.app/Contents/bin -Dfile.encoding=UTF-8 
java_command: main.App
java_class_path (initial): /Users/seonghayi/Desktop/ScheduleArchiveUltimate_demo/out/production/ScheduleArchive:/Users/seonghayi/Desktop/ScheduleArchiveUltimate_demo/lib/javafx-sdk-17.0.0.1/lib/javafx-swt.jar:/Users/seonghayi/Desktop/ScheduleArchiveUltimate_demo/lib/javafx-sdk-17.0.0.1/lib/javafx.base.jar:/Users/seonghayi/Desktop/ScheduleArchiveUltimate_demo/lib/javafx-sdk-17.0.0.1/lib/javafx.controls.jar:/Users/seonghayi/Desktop/ScheduleArchiveUltimate_demo/lib/javafx-sdk-17.0.0.1/lib/javafx.fxml.jar:/Users/seonghayi/Desktop/ScheduleArchiveUltimate_demo/lib/javafx-sdk-17.0.0.1/lib/javafx.graphics.jar:/Users/seonghayi/Desktop/ScheduleArchiveUltimate_demo/lib/javafx-sdk-17.0.0.1/lib/javafx.media.jar:/Users/seonghayi/Desktop/ScheduleArchiveUltimate_demo/lib/javafx-sdk-17.0.0.1/lib/javafx.swing.jar:/Users/seonghayi/Desktop/ScheduleArchiveUltimate_demo/lib/javafx-sdk-17.0.0.1/lib/javafx.web.jar:/Users/seonghayi/Desktop/ScheduleArchiveUltimate_demo/lib/sqlite-jdbc-3.36.0.3.jar
Launcher Type: SUN_STANDARD

[Global flags]
     intx CICompilerCount                          = 3                                         {product} {ergonomic}
     uint ConcGCThreads                            = 1                                         {product} {ergonomic}
     uint G1ConcRefinementThreads                  = 4                                         {product} {ergonomic}
   size_t G1HeapRegionSize                         = 1048576                                   {product} {ergonomic}
    uintx GCDrainStackTargetSize                   = 64                                        {product} {ergonomic}
   size_t InitialHeapSize                          = 134217728                                 {product} {ergonomic}
   size_t MarkStackSize                            = 4194304                                   {product} {ergonomic}
   size_t MaxHeapSize                              = 2147483648                                {product} {ergonomic}
   size_t MaxNewSize                               = 1287651328                                {product} {ergonomic}
   size_t MinHeapDeltaBytes                        = 1048576                                   {product} {ergonomic}
    uintx NonNMethodCodeHeapSize                   = 5830732                                {pd product} {ergonomic}
    uintx NonProfiledCodeHeapSize                  = 122913754                              {pd product} {ergonomic}
    uintx ProfiledCodeHeapSize                     = 122913754                              {pd product} {ergonomic}
    uintx ReservedCodeCacheSize                    = 251658240                              {pd product} {ergonomic}
     bool SegmentedCodeCache                       = true                                      {product} {ergonomic}
     bool UseCompressedClassPointers               = true                                 {lp64_product} {ergonomic}
     bool UseCompressedOops                        = true                                 {lp64_product} {ergonomic}
     bool UseG1GC                                  = true                                      {product} {ergonomic}

Logging:
Log output configuration:
 #0: stdout all=warning uptime,level,tags
 #1: stderr all=off uptime,level,tags

Environment Variables:
PATH=/Library/Frameworks/Python.framework/Versions/2.7/bin:/Library/Frameworks/Python.framework/Versions/3.9/bin:/usr/local/bin:/usr/bin:/bin:/usr/sbin:/sbin:/Library/Apple/usr/bin
SHELL=/bin/bash

Signal Handlers:
SIGSEGV: [libjvm.dylib+0x79688e], sa_mask[0]=11111111011111110111111111111111, sa_flags=SA_ONSTACK|SA_RESTART|SA_SIGINFO
SIGBUS: [libjvm.dylib+0x79688e], sa_mask[0]=11111111011111110111111111111111, sa_flags=SA_RESTART|SA_SIGINFO
SIGFPE: [libjvm.dylib+0x79688e], sa_mask[0]=11111111011111110111111111111111, sa_flags=SA_RESTART|SA_SIGINFO
SIGPIPE: [libjvm.dylib+0x6488fa], sa_mask[0]=11111111011111110111111111111111, sa_flags=SA_RESTART|SA_SIGINFO
SIGXFSZ: [libjvm.dylib+0x6488fa], sa_mask[0]=11111111011111110111111111111111, sa_flags=SA_RESTART|SA_SIGINFO
SIGILL: [libjvm.dylib+0x79688e], sa_mask[0]=11111111011111110111111111111111, sa_flags=SA_RESTART|SA_SIGINFO
SIGUSR2: [libjvm.dylib+0x648ece], sa_mask[0]=00100000000000000000000000000000, sa_flags=SA_RESTART|SA_SIGINFO
SIGHUP: [libjvm.dylib+0x64798f], sa_mask[0]=11111111011111110111111111111111, sa_flags=SA_RESTART|SA_SIGINFO
SIGINT: [libjvm.dylib+0x64798f], sa_mask[0]=11111111011111110111111111111111, sa_flags=SA_RESTART|SA_SIGINFO
SIGTERM: [libjvm.dylib+0x64798f], sa_mask[0]=11111111011111110111111111111111, sa_flags=SA_RESTART|SA_SIGINFO
SIGQUIT: [libjvm.dylib+0x64798f], sa_mask[0]=11111111011111110111111111111111, sa_flags=SA_RESTART|SA_SIGINFO


---------------  S Y S T E M  ---------------

OS:uname:Darwin 20.6.0 Darwin Kernel Version 20.6.0: Mon Aug 30 06:12:21 PDT 2021; root:xnu-7195.141.6~3/RELEASE_X86_64 x86_64
rlimit: STACK 8192k, CORE 0k, NPROC 1392, NOFILE 10240, AS infinity, DATA infinity, FSIZE infinity
load average:4.65 4.01 3.35

CPU:total 4 (initial active 4) (2 cores per cpu, 2 threads per core) family 6 model 142 stepping 9 microcode 0xea, cmov, cx8, fxsr, mmx, sse, sse2, sse3, ssse3, sse4.1, sse4.2, popcnt, avx, avx2, aes, clmul, erms, rtm, 3dnowpref, lzcnt, ht, tsc, tscinvbit, bmi1, bmi2, adx, fma

Memory: 4k page, physical 8388608k(119744k free)

vm_info: Java HotSpot(TM) 64-Bit Server VM (11.0.12+8-LTS-237) for bsd-amd64 JRE (11.0.12+8-LTS-237), built on Jun  8 2021 10:26:22 by "mach5one" with gcc 4.2.1 Compatible Apple LLVM 11.0.0 (clang-1100.0.33.17)

END.
