#
# A fatal error has been detected by the Java Runtime Environment:
#
#  SIGSEGV (0xb) at pc=0x00007fff203e0d86, pid=28819, tid=90255
#
# JRE version: Java(TM) SE Runtime Environment (10.0.2+13) (build 10.0.2+13)
# Java VM: Java HotSpot(TM) 64-Bit Server VM (10.0.2+13, mixed mode, tiered, compressed oops, g1 gc, bsd-amd64)
# Problematic frame:
# C  [libsystem_pthread.dylib+0x1d86]  pthread_mutex_lock+0x4
#
# No core dump will be written. Core dumps have been disabled. To enable core dumping, try "ulimit -c unlimited" before starting Java again
#
# If you would like to submit a bug report, please visit:
#   http://bugreport.java.com/bugreport/crash.jsp
# The crash happened outside the Java Virtual Machine in native code.
# See problematic frame for where to report the bug.
#

---------------  S U M M A R Y ------------

Command Line: -javaagent:/Applications/IntelliJ IDEA.app/Contents/lib/idea_rt.jar=56232:/Applications/IntelliJ IDEA.app/Contents/bin -Dfile.encoding=UTF-8 main.App

Host: MacBookPro14,1 x86_64 2300 MHz, 4 cores, 8G, Darwin 20.6.0
Time: Thu Sep 23 15:41:43 2021 KST elapsed time: 19380 seconds (0d 5h 23m 0s)

---------------  T H R E A D  ---------------

Current thread (0x00007faf039dd000):  JavaThread "Thread-34" [_thread_in_native, id=90255, stack(0x00007000057b3000,0x00007000058b3000)]

Stack: [0x00007000057b3000,0x00007000058b3000],  sp=0x00007000058b27c0,  free space=1021k
Native frames: (J=compiled Java code, A=aot compiled Java code, j=interpreted, Vv=VM code, C=native code)
C  [libsystem_pthread.dylib+0x1d86]  pthread_mutex_lock+0x4
C  [sqlite-3.36.0.3-acdc7662-4bec-486f-9895-45b34b50d841-libsqlitejdbc.jnilib+0xc099]  Java_org_sqlite_core_NativeDB_set_1commit_1listener+0x8bc4
J 8488  org.sqlite.core.NativeDB.reset(J)I (0 bytes) @ 0x0000000125e900b9 [0x0000000125e8ff40+0x0000000000000179]
j  org.sqlite.jdbc3.JDBC3PreparedStatement.executeQuery()Ljava/sql/ResultSet;+39
j  main.Models.DBModels.ReadFromDBModel.readDay(Ljava/lang/String;)Ljava/util/ArrayList;+24
j  main.Models.DBModels.WriteToDBModel.saveArchive()V+23
j  main.Models.DBModels.WriteToDBModel.saveData()V+16
j  main.Models.DBModels.WriteToDBModel.access$100()V+0
j  main.Models.DBModels.WriteToDBModel$2.run()V+4
j  java.lang.Thread.run()V+11 java.base@10.0.2
v  ~StubRoutines::call_stub
V  [libjvm.dylib+0x3d8c0e]  JavaCalls::call_helper(JavaValue*, methodHandle const&, JavaCallArguments*, Thread*)+0x216
V  [libjvm.dylib+0x3d8222]  JavaCalls::call_virtual(JavaValue*, Klass*, Symbol*, Symbol*, JavaCallArguments*, Thread*)+0x12a
V  [libjvm.dylib+0x3d82e2]  JavaCalls::call_virtual(JavaValue*, Handle, Klass*, Symbol*, Symbol*, Thread*)+0x6a
V  [libjvm.dylib+0x454078]  thread_entry(JavaThread*, Thread*)+0x77
V  [libjvm.dylib+0x74679c]  JavaThread::thread_main_inner()+0x86
V  [libjvm.dylib+0x633a5f]  thread_native_entry(Thread*)+0x12b
C  [libsystem_pthread.dylib+0x68fc]  _pthread_start+0xe0
C  [libsystem_pthread.dylib+0x2443]  thread_start+0xf
C  0x0000000000000000

Java frames: (J=compiled Java code, j=interpreted, Vv=VM code)
J 8488  org.sqlite.core.NativeDB.reset(J)I (0 bytes) @ 0x0000000125e8ff78 [0x0000000125e8ff40+0x0000000000000038]
j  org.sqlite.jdbc3.JDBC3PreparedStatement.executeQuery()Ljava/sql/ResultSet;+39
j  main.Models.DBModels.ReadFromDBModel.readDay(Ljava/lang/String;)Ljava/util/ArrayList;+24
j  main.Models.DBModels.WriteToDBModel.saveArchive()V+23
j  main.Models.DBModels.WriteToDBModel.saveData()V+16
j  main.Models.DBModels.WriteToDBModel.access$100()V+0
j  main.Models.DBModels.WriteToDBModel$2.run()V+4
j  java.lang.Thread.run()V+11 java.base@10.0.2
v  ~StubRoutines::call_stub

siginfo: si_signo: 11 (SIGSEGV), si_code: 0 (unknown), si_addr: 0x0000000000000000

Register to memory mapping:

RAX=0x00007faf073abe28 is an unknown value
RBX=0x00007faf05a58c20 is an unknown value
RCX=0x000000011215d250: AssumeMP+0 in /Library/Java/JavaVirtualMachines/jdk-10.0.2.jdk/Contents/Home/lib/server/libjvm.dylib at 0x0000000111800000
RDX=0x00007faf05a58c20 is an unknown value
RSP=0x00007000058b27c0 is pointing into the stack for thread: 0x00007faf039dd000
RBP=0x00007000058b27c0 is pointing into the stack for thread: 0x00007faf039dd000
RSI=0x00007000058b2800 is pointing into the stack for thread: 0x00007faf039dd000
RDI=0x656d695474726174 is an unknown value
R8 =0x00000001121bd6a0: _ZN2os16_processor_countE+0 in /Library/Java/JavaVirtualMachines/jdk-10.0.2.jdk/Contents/Home/lib/server/libjvm.dylib at 0x0000000111800000
R9 =0xffffffff00000000 is an unknown value
R10=0x000000011215d250: AssumeMP+0 in /Library/Java/JavaVirtualMachines/jdk-10.0.2.jdk/Contents/Home/lib/server/libjvm.dylib at 0x0000000111800000
R11=0x0000000000000246 is an unknown value
R12=0x0000000000000000 is an unknown value
R13=0x00007000058b2830 is pointing into the stack for thread: 0x00007faf039dd000
R14=0x00007faf05a59a30 is an unknown value
R15=0x0000000000000000 is an unknown value


Registers:
RAX=0x00007faf073abe28, RBX=0x00007faf05a58c20, RCX=0x000000011215d250, RDX=0x00007faf05a58c20
RSP=0x00007000058b27c0, RBP=0x00007000058b27c0, RSI=0x00007000058b2800, RDI=0x656d695474726174
R8 =0x00000001121bd6a0, R9 =0xffffffff00000000, R10=0x000000011215d250, R11=0x0000000000000246
R12=0x0000000000000000, R13=0x00007000058b2830, R14=0x00007faf05a59a30, R15=0x0000000000000000
RIP=0x00007fff203e0d86, EFLAGS=0x0000000000010206, ERR=0x0000000000000000
  TRAPNO=0x000000000000000d

Top of Stack: (sp=0x00007000058b27c0)
0x00007000058b27c0:   00007000058b27f0 000000013ad89099
0x00007000058b27d0:   00007faf073abe28 000000074040e268
0x00007000058b27e0:   00007000058b2800 00007faf039dd000
0x00007000058b27f0:   00007000058b2840 0000000125e900b9
0x00007000058b2800:   000000074040e268 0000000750ded940
0x00007000058b2810:   0000000000000000 0000000000000000
0x00007000058b2820:   00007faf039dd270 00007faf00000000
0x00007000058b2830:   0000000000000003 0000000000000000
0x00007000058b2840:   00007000058b28b8 000000011dd16980
0x00007000058b2850:   000000011dd16980 00007faf05a58c20
0x00007000058b2860:   0000000000000000 000000074040e268
0x00007000058b2870:   00007000058b2870 000000013ad0bfef
0x00007000058b2880:   00007000058b28d8 000000013ad10240
0x00007000058b2890:   0000000000000000 0000000743799d58
0x00007000058b28a0:   000000013ad0c088 00007000058b2858
0x00007000058b28b0:   00007000058b28d8 00007000058b2928
0x00007000058b28c0:   000000011dd16d96 0000000000000000
0x00007000058b28d0:   0000000000000000 000000074040f980
0x00007000058b28e0:   00007000058b28e0 000000013ad25880
0x00007000058b28f0:   00007000058b2980 000000013ad26350
0x00007000058b2900:   0000000000000000 0000000743798638
0x00007000058b2910:   000000013ad259d8 00007000058b28d8
0x00007000058b2920:   00007000058b2980 00007000058b29d0
0x00007000058b2930:   000000011dd16cc0 0000000000000000
0x00007000058b2940:   000000074040f980 0000000000000000
0x00007000058b2950:   0000000000000000 0000000000000000
0x00007000058b2960:   0000000000000000 0000000000000000
0x00007000058b2970:   0000000000000000 0000000750ded9c0
0x00007000058b2980:   000000074354ddf0 00007000058b2988
0x00007000058b2990:   000000014110882f 00007000058b2a48
0x00007000058b29a0:   0000000141109438 0000000000000000
0x00007000058b29b0:   000000074697d388 0000000141108ab8 

Instructions: (pc=0x00007fff203e0d86)
0x00007fff203e0d66:   89 1c c1 49 89 06 31 db 48 8d 3d 4f ee 2f 60 e8
0x00007fff203e0d76:   06 7e 00 00 89 d8 5b 41 5e 5d c3 90 55 48 89 e5
0x00007fff203e0d86:   48 81 3f 5a 54 55 4d 75 73 8b 47 0c 89 c1 81 e1
0x00007fff203e0d96:   c0 01 00 00 83 f9 40 74 6b 0f ba e0 0e 72 6d 48 


---------------  P R O C E S S  ---------------

Threads class SMR info:
_java_thread_list=0x00007faf07519330, length=25, elements={
0x00007faf0304f800, 0x00007faf04014800, 0x00007faf04012800, 0x00007faf0484c800,
0x00007faf04017000, 0x00007faf03856000, 0x00007faf03857000, 0x00007faf04013800,
0x00007faf030e7800, 0x00007faf03858800, 0x00007faf0420c800, 0x00007faf04b60800,
0x00007faf03a65000, 0x00007faf04462800, 0x00007faf03533800, 0x00007faf03bbc800,
0x00007faf03c01800, 0x00007faf04d31000, 0x00007faf04da0800, 0x00007faf0357b800,
0x00007faf0447d800, 0x00007faf035a3000, 0x00007faf0aecb000, 0x00007faf0afa5800,
0x00007faf039dd000
}

Java Threads: ( => current thread )
  0x00007faf0304f800 JavaThread "Reference Handler" daemon [_thread_blocked, id=14851, stack(0x00007000055ad000,0x00007000056ad000)]
  0x00007faf04014800 JavaThread "Finalizer" daemon [_thread_blocked, id=18179, stack(0x00007000056b0000,0x00007000057b0000)]
  0x00007faf04012800 JavaThread "Signal Dispatcher" daemon [_thread_blocked, id=42499, stack(0x00007000058b9000,0x00007000059b9000)]
  0x00007faf0484c800 JavaThread "C2 CompilerThread0" daemon [_thread_blocked, id=22275, stack(0x00007000059bc000,0x0000700005abc000)]
  0x00007faf04017000 JavaThread "C2 CompilerThread1" daemon [_thread_blocked, id=41987, stack(0x0000700005abf000,0x0000700005bbf000)]
  0x00007faf03856000 JavaThread "C1 CompilerThread2" daemon [_thread_blocked, id=23299, stack(0x0000700005bc2000,0x0000700005cc2000)]
  0x00007faf03857000 JavaThread "Sweeper thread" daemon [_thread_blocked, id=24067, stack(0x0000700005cc5000,0x0000700005dc5000)]
  0x00007faf04013800 JavaThread "Common-Cleaner" daemon [_thread_blocked, id=24579, stack(0x0000700005dc8000,0x0000700005ec8000)]
  0x00007faf030e7800 JavaThread "Monitor Ctrl-Break" daemon [_thread_in_native, id=40963, stack(0x0000700005ecb000,0x0000700005fcb000)]
  0x00007faf03858800 JavaThread "Service Thread" daemon [_thread_blocked, id=40707, stack(0x0000700005fce000,0x00007000060ce000)]
  0x00007faf0420c800 JavaThread "InvokeLaterDispatcher" daemon [_thread_blocked, id=28675, stack(0x00007000062d7000,0x00007000063d7000)]
  0x00007faf04b60800 JavaThread "Thread-2" daemon [_thread_in_native, id=46851, stack(0x000070000645d000,0x00007000064dd000)]
  0x00007faf03a65000 JavaThread "Java2D Queue Flusher" daemon [_thread_blocked, id=75267, stack(0x0000700006669000,0x0000700006769000)]
  0x00007faf04462800 JavaThread "Attach Listener" daemon [_thread_blocked, id=55555, stack(0x000070000676c000,0x000070000686c000)]
  0x00007faf03533800 JavaThread "Java2D Disposer" daemon [_thread_blocked, id=71427, stack(0x000070000686f000,0x000070000696f000)]
  0x00007faf03bbc800 JavaThread "Thread-4" [_thread_blocked, id=60171, stack(0x0000700006a75000,0x0000700006b75000)]
  0x00007faf03c01800 JavaThread "Prism Font Disposer" daemon [_thread_blocked, id=64527, stack(0x0000700006d7e000,0x0000700006e7e000)]
  0x00007faf04d31000 JavaThread "Cleaner-0" daemon [_thread_blocked, id=130307, stack(0x0000700006e81000,0x0000700006f81000)]
  0x00007faf04da0800 JavaThread "Thread-8" [_thread_blocked, id=63003, stack(0x0000700006f84000,0x0000700007084000)]
  0x00007faf0357b800 JavaThread "Thread-7" [_thread_blocked, id=130567, stack(0x0000700007087000,0x0000700007187000)]
  0x00007faf0447d800 JavaThread "Thread-10" [_thread_blocked, id=65543, stack(0x0000700006b78000,0x0000700006c78000)]
  0x00007faf035a3000 JavaThread "Thread-9" [_thread_blocked, id=60679, stack(0x0000700006c7b000,0x0000700006d7b000)]
  0x00007faf0aecb000 JavaThread "Thread-33" [_thread_blocked, id=68951, stack(0x0000700007310000,0x0000700007410000)]
  0x00007faf0afa5800 JavaThread "DestroyJavaVM" [_thread_blocked, id=10499, stack(0x0000700004886000,0x0000700004986000)]
=>0x00007faf039dd000 JavaThread "Thread-34" [_thread_in_native, id=90255, stack(0x00007000057b3000,0x00007000058b3000)]

Other Threads:
  0x00007faf03852000 VMThread "VM Thread" [stack: 0x00007000054aa000,0x00007000055aa000] [id=18947]
  0x00007faf040fd000 WatcherThread [stack: 0x00007000060d1000,0x00007000061d1000] [id=25603]
  0x00007faf04810800 GCTaskThread "GC Thread#0" [stack: 0x0000700004989000,0x0000700004a89000] [id=21507]
  0x00007faf04009800 GCTaskThread "GC Thread#1" [stack: 0x0000700004a8c000,0x0000700004b8c000] [id=21251]
  0x00007faf0400b800 GCTaskThread "GC Thread#2" [stack: 0x0000700004b8f000,0x0000700004c8f000] [id=11267]
  0x00007faf04811000 GCTaskThread "GC Thread#3" [stack: 0x0000700004c92000,0x0000700004d92000] [id=11779]
  0x00007faf0482a000 ConcurrentGCThread "G1 Main Marker" [stack: 0x0000700004d95000,0x0000700004e95000] [id=20739]
  0x00007faf0380f800 ConcurrentGCThread "G1 Conc#0" [stack: 0x0000700004e98000,0x0000700004f98000] [id=20227]
  0x00007faf0483d000 ConcurrentGCThread "G1 Refine#0" [stack: 0x0000700004f9b000,0x000070000509b000] [id=19971]
  0x00007faf03810000 ConcurrentGCThread "G1 Refine#1" [stack: 0x000070000509e000,0x000070000519e000] [id=19459]
  0x00007faf03045000 ConcurrentGCThread "G1 Refine#2" [stack: 0x00007000051a1000,0x00007000052a1000] [id=13315]
  0x00007faf03811000 ConcurrentGCThread "G1 Refine#3" [stack: 0x00007000052a4000,0x00007000053a4000] [id=13827]
  0x00007faf0483d800 ConcurrentGCThread "G1 Young RemSet Sampling" [stack: 0x00007000053a7000,0x00007000054a7000] [id=14339]

Threads with active compile tasks:

VM state:not at safepoint (normal execution)

VM Mutex/Monitor currently owned by a thread: None

Heap address: 0x0000000740000000, size: 2048 MB, Compressed Oops mode: Zero based, Oop shift amount: 3
Narrow klass base: 0x0000000000000000, Narrow klass shift: 3
Compressed class space size: 1073741824 Address: 0x00000007c0000000

Heap:
 garbage-first heap   total 276480K, used 236410K [0x0000000740000000, 0x00000007c0000000)
  region size 1024K, 3 young (3072K), 2 survivors (2048K)
 Metaspace       used 36683K, capacity 37881K, committed 38784K, reserved 1083392K
  class space    used 4204K, capacity 4704K, committed 4992K, reserved 1048576K
Heap Regions: E=young(eden), S=young(survivor), O=old, HS=humongous(starts), HC=humongous(continues), CS=collection set, F=free, A=archive, TS=gc time stamp, AC=allocation context, TAMS=top-at-mark-start (previous, next)
|   0|0x0000000740000000, 0x0000000740100000, 0x0000000740100000|100%| O|  |TS  0|AC  0|TAMS 0x0000000740100000, 0x0000000740100000|
|   1|0x0000000740100000, 0x0000000740200000, 0x0000000740200000|100%| O|  |TS  0|AC  0|TAMS 0x0000000740200000, 0x0000000740200000|
|   2|0x0000000740200000, 0x0000000740300000, 0x0000000740300000|100%| O|  |TS  0|AC  0|TAMS 0x0000000740300000, 0x0000000740300000|
|   3|0x0000000740300000, 0x0000000740400000, 0x0000000740400000|100%| O|  |TS  0|AC  0|TAMS 0x0000000740400000, 0x0000000740400000|
|   4|0x0000000740400000, 0x0000000740500000, 0x0000000740500000|100%| O|  |TS  0|AC  0|TAMS 0x0000000740500000, 0x0000000740500000|
|   5|0x0000000740500000, 0x0000000740600000, 0x0000000740600000|100%|HS|  |TS  0|AC  0|TAMS 0x0000000740600000, 0x0000000740600000|
|   6|0x0000000740600000, 0x0000000740700000, 0x0000000740700000|100%|HC|  |TS  0|AC  0|TAMS 0x0000000740700000, 0x0000000740700000|
|   7|0x0000000740700000, 0x0000000740800000, 0x0000000740800000|100%|HS|  |TS  0|AC  0|TAMS 0x0000000740800000, 0x0000000740800000|
|   8|0x0000000740800000, 0x0000000740900000, 0x0000000740900000|100%|HC|  |TS  0|AC  0|TAMS 0x0000000740900000, 0x0000000740900000|
|   9|0x0000000740900000, 0x0000000740a00000, 0x0000000740a00000|100%|HC|  |TS  0|AC  0|TAMS 0x0000000740a00000, 0x0000000740a00000|
|  10|0x0000000740a00000, 0x0000000740b00000, 0x0000000740b00000|100%|HS|  |TS  0|AC  0|TAMS 0x0000000740b00000, 0x0000000740b00000|
|  11|0x0000000740b00000, 0x0000000740c00000, 0x0000000740c00000|100%|HC|  |TS  0|AC  0|TAMS 0x0000000740c00000, 0x0000000740c00000|
|  12|0x0000000740c00000, 0x0000000740d00000, 0x0000000740d00000|100%| O|  |TS  0|AC  0|TAMS 0x0000000740d00000, 0x0000000740d00000|
|  13|0x0000000740d00000, 0x0000000740e00000, 0x0000000740e00000|100%| O|  |TS  0|AC  0|TAMS 0x0000000740e00000, 0x0000000740e00000|
|  14|0x0000000740e00000, 0x0000000740f00000, 0x0000000740f00000|100%|HS|  |TS  0|AC  0|TAMS 0x0000000740f00000, 0x0000000740f00000|
|  15|0x0000000740f00000, 0x0000000741000000, 0x0000000741000000|100%|HC|  |TS  0|AC  0|TAMS 0x0000000741000000, 0x0000000741000000|
|  16|0x0000000741000000, 0x0000000741100000, 0x0000000741100000|100%|HC|  |TS  0|AC  0|TAMS 0x0000000741100000, 0x0000000741100000|
|  17|0x0000000741100000, 0x0000000741200000, 0x0000000741200000|100%|HC|  |TS  0|AC  0|TAMS 0x0000000741200000, 0x0000000741200000|
|  18|0x0000000741200000, 0x0000000741300000, 0x0000000741300000|100%|HC|  |TS  0|AC  0|TAMS 0x0000000741300000, 0x0000000741300000|
|  19|0x0000000741300000, 0x0000000741400000, 0x0000000741400000|100%|HC|  |TS  0|AC  0|TAMS 0x0000000741400000, 0x0000000741400000|
|  20|0x0000000741400000, 0x0000000741500000, 0x0000000741500000|100%|HC|  |TS  0|AC  0|TAMS 0x0000000741500000, 0x0000000741500000|
|  21|0x0000000741500000, 0x0000000741600000, 0x0000000741600000|100%|HC|  |TS  0|AC  0|TAMS 0x0000000741600000, 0x0000000741600000|
|  22|0x0000000741600000, 0x0000000741700000, 0x0000000741700000|100%|HC|  |TS  0|AC  0|TAMS 0x0000000741700000, 0x0000000741700000|
|  23|0x0000000741700000, 0x0000000741800000, 0x0000000741800000|100%|HC|  |TS  0|AC  0|TAMS 0x0000000741800000, 0x0000000741800000|
|  24|0x0000000741800000, 0x0000000741900000, 0x0000000741900000|100%|HC|  |TS  0|AC  0|TAMS 0x0000000741900000, 0x0000000741900000|
|  25|0x0000000741900000, 0x0000000741a00000, 0x0000000741a00000|100%|HC|  |TS  0|AC  0|TAMS 0x0000000741a00000, 0x0000000741a00000|
|  26|0x0000000741a00000, 0x0000000741b00000, 0x0000000741b00000|100%|HC|  |TS  0|AC  0|TAMS 0x0000000741b00000, 0x0000000741b00000|
|  27|0x0000000741b00000, 0x0000000741c00000, 0x0000000741c00000|100%|HC|  |TS  0|AC  0|TAMS 0x0000000741c00000, 0x0000000741c00000|
|  28|0x0000000741c00000, 0x0000000741d00000, 0x0000000741d00000|100%|HC|  |TS  0|AC  0|TAMS 0x0000000741d00000, 0x0000000741d00000|
|  29|0x0000000741d00000, 0x0000000741e00000, 0x0000000741e00000|100%|HC|  |TS  0|AC  0|TAMS 0x0000000741e00000, 0x0000000741e00000|
|  30|0x0000000741e00000, 0x0000000741f00000, 0x0000000741f00000|100%|HC|  |TS  0|AC  0|TAMS 0x0000000741f00000, 0x0000000741f00000|
|  31|0x0000000741f00000, 0x0000000742000000, 0x0000000742000000|100%|HS|  |TS  0|AC  0|TAMS 0x0000000742000000, 0x0000000742000000|
|  32|0x0000000742000000, 0x0000000742100000, 0x0000000742100000|100%|HC|  |TS  0|AC  0|TAMS 0x0000000742100000, 0x0000000742100000|
|  33|0x0000000742100000, 0x0000000742200000, 0x0000000742200000|100%|HC|  |TS  0|AC  0|TAMS 0x0000000742200000, 0x0000000742200000|
|  34|0x0000000742200000, 0x0000000742300000, 0x0000000742300000|100%|HC|  |TS  0|AC  0|TAMS 0x0000000742300000, 0x0000000742300000|
|  35|0x0000000742300000, 0x0000000742400000, 0x0000000742400000|100%|HC|  |TS  0|AC  0|TAMS 0x0000000742400000, 0x0000000742400000|
|  36|0x0000000742400000, 0x0000000742500000, 0x0000000742500000|100%|HC|  |TS  0|AC  0|TAMS 0x0000000742500000, 0x0000000742500000|
|  37|0x0000000742500000, 0x0000000742600000, 0x0000000742600000|100%|HC|  |TS  0|AC  0|TAMS 0x0000000742600000, 0x0000000742600000|
|  38|0x0000000742600000, 0x0000000742700000, 0x0000000742700000|100%|HC|  |TS  0|AC  0|TAMS 0x0000000742700000, 0x0000000742700000|
|  39|0x0000000742700000, 0x0000000742800000, 0x0000000742800000|100%|HC|  |TS  0|AC  0|TAMS 0x0000000742800000, 0x0000000742800000|
|  40|0x0000000742800000, 0x0000000742900000, 0x0000000742900000|100%|HC|  |TS  0|AC  0|TAMS 0x0000000742900000, 0x0000000742900000|
|  41|0x0000000742900000, 0x0000000742a00000, 0x0000000742a00000|100%|HC|  |TS  0|AC  0|TAMS 0x0000000742a00000, 0x0000000742a00000|
|  42|0x0000000742a00000, 0x0000000742b00000, 0x0000000742b00000|100%|HC|  |TS  0|AC  0|TAMS 0x0000000742b00000, 0x0000000742b00000|
|  43|0x0000000742b00000, 0x0000000742c00000, 0x0000000742c00000|100%|HC|  |TS  0|AC  0|TAMS 0x0000000742c00000, 0x0000000742c00000|
|  44|0x0000000742c00000, 0x0000000742d00000, 0x0000000742d00000|100%|HC|  |TS  0|AC  0|TAMS 0x0000000742d00000, 0x0000000742d00000|
|  45|0x0000000742d00000, 0x0000000742e00000, 0x0000000742e00000|100%|HC|  |TS  0|AC  0|TAMS 0x0000000742e00000, 0x0000000742e00000|
|  46|0x0000000742e00000, 0x0000000742f00000, 0x0000000742f00000|100%|HC|  |TS  0|AC  0|TAMS 0x0000000742f00000, 0x0000000742f00000|
|  47|0x0000000742f00000, 0x0000000743000000, 0x0000000743000000|100%|HC|  |TS  0|AC  0|TAMS 0x0000000743000000, 0x0000000743000000|
|  48|0x0000000743000000, 0x0000000743100000, 0x0000000743100000|100%|HC|  |TS  0|AC  0|TAMS 0x0000000743100000, 0x0000000743100000|
|  49|0x0000000743100000, 0x0000000743200000, 0x0000000743200000|100%|HC|  |TS  0|AC  0|TAMS 0x0000000743200000, 0x0000000743200000|
|  50|0x0000000743200000, 0x0000000743300000, 0x0000000743300000|100%|HC|  |TS  0|AC  0|TAMS 0x0000000743300000, 0x0000000743300000|
|  51|0x0000000743300000, 0x0000000743400000, 0x0000000743400000|100%|HC|  |TS  0|AC  0|TAMS 0x0000000743400000, 0x0000000743400000|
|  52|0x0000000743400000, 0x0000000743500000, 0x0000000743500000|100%|HC|  |TS  0|AC  0|TAMS 0x0000000743500000, 0x0000000743500000|
|  53|0x0000000743500000, 0x0000000743600000, 0x0000000743600000|100%| O|  |TS  0|AC  0|TAMS 0x0000000743600000, 0x0000000743600000|
|  54|0x0000000743600000, 0x0000000743700000, 0x0000000743700000|100%| O|  |TS  0|AC  0|TAMS 0x0000000743700000, 0x0000000743700000|
|  55|0x0000000743700000, 0x0000000743800000, 0x0000000743800000|100%| O|  |TS  0|AC  0|TAMS 0x0000000743800000, 0x0000000743800000|
|  56|0x0000000743800000, 0x0000000743900000, 0x0000000743900000|100%|HS|  |TS  0|AC  0|TAMS 0x0000000743900000, 0x0000000743900000|
|  57|0x0000000743900000, 0x0000000743a00000, 0x0000000743a00000|100%|HC|  |TS  0|AC  0|TAMS 0x0000000743a00000, 0x0000000743a00000|
|  58|0x0000000743a00000, 0x0000000743b00000, 0x0000000743b00000|100%|HC|  |TS  0|AC  0|TAMS 0x0000000743b00000, 0x0000000743b00000|
|  59|0x0000000743b00000, 0x0000000743c00000, 0x0000000743c00000|100%|HC|  |TS  0|AC  0|TAMS 0x0000000743c00000, 0x0000000743c00000|
|  60|0x0000000743c00000, 0x0000000743d00000, 0x0000000743d00000|100%|HC|  |TS  0|AC  0|TAMS 0x0000000743d00000, 0x0000000743d00000|
|  61|0x0000000743d00000, 0x0000000743e00000, 0x0000000743e00000|100%|HC|  |TS  0|AC  0|TAMS 0x0000000743e00000, 0x0000000743e00000|
|  62|0x0000000743e00000, 0x0000000743f00000, 0x0000000743f00000|100%|HC|  |TS  0|AC  0|TAMS 0x0000000743f00000, 0x0000000743f00000|
|  63|0x0000000743f00000, 0x0000000744000000, 0x0000000744000000|100%|HC|  |TS  0|AC  0|TAMS 0x0000000744000000, 0x0000000744000000|
|  64|0x0000000744000000, 0x0000000744100000, 0x0000000744100000|100%|HC|  |TS  0|AC  0|TAMS 0x0000000744100000, 0x0000000744100000|
|  65|0x0000000744100000, 0x0000000744200000, 0x0000000744200000|100%|HC|  |TS  0|AC  0|TAMS 0x0000000744200000, 0x0000000744200000|
|  66|0x0000000744200000, 0x0000000744300000, 0x0000000744300000|100%|HC|  |TS  0|AC  0|TAMS 0x0000000744300000, 0x0000000744300000|
|  67|0x0000000744300000, 0x0000000744400000, 0x0000000744400000|100%|HC|  |TS  0|AC  0|TAMS 0x0000000744400000, 0x0000000744400000|
|  68|0x0000000744400000, 0x0000000744500000, 0x0000000744500000|100%|HC|  |TS  0|AC  0|TAMS 0x0000000744500000, 0x0000000744500000|
|  69|0x0000000744500000, 0x0000000744600000, 0x0000000744600000|100%|HC|  |TS  0|AC  0|TAMS 0x0000000744600000, 0x0000000744600000|
|  70|0x0000000744600000, 0x0000000744700000, 0x0000000744700000|100%|HC|  |TS  0|AC  0|TAMS 0x0000000744700000, 0x0000000744700000|
|  71|0x0000000744700000, 0x0000000744800000, 0x0000000744800000|100%|HC|  |TS  0|AC  0|TAMS 0x0000000744800000, 0x0000000744800000|
|  72|0x0000000744800000, 0x0000000744900000, 0x0000000744900000|100%|HC|  |TS  0|AC  0|TAMS 0x0000000744900000, 0x0000000744900000|
|  73|0x0000000744900000, 0x0000000744a00000, 0x0000000744a00000|100%|HC|  |TS  0|AC  0|TAMS 0x0000000744a00000, 0x0000000744a00000|
|  74|0x0000000744a00000, 0x0000000744b00000, 0x0000000744b00000|100%|HC|  |TS  0|AC  0|TAMS 0x0000000744b00000, 0x0000000744b00000|
|  75|0x0000000744b00000, 0x0000000744c00000, 0x0000000744c00000|100%|HC|  |TS  0|AC  0|TAMS 0x0000000744c00000, 0x0000000744c00000|
|  76|0x0000000744c00000, 0x0000000744d00000, 0x0000000744d00000|100%|HC|  |TS  0|AC  0|TAMS 0x0000000744d00000, 0x0000000744d00000|
|  77|0x0000000744d00000, 0x0000000744e00000, 0x0000000744e00000|100%|HC|  |TS  0|AC  0|TAMS 0x0000000744e00000, 0x0000000744e00000|
|  78|0x0000000744e00000, 0x0000000744f00000, 0x0000000744f00000|100%| O|  |TS  0|AC  0|TAMS 0x0000000744f00000, 0x0000000744f00000|
|  79|0x0000000744f00000, 0x0000000745000000, 0x0000000745000000|100%| O|  |TS  0|AC  0|TAMS 0x0000000745000000, 0x0000000745000000|
|  80|0x0000000745000000, 0x0000000745100000, 0x0000000745100000|100%| O|  |TS  0|AC  0|TAMS 0x0000000745100000, 0x0000000745100000|
|  81|0x0000000745100000, 0x0000000745200000, 0x0000000745200000|100%| O|  |TS  0|AC  0|TAMS 0x0000000745200000, 0x0000000745200000|
|  82|0x0000000745200000, 0x0000000745300000, 0x0000000745300000|100%|HS|  |TS  0|AC  0|TAMS 0x0000000745300000, 0x0000000745300000|
|  83|0x0000000745300000, 0x0000000745400000, 0x0000000745400000|100%|HC|  |TS  0|AC  0|TAMS 0x0000000745400000, 0x0000000745400000|
|  84|0x0000000745400000, 0x0000000745500000, 0x0000000745500000|100%|HC|  |TS  0|AC  0|TAMS 0x0000000745500000, 0x0000000745500000|
|  85|0x0000000745500000, 0x0000000745600000, 0x0000000745600000|100%|HC|  |TS  0|AC  0|TAMS 0x0000000745600000, 0x0000000745600000|
|  86|0x0000000745600000, 0x0000000745700000, 0x0000000745700000|100%|HC|  |TS  0|AC  0|TAMS 0x0000000745700000, 0x0000000745700000|
|  87|0x0000000745700000, 0x0000000745800000, 0x0000000745800000|100%|HC|  |TS  0|AC  0|TAMS 0x0000000745800000, 0x0000000745800000|
|  88|0x0000000745800000, 0x0000000745900000, 0x0000000745900000|100%|HC|  |TS  0|AC  0|TAMS 0x0000000745900000, 0x0000000745900000|
|  89|0x0000000745900000, 0x0000000745a00000, 0x0000000745a00000|100%|HC|  |TS  0|AC  0|TAMS 0x0000000745a00000, 0x0000000745a00000|
|  90|0x0000000745a00000, 0x0000000745b00000, 0x0000000745b00000|100%|HC|  |TS  0|AC  0|TAMS 0x0000000745b00000, 0x0000000745b00000|
|  91|0x0000000745b00000, 0x0000000745c00000, 0x0000000745c00000|100%|HC|  |TS  0|AC  0|TAMS 0x0000000745c00000, 0x0000000745c00000|
|  92|0x0000000745c00000, 0x0000000745d00000, 0x0000000745d00000|100%|HC|  |TS  0|AC  0|TAMS 0x0000000745d00000, 0x0000000745d00000|
|  93|0x0000000745d00000, 0x0000000745e00000, 0x0000000745e00000|100%|HC|  |TS  0|AC  0|TAMS 0x0000000745e00000, 0x0000000745e00000|
|  94|0x0000000745e00000, 0x0000000745f00000, 0x0000000745f00000|100%|HC|  |TS  0|AC  0|TAMS 0x0000000745f00000, 0x0000000745f00000|
|  95|0x0000000745f00000, 0x0000000746000000, 0x0000000746000000|100%|HC|  |TS  0|AC  0|TAMS 0x0000000746000000, 0x0000000746000000|
|  96|0x0000000746000000, 0x0000000746100000, 0x0000000746100000|100%|HC|  |TS  0|AC  0|TAMS 0x0000000746100000, 0x0000000746100000|
|  97|0x0000000746100000, 0x0000000746200000, 0x0000000746200000|100%|HC|  |TS  0|AC  0|TAMS 0x0000000746200000, 0x0000000746200000|
|  98|0x0000000746200000, 0x0000000746300000, 0x0000000746300000|100%|HC|  |TS  0|AC  0|TAMS 0x0000000746300000, 0x0000000746300000|
|  99|0x0000000746300000, 0x0000000746400000, 0x0000000746400000|100%|HC|  |TS  0|AC  0|TAMS 0x0000000746400000, 0x0000000746400000|
| 100|0x0000000746400000, 0x0000000746500000, 0x0000000746500000|100%|HC|  |TS  0|AC  0|TAMS 0x0000000746500000, 0x0000000746500000|
| 101|0x0000000746500000, 0x0000000746600000, 0x0000000746600000|100%|HC|  |TS  0|AC  0|TAMS 0x0000000746600000, 0x0000000746600000|
| 102|0x0000000746600000, 0x0000000746700000, 0x0000000746700000|100%|HC|  |TS  0|AC  0|TAMS 0x0000000746700000, 0x0000000746700000|
| 103|0x0000000746700000, 0x0000000746800000, 0x0000000746800000|100%|HC|  |TS  0|AC  0|TAMS 0x0000000746800000, 0x0000000746800000|
| 104|0x0000000746800000, 0x0000000746900000, 0x0000000746900000|100%| O|  |TS  0|AC  0|TAMS 0x0000000746900000, 0x0000000746900000|
| 105|0x0000000746900000, 0x0000000746a00000, 0x0000000746a00000|100%| O|  |TS  0|AC  0|TAMS 0x0000000746a00000, 0x0000000746a00000|
| 106|0x0000000746a00000, 0x0000000746b00000, 0x0000000746b00000|100%| O|  |TS  0|AC  0|TAMS 0x0000000746b00000, 0x0000000746b00000|
| 107|0x0000000746b00000, 0x0000000746c00000, 0x0000000746c00000|100%| O|  |TS  0|AC  0|TAMS 0x0000000746c00000, 0x0000000746c00000|
| 108|0x0000000746c00000, 0x0000000746d00000, 0x0000000746d00000|100%| O|  |TS  0|AC  0|TAMS 0x0000000746d00000, 0x0000000746d00000|
| 109|0x0000000746d00000, 0x0000000746e00000, 0x0000000746e00000|100%| O|  |TS  0|AC  0|TAMS 0x0000000746e00000, 0x0000000746e00000|
| 110|0x0000000746e00000, 0x0000000746f00000, 0x0000000746f00000|100%| O|  |TS  0|AC  0|TAMS 0x0000000746f00000, 0x0000000746f00000|
| 111|0x0000000746f00000, 0x0000000747000000, 0x0000000747000000|100%| O|  |TS  0|AC  0|TAMS 0x0000000747000000, 0x0000000747000000|
| 112|0x0000000747000000, 0x0000000747100000, 0x0000000747100000|100%| O|  |TS  0|AC  0|TAMS 0x0000000747100000, 0x0000000747100000|
| 113|0x0000000747100000, 0x0000000747200000, 0x0000000747200000|100%| O|  |TS  0|AC  0|TAMS 0x0000000747200000, 0x0000000747200000|
| 114|0x0000000747200000, 0x0000000747300000, 0x0000000747300000|100%| O|  |TS  0|AC  0|TAMS 0x0000000747300000, 0x0000000747300000|
| 115|0x0000000747300000, 0x0000000747400000, 0x0000000747400000|100%| O|  |TS  0|AC  0|TAMS 0x0000000747400000, 0x0000000747400000|
| 116|0x0000000747400000, 0x0000000747500000, 0x0000000747500000|100%| O|  |TS  0|AC  0|TAMS 0x0000000747500000, 0x0000000747500000|
| 117|0x0000000747500000, 0x0000000747500000, 0x0000000747600000|  0%| F|  |TS  0|AC  0|TAMS 0x0000000747500000, 0x0000000747500000|
| 118|0x0000000747600000, 0x0000000747700000, 0x0000000747700000|100%| O|  |TS  0|AC  0|TAMS 0x0000000747700000, 0x0000000747700000|
| 119|0x0000000747700000, 0x0000000747800000, 0x0000000747800000|100%| O|  |TS  0|AC  0|TAMS 0x0000000747800000, 0x0000000747800000|
| 120|0x0000000747800000, 0x0000000747900000, 0x0000000747900000|100%| O|  |TS  0|AC  0|TAMS 0x0000000747900000, 0x0000000747900000|
| 121|0x0000000747900000, 0x0000000747a00000, 0x0000000747a00000|100%| O|  |TS  0|AC  0|TAMS 0x0000000747a00000, 0x0000000747a00000|
| 122|0x0000000747a00000, 0x0000000747b00000, 0x0000000747b00000|100%| O|  |TS  0|AC  0|TAMS 0x0000000747b00000, 0x0000000747b00000|
| 123|0x0000000747b00000, 0x0000000747c00000, 0x0000000747c00000|100%| O|  |TS  0|AC  0|TAMS 0x0000000747c00000, 0x0000000747c00000|
| 124|0x0000000747c00000, 0x0000000747d00000, 0x0000000747d00000|100%| O|  |TS  0|AC  0|TAMS 0x0000000747d00000, 0x0000000747d00000|
| 125|0x0000000747d00000, 0x0000000747e00000, 0x0000000747e00000|100%|HS|  |TS  0|AC  0|TAMS 0x0000000747e00000, 0x0000000747e00000|
| 126|0x0000000747e00000, 0x0000000747f00000, 0x0000000747f00000|100%| O|  |TS  0|AC  0|TAMS 0x0000000747f00000, 0x0000000747f00000|
| 127|0x0000000747f00000, 0x0000000748000000, 0x0000000748000000|100%| O|  |TS  0|AC  0|TAMS 0x0000000748000000, 0x0000000748000000|
| 128|0x0000000748000000, 0x0000000748100000, 0x0000000748100000|100%| O|  |TS  0|AC  0|TAMS 0x0000000748100000, 0x0000000748100000|
| 129|0x0000000748100000, 0x0000000748200000, 0x0000000748200000|100%| O|  |TS  0|AC  0|TAMS 0x0000000748200000, 0x0000000748200000|
| 130|0x0000000748200000, 0x0000000748300000, 0x0000000748300000|100%| O|  |TS  0|AC  0|TAMS 0x0000000748300000, 0x0000000748300000|
| 131|0x0000000748300000, 0x0000000748400000, 0x0000000748400000|100%| O|  |TS  0|AC  0|TAMS 0x0000000748400000, 0x0000000748400000|
| 132|0x0000000748400000, 0x0000000748500000, 0x0000000748500000|100%|HS|  |TS  0|AC  0|TAMS 0x0000000748500000, 0x0000000748500000|
| 133|0x0000000748500000, 0x0000000748600000, 0x0000000748600000|100%|HC|  |TS  0|AC  0|TAMS 0x0000000748600000, 0x0000000748600000|
| 134|0x0000000748600000, 0x0000000748700000, 0x0000000748700000|100%|HC|  |TS  0|AC  0|TAMS 0x0000000748700000, 0x0000000748700000|
| 135|0x0000000748700000, 0x0000000748800000, 0x0000000748800000|100%| O|  |TS  0|AC  0|TAMS 0x0000000748800000, 0x0000000748800000|
| 136|0x0000000748800000, 0x0000000748900000, 0x0000000748900000|100%| O|  |TS  0|AC  0|TAMS 0x0000000748900000, 0x0000000748900000|
| 137|0x0000000748900000, 0x0000000748a00000, 0x0000000748a00000|100%| O|  |TS  0|AC  0|TAMS 0x0000000748a00000, 0x0000000748a00000|
| 138|0x0000000748a00000, 0x0000000748b00000, 0x0000000748b00000|100%|HS|  |TS  0|AC  0|TAMS 0x0000000748b00000, 0x0000000748b00000|
| 139|0x0000000748b00000, 0x0000000748c00000, 0x0000000748c00000|100%|HC|  |TS  0|AC  0|TAMS 0x0000000748c00000, 0x0000000748c00000|
| 140|0x0000000748c00000, 0x0000000748d00000, 0x0000000748d00000|100%|HC|  |TS  0|AC  0|TAMS 0x0000000748d00000, 0x0000000748d00000|
| 141|0x0000000748d00000, 0x0000000748e00000, 0x0000000748e00000|100%|HC|  |TS  0|AC  0|TAMS 0x0000000748e00000, 0x0000000748e00000|
| 142|0x0000000748e00000, 0x0000000748f00000, 0x0000000748f00000|100%|HC|  |TS  0|AC  0|TAMS 0x0000000748f00000, 0x0000000748f00000|
| 143|0x0000000748f00000, 0x0000000749000000, 0x0000000749000000|100%|HC|  |TS  0|AC  0|TAMS 0x0000000749000000, 0x0000000749000000|
| 144|0x0000000749000000, 0x0000000749100000, 0x0000000749100000|100%|HC|  |TS  0|AC  0|TAMS 0x0000000749100000, 0x0000000749100000|
| 145|0x0000000749100000, 0x0000000749200000, 0x0000000749200000|100%|HC|  |TS  0|AC  0|TAMS 0x0000000749200000, 0x0000000749200000|
| 146|0x0000000749200000, 0x0000000749300000, 0x0000000749300000|100%|HC|  |TS  0|AC  0|TAMS 0x0000000749300000, 0x0000000749300000|
| 147|0x0000000749300000, 0x0000000749400000, 0x0000000749400000|100%|HC|  |TS  0|AC  0|TAMS 0x0000000749400000, 0x0000000749400000|
| 148|0x0000000749400000, 0x0000000749500000, 0x0000000749500000|100%|HC|  |TS  0|AC  0|TAMS 0x0000000749500000, 0x0000000749500000|
| 149|0x0000000749500000, 0x0000000749600000, 0x0000000749600000|100%|HC|  |TS  0|AC  0|TAMS 0x0000000749600000, 0x0000000749600000|
| 150|0x0000000749600000, 0x0000000749700000, 0x0000000749700000|100%|HC|  |TS  0|AC  0|TAMS 0x0000000749700000, 0x0000000749700000|
| 151|0x0000000749700000, 0x0000000749800000, 0x0000000749800000|100%|HC|  |TS  0|AC  0|TAMS 0x0000000749800000, 0x0000000749800000|
| 152|0x0000000749800000, 0x0000000749900000, 0x0000000749900000|100%|HC|  |TS  0|AC  0|TAMS 0x0000000749900000, 0x0000000749900000|
| 153|0x0000000749900000, 0x0000000749a00000, 0x0000000749a00000|100%|HC|  |TS  0|AC  0|TAMS 0x0000000749a00000, 0x0000000749a00000|
| 154|0x0000000749a00000, 0x0000000749b00000, 0x0000000749b00000|100%|HC|  |TS  0|AC  0|TAMS 0x0000000749b00000, 0x0000000749b00000|
| 155|0x0000000749b00000, 0x0000000749c00000, 0x0000000749c00000|100%|HC|  |TS  0|AC  0|TAMS 0x0000000749c00000, 0x0000000749c00000|
| 156|0x0000000749c00000, 0x0000000749d00000, 0x0000000749d00000|100%|HC|  |TS  0|AC  0|TAMS 0x0000000749d00000, 0x0000000749d00000|
| 157|0x0000000749d00000, 0x0000000749e00000, 0x0000000749e00000|100%|HC|  |TS  0|AC  0|TAMS 0x0000000749e00000, 0x0000000749e00000|
| 158|0x0000000749e00000, 0x0000000749f00000, 0x0000000749f00000|100%|HC|  |TS  0|AC  0|TAMS 0x0000000749f00000, 0x0000000749f00000|
| 159|0x0000000749f00000, 0x000000074a000000, 0x000000074a000000|100%|HC|  |TS  0|AC  0|TAMS 0x000000074a000000, 0x000000074a000000|
| 160|0x000000074a000000, 0x000000074a100000, 0x000000074a100000|100%| O|  |TS  0|AC  0|TAMS 0x000000074a100000, 0x000000074a100000|
| 161|0x000000074a100000, 0x000000074a200000, 0x000000074a200000|100%| O|  |TS  0|AC  0|TAMS 0x000000074a200000, 0x000000074a200000|
| 162|0x000000074a200000, 0x000000074a300000, 0x000000074a300000|100%| O|  |TS  0|AC  0|TAMS 0x000000074a300000, 0x000000074a300000|
| 163|0x000000074a300000, 0x000000074a400000, 0x000000074a400000|100%| O|  |TS  0|AC  0|TAMS 0x000000074a400000, 0x000000074a400000|
| 164|0x000000074a400000, 0x000000074a500000, 0x000000074a500000|100%| O|  |TS  0|AC  0|TAMS 0x000000074a500000, 0x000000074a500000|
| 165|0x000000074a500000, 0x000000074a600000, 0x000000074a600000|100%| O|  |TS  0|AC  0|TAMS 0x000000074a600000, 0x000000074a600000|
| 166|0x000000074a600000, 0x000000074a700000, 0x000000074a700000|100%| O|  |TS  0|AC  0|TAMS 0x000000074a700000, 0x000000074a700000|
| 167|0x000000074a700000, 0x000000074a800000, 0x000000074a800000|100%| O|  |TS  0|AC  0|TAMS 0x000000074a800000, 0x000000074a800000|
| 168|0x000000074a800000, 0x000000074a900000, 0x000000074a900000|100%| O|  |TS  0|AC  0|TAMS 0x000000074a900000, 0x000000074a900000|
| 169|0x000000074a900000, 0x000000074aa00000, 0x000000074aa00000|100%| O|  |TS  0|AC  0|TAMS 0x000000074aa00000, 0x000000074aa00000|
| 170|0x000000074aa00000, 0x000000074ab00000, 0x000000074ab00000|100%| O|  |TS  0|AC  0|TAMS 0x000000074ab00000, 0x000000074ab00000|
| 171|0x000000074ab00000, 0x000000074ac00000, 0x000000074ac00000|100%|HS|  |TS  0|AC  0|TAMS 0x000000074ac00000, 0x000000074ac00000|
| 172|0x000000074ac00000, 0x000000074ad00000, 0x000000074ad00000|100%|HC|  |TS  0|AC  0|TAMS 0x000000074ad00000, 0x000000074ad00000|
| 173|0x000000074ad00000, 0x000000074ae00000, 0x000000074ae00000|100%|HC|  |TS  0|AC  0|TAMS 0x000000074ae00000, 0x000000074ae00000|
| 174|0x000000074ae00000, 0x000000074af00000, 0x000000074af00000|100%|HC|  |TS  0|AC  0|TAMS 0x000000074af00000, 0x000000074af00000|
| 175|0x000000074af00000, 0x000000074b000000, 0x000000074b000000|100%|HC|  |TS  0|AC  0|TAMS 0x000000074b000000, 0x000000074b000000|
| 176|0x000000074b000000, 0x000000074b100000, 0x000000074b100000|100%|HC|  |TS  0|AC  0|TAMS 0x000000074b100000, 0x000000074b100000|
| 177|0x000000074b100000, 0x000000074b200000, 0x000000074b200000|100%|HC|  |TS  0|AC  0|TAMS 0x000000074b200000, 0x000000074b200000|
| 178|0x000000074b200000, 0x000000074b300000, 0x000000074b300000|100%|HC|  |TS  0|AC  0|TAMS 0x000000074b300000, 0x000000074b300000|
| 179|0x000000074b300000, 0x000000074b400000, 0x000000074b400000|100%|HC|  |TS  0|AC  0|TAMS 0x000000074b400000, 0x000000074b400000|
| 180|0x000000074b400000, 0x000000074b500000, 0x000000074b500000|100%|HC|  |TS  0|AC  0|TAMS 0x000000074b500000, 0x000000074b500000|
| 181|0x000000074b500000, 0x000000074b600000, 0x000000074b600000|100%|HC|  |TS  0|AC  0|TAMS 0x000000074b600000, 0x000000074b600000|
| 182|0x000000074b600000, 0x000000074b700000, 0x000000074b700000|100%|HC|  |TS  0|AC  0|TAMS 0x000000074b700000, 0x000000074b700000|
| 183|0x000000074b700000, 0x000000074b800000, 0x000000074b800000|100%|HC|  |TS  0|AC  0|TAMS 0x000000074b800000, 0x000000074b800000|
| 184|0x000000074b800000, 0x000000074b900000, 0x000000074b900000|100%|HC|  |TS  0|AC  0|TAMS 0x000000074b900000, 0x000000074b900000|
| 185|0x000000074b900000, 0x000000074ba00000, 0x000000074ba00000|100%|HC|  |TS  0|AC  0|TAMS 0x000000074ba00000, 0x000000074ba00000|
| 186|0x000000074ba00000, 0x000000074bb00000, 0x000000074bb00000|100%|HC|  |TS  0|AC  0|TAMS 0x000000074bb00000, 0x000000074bb00000|
| 187|0x000000074bb00000, 0x000000074bc00000, 0x000000074bc00000|100%|HC|  |TS  0|AC  0|TAMS 0x000000074bc00000, 0x000000074bc00000|
| 188|0x000000074bc00000, 0x000000074bd00000, 0x000000074bd00000|100%|HC|  |TS  0|AC  0|TAMS 0x000000074bd00000, 0x000000074bd00000|
| 189|0x000000074bd00000, 0x000000074be00000, 0x000000074be00000|100%|HC|  |TS  0|AC  0|TAMS 0x000000074be00000, 0x000000074be00000|
| 190|0x000000074be00000, 0x000000074bf00000, 0x000000074bf00000|100%|HC|  |TS  0|AC  0|TAMS 0x000000074bf00000, 0x000000074bf00000|
| 191|0x000000074bf00000, 0x000000074c000000, 0x000000074c000000|100%|HC|  |TS  0|AC  0|TAMS 0x000000074c000000, 0x000000074c000000|
| 192|0x000000074c000000, 0x000000074c100000, 0x000000074c100000|100%|HC|  |TS  0|AC  0|TAMS 0x000000074c100000, 0x000000074c100000|
| 193|0x000000074c100000, 0x000000074c200000, 0x000000074c200000|100%| O|  |TS  0|AC  0|TAMS 0x000000074c200000, 0x000000074c200000|
| 194|0x000000074c200000, 0x000000074c300000, 0x000000074c300000|100%| O|  |TS  0|AC  0|TAMS 0x000000074c300000, 0x000000074c300000|
| 195|0x000000074c300000, 0x000000074c3c6e00, 0x000000074c400000| 77%| O|  |TS  1|AC  0|TAMS 0x000000074c3c6e00, 0x000000074c3c6e00|
| 196|0x000000074c400000, 0x000000074c400000, 0x000000074c500000|  0%| F|  |TS  0|AC  0|TAMS 0x000000074c400000, 0x000000074c400000|
| 197|0x000000074c500000, 0x000000074c600000, 0x000000074c600000|100%| O|  |TS  0|AC  0|TAMS 0x000000074c600000, 0x000000074c600000|
| 198|0x000000074c600000, 0x000000074c700000, 0x000000074c700000|100%| O|  |TS  0|AC  0|TAMS 0x000000074c700000, 0x000000074c700000|
| 199|0x000000074c700000, 0x000000074c700000, 0x000000074c800000|  0%| F|  |TS  0|AC  0|TAMS 0x000000074c700000, 0x000000074c700000|
| 200|0x000000074c800000, 0x000000074c900000, 0x000000074c900000|100%| O|  |TS  0|AC  0|TAMS 0x000000074c900000, 0x000000074c900000|
| 201|0x000000074c900000, 0x000000074ca00000, 0x000000074ca00000|100%| O|  |TS  0|AC  0|TAMS 0x000000074ca00000, 0x000000074ca00000|
| 202|0x000000074ca00000, 0x000000074cb00000, 0x000000074cb00000|100%| O|  |TS  0|AC  0|TAMS 0x000000074cb00000, 0x000000074cb00000|
| 203|0x000000074cb00000, 0x000000074cc00000, 0x000000074cc00000|100%| O|  |TS  0|AC  0|TAMS 0x000000074cc00000, 0x000000074cc00000|
| 204|0x000000074cc00000, 0x000000074cd00000, 0x000000074cd00000|100%| O|  |TS  0|AC  0|TAMS 0x000000074cd00000, 0x000000074cd00000|
| 205|0x000000074cd00000, 0x000000074ce00000, 0x000000074ce00000|100%| O|  |TS  0|AC  0|TAMS 0x000000074ce00000, 0x000000074ce00000|
| 206|0x000000074ce00000, 0x000000074ce00000, 0x000000074cf00000|  0%| F|  |TS  0|AC  0|TAMS 0x000000074ce00000, 0x000000074ce00000|
| 207|0x000000074cf00000, 0x000000074cf00000, 0x000000074d000000|  0%| F|  |TS  0|AC  0|TAMS 0x000000074cf00000, 0x000000074cf00000|
| 208|0x000000074d000000, 0x000000074d000000, 0x000000074d100000|  0%| F|  |TS  0|AC  0|TAMS 0x000000074d000000, 0x000000074d000000|
| 209|0x000000074d100000, 0x000000074d100000, 0x000000074d200000|  0%| F|  |TS  0|AC  0|TAMS 0x000000074d100000, 0x000000074d100000|
| 210|0x000000074d200000, 0x000000074d200000, 0x000000074d300000|  0%| F|  |TS  0|AC  0|TAMS 0x000000074d200000, 0x000000074d200000|
| 211|0x000000074d300000, 0x000000074d300000, 0x000000074d400000|  0%| F|  |TS  0|AC  0|TAMS 0x000000074d300000, 0x000000074d300000|
| 212|0x000000074d400000, 0x000000074d400000, 0x000000074d500000|  0%| F|  |TS  0|AC  0|TAMS 0x000000074d400000, 0x000000074d400000|
| 213|0x000000074d500000, 0x000000074d500000, 0x000000074d600000|  0%| F|  |TS  0|AC  0|TAMS 0x000000074d500000, 0x000000074d500000|
| 214|0x000000074d600000, 0x000000074d700000, 0x000000074d700000|100%| O|  |TS  0|AC  0|TAMS 0x000000074d700000, 0x000000074d700000|
| 215|0x000000074d700000, 0x000000074d800000, 0x000000074d800000|100%|HS|  |TS  0|AC  0|TAMS 0x000000074d800000, 0x000000074d800000|
| 216|0x000000074d800000, 0x000000074d900000, 0x000000074d900000|100%|HC|  |TS  0|AC  0|TAMS 0x000000074d900000, 0x000000074d900000|
| 217|0x000000074d900000, 0x000000074da00000, 0x000000074da00000|100%|HC|  |TS  0|AC  0|TAMS 0x000000074da00000, 0x000000074da00000|
| 218|0x000000074da00000, 0x000000074db00000, 0x000000074db00000|100%|HC|  |TS  0|AC  0|TAMS 0x000000074db00000, 0x000000074db00000|
| 219|0x000000074db00000, 0x000000074dc00000, 0x000000074dc00000|100%|HC|  |TS  0|AC  0|TAMS 0x000000074dc00000, 0x000000074dc00000|
| 220|0x000000074dc00000, 0x000000074dd00000, 0x000000074dd00000|100%|HC|  |TS  0|AC  0|TAMS 0x000000074dd00000, 0x000000074dd00000|
| 221|0x000000074dd00000, 0x000000074de00000, 0x000000074de00000|100%|HC|  |TS  0|AC  0|TAMS 0x000000074de00000, 0x000000074de00000|
| 222|0x000000074de00000, 0x000000074df00000, 0x000000074df00000|100%|HC|  |TS  0|AC  0|TAMS 0x000000074df00000, 0x000000074df00000|
| 223|0x000000074df00000, 0x000000074e000000, 0x000000074e000000|100%|HC|  |TS  0|AC  0|TAMS 0x000000074e000000, 0x000000074e000000|
| 224|0x000000074e000000, 0x000000074e100000, 0x000000074e100000|100%|HC|  |TS  0|AC  0|TAMS 0x000000074e100000, 0x000000074e100000|
| 225|0x000000074e100000, 0x000000074e200000, 0x000000074e200000|100%|HC|  |TS  0|AC  0|TAMS 0x000000074e200000, 0x000000074e200000|
| 226|0x000000074e200000, 0x000000074e300000, 0x000000074e300000|100%|HC|  |TS  0|AC  0|TAMS 0x000000074e300000, 0x000000074e300000|
| 227|0x000000074e300000, 0x000000074e400000, 0x000000074e400000|100%|HC|  |TS  0|AC  0|TAMS 0x000000074e400000, 0x000000074e400000|
| 228|0x000000074e400000, 0x000000074e500000, 0x000000074e500000|100%|HC|  |TS  0|AC  0|TAMS 0x000000074e500000, 0x000000074e500000|
| 229|0x000000074e500000, 0x000000074e600000, 0x000000074e600000|100%|HC|  |TS  0|AC  0|TAMS 0x000000074e600000, 0x000000074e600000|
| 230|0x000000074e600000, 0x000000074e700000, 0x000000074e700000|100%|HC|  |TS  0|AC  0|TAMS 0x000000074e700000, 0x000000074e700000|
| 231|0x000000074e700000, 0x000000074e800000, 0x000000074e800000|100%|HC|  |TS  0|AC  0|TAMS 0x000000074e800000, 0x000000074e800000|
| 232|0x000000074e800000, 0x000000074e900000, 0x000000074e900000|100%|HC|  |TS  0|AC  0|TAMS 0x000000074e900000, 0x000000074e900000|
| 233|0x000000074e900000, 0x000000074ea00000, 0x000000074ea00000|100%|HC|  |TS  0|AC  0|TAMS 0x000000074ea00000, 0x000000074ea00000|
| 234|0x000000074ea00000, 0x000000074eb00000, 0x000000074eb00000|100%|HC|  |TS  0|AC  0|TAMS 0x000000074eb00000, 0x000000074eb00000|
| 235|0x000000074eb00000, 0x000000074ec00000, 0x000000074ec00000|100%|HC|  |TS  0|AC  0|TAMS 0x000000074ec00000, 0x000000074ec00000|
| 236|0x000000074ec00000, 0x000000074ed00000, 0x000000074ed00000|100%|HC|  |TS  0|AC  0|TAMS 0x000000074ed00000, 0x000000074ed00000|
| 237|0x000000074ed00000, 0x000000074ed00000, 0x000000074ee00000|  0%| F|  |TS  0|AC  0|TAMS 0x000000074ed00000, 0x000000074ed00000|
| 238|0x000000074ee00000, 0x000000074ee00000, 0x000000074ef00000|  0%| F|  |TS  0|AC  0|TAMS 0x000000074ee00000, 0x000000074ee00000|
| 239|0x000000074ef00000, 0x000000074ef00000, 0x000000074f000000|  0%| F|  |TS  0|AC  0|TAMS 0x000000074ef00000, 0x000000074ef00000|
| 240|0x000000074f000000, 0x000000074f000000, 0x000000074f100000|  0%| F|  |TS  0|AC  0|TAMS 0x000000074f000000, 0x000000074f000000|
| 241|0x000000074f100000, 0x000000074f100000, 0x000000074f200000|  0%| F|  |TS  0|AC  0|TAMS 0x000000074f100000, 0x000000074f100000|
| 242|0x000000074f200000, 0x000000074f200000, 0x000000074f300000|  0%| F|  |TS  0|AC  0|TAMS 0x000000074f200000, 0x000000074f200000|
| 243|0x000000074f300000, 0x000000074f300000, 0x000000074f400000|  0%| F|  |TS  0|AC  0|TAMS 0x000000074f300000, 0x000000074f300000|
| 244|0x000000074f400000, 0x000000074f400000, 0x000000074f500000|  0%| F|  |TS  0|AC  0|TAMS 0x000000074f400000, 0x000000074f400000|
| 245|0x000000074f500000, 0x000000074f500000, 0x000000074f600000|  0%| F|  |TS  0|AC  0|TAMS 0x000000074f500000, 0x000000074f500000|
| 246|0x000000074f600000, 0x000000074f600000, 0x000000074f700000|  0%| F|  |TS  0|AC  0|TAMS 0x000000074f600000, 0x000000074f600000|
| 247|0x000000074f700000, 0x000000074f700000, 0x000000074f800000|  0%| F|  |TS  0|AC  0|TAMS 0x000000074f700000, 0x000000074f700000|
| 248|0x000000074f800000, 0x000000074f800000, 0x000000074f900000|  0%| F|  |TS  0|AC  0|TAMS 0x000000074f800000, 0x000000074f800000|
| 249|0x000000074f900000, 0x000000074f900000, 0x000000074fa00000|  0%| F|  |TS  0|AC  0|TAMS 0x000000074f900000, 0x000000074f900000|
| 250|0x000000074fa00000, 0x000000074fa00000, 0x000000074fb00000|  0%| F|  |TS  0|AC  0|TAMS 0x000000074fa00000, 0x000000074fa00000|
| 251|0x000000074fb00000, 0x000000074fb17c00, 0x000000074fc00000|  9%| S|CS|TS  1|AC  0|TAMS 0x000000074fb00000, 0x000000074fb00000|
| 252|0x000000074fc00000, 0x000000074fd00000, 0x000000074fd00000|100%| S|CS|TS  1|AC  0|TAMS 0x000000074fc00000, 0x000000074fc00000|
| 253|0x000000074fd00000, 0x000000074fd00000, 0x000000074fe00000|  0%| F|  |TS  1|AC  0|TAMS 0x000000074fd00000, 0x000000074fd00000|
| 254|0x000000074fe00000, 0x000000074fe00000, 0x000000074ff00000|  0%| F|  |TS  1|AC  0|TAMS 0x000000074fe00000, 0x000000074fe00000|
| 255|0x000000074ff00000, 0x000000074ff00000, 0x0000000750000000|  0%| F|  |TS  1|AC  0|TAMS 0x000000074ff00000, 0x000000074ff00000|
| 256|0x0000000750000000, 0x0000000750000000, 0x0000000750100000|  0%| F|  |TS  1|AC  0|TAMS 0x0000000750000000, 0x0000000750000000|
| 257|0x0000000750100000, 0x0000000750100000, 0x0000000750200000|  0%| F|  |TS  1|AC  0|TAMS 0x0000000750100000, 0x0000000750100000|
| 258|0x0000000750200000, 0x0000000750200000, 0x0000000750300000|  0%| F|  |TS  1|AC  0|TAMS 0x0000000750200000, 0x0000000750200000|
| 259|0x0000000750300000, 0x0000000750300000, 0x0000000750400000|  0%| F|  |TS  1|AC  0|TAMS 0x0000000750300000, 0x0000000750300000|
| 260|0x0000000750400000, 0x0000000750400000, 0x0000000750500000|  0%| F|  |TS  1|AC  0|TAMS 0x0000000750400000, 0x0000000750400000|
| 261|0x0000000750500000, 0x0000000750500000, 0x0000000750600000|  0%| F|  |TS  1|AC  0|TAMS 0x0000000750500000, 0x0000000750500000|
| 262|0x0000000750600000, 0x0000000750600000, 0x0000000750700000|  0%| F|  |TS  1|AC  0|TAMS 0x0000000750600000, 0x0000000750600000|
| 263|0x0000000750700000, 0x0000000750800000, 0x0000000750800000|100%|HS|  |TS  0|AC  0|TAMS 0x0000000750800000, 0x0000000750800000|
| 264|0x0000000750800000, 0x0000000750900000, 0x0000000750900000|100%|HC|  |TS  0|AC  0|TAMS 0x0000000750900000, 0x0000000750900000|
| 265|0x0000000750900000, 0x0000000750a00000, 0x0000000750a00000|100%|HC|  |TS  0|AC  0|TAMS 0x0000000750a00000, 0x0000000750a00000|
| 266|0x0000000750a00000, 0x0000000750b00000, 0x0000000750b00000|100%|HC|  |TS  0|AC  0|TAMS 0x0000000750b00000, 0x0000000750b00000|
| 267|0x0000000750b00000, 0x0000000750b00000, 0x0000000750c00000|  0%| F|  |TS  1|AC  0|TAMS 0x0000000750b00000, 0x0000000750b00000|
| 268|0x0000000750c00000, 0x0000000750c00000, 0x0000000750d00000|  0%| F|  |TS  1|AC  0|TAMS 0x0000000750c00000, 0x0000000750c00000|
| 269|0x0000000750d00000, 0x0000000750df49f8, 0x0000000750e00000| 95%| E|  |TS  1|AC  0|TAMS 0x0000000750d00000, 0x0000000750d00000|

Card table byte_map: [0x000000012d10d000,0x000000012d50d000] byte_map_base: 0x000000012970d000

Marking Bits (Prev, Next): (CMBitMap*) 0x00007faf04829698, (CMBitMap*) 0x00007faf04829660
 Prev Bits: [0x000000012f90d000, 0x000000013190d000)
 Next Bits: [0x000000012d90d000, 0x000000012f90d000)

Polling page: 0x000000010f37d000

CodeHeap 'non-profiled nmethods': size=120032Kb used=8284Kb max_used=8535Kb free=111748Kb
 bounds [0x00000001257d5000, 0x0000000126035000, 0x000000012cd0d000]
CodeHeap 'profiled nmethods': size=120032Kb used=14957Kb max_used=17816Kb free=105074Kb
 bounds [0x000000011e29d000, 0x000000011f40d000, 0x00000001257d5000]
CodeHeap 'non-nmethods': size=5696Kb used=1423Kb max_used=1476Kb free=4273Kb
 bounds [0x000000011dd0d000, 0x000000011df7d000, 0x000000011e29d000]
 total_blobs=15289 nmethods=8102 adapters=824
 compilation: enabled

Compilation events (10 events):
Event: 19373.510 Thread 0x00007faf0484c800 10298       4       javafx.scene.layout.CornerRadii::equals (276 bytes)
Event: 19373.526 Thread 0x00007faf0484c800 nmethod 10298 0x0000000125810210 code [0x00000001258103e0, 0x0000000125810d98]
Event: 19373.643 Thread 0x00007faf04017000 10299       4       java.lang.StringConcatHelper::prepend (18 bytes)
Event: 19373.659 Thread 0x00007faf04017000 nmethod 10299 0x000000012594cb90 code [0x000000012594cd40, 0x000000012594d148]
Event: 19375.214 Thread 0x00007faf0484c800 10300       4       java.util.concurrent.atomic.AtomicBoolean::getAndSet (25 bytes)
Event: 19375.215 Thread 0x00007faf0484c800 nmethod 10300 0x000000012580ff90 code [0x0000000125810120, 0x0000000125810198]
Event: 19375.254 Thread 0x00007faf04017000 10301       4       sun.invoke.util.VerifyAccess::isTypeVisible (118 bytes)
Event: 19375.275 Thread 0x00007faf04017000 nmethod 10301 0x000000012594bf10 code [0x000000012594c100, 0x000000012594c748]
Event: 19380.347 Thread 0x00007faf0484c800 10302       4       com.sun.javafx.runtime.SystemProperties::isDebug (4 bytes)
Event: 19380.347 Thread 0x00007faf0484c800 nmethod 10302 0x000000012580fd10 code [0x000000012580fea0, 0x000000012580fef8]

GC Heap History (10 events):
Event: 19276.359 GC heap before
{Heap before GC invocations=399 (full 0):
 garbage-first heap   total 276480K, used 245807K [0x0000000740000000, 0x00000007c0000000)
  region size 1024K, 13 young (13312K), 3 survivors (3072K)
 Metaspace       used 36614K, capacity 37819K, committed 38784K, reserved 1083392K
  class space    used 4203K, capacity 4706K, committed 4992K, reserved 1048576K
}
Event: 19276.442 GC heap after
{Heap after GC invocations=400 (full 0):
 garbage-first heap   total 276480K, used 235853K [0x0000000740000000, 0x00000007c0000000)
  region size 1024K, 1 young (1024K), 1 survivors (1024K)
 Metaspace       used 36614K, capacity 37819K, committed 38784K, reserved 1083392K
  class space    used 4203K, capacity 4706K, committed 4992K, reserved 1048576K
}
Event: 19369.478 GC heap before
{Heap before GC invocations=401 (full 0):
 garbage-first heap   total 276480K, used 248141K [0x0000000740000000, 0x00000007c0000000)
  region size 1024K, 13 young (13312K), 1 survivors (1024K)
 Metaspace       used 36645K, capacity 37861K, committed 38784K, reserved 1083392K
  class space    used 4197K, capacity 4696K, committed 4992K, reserved 1048576K
}
Event: 19369.486 GC heap after
{Heap after GC invocations=402 (full 0):
 garbage-first heap   total 276480K, used 236432K [0x0000000740000000, 0x00000007c0000000)
  region size 1024K, 1 young (1024K), 1 survivors (1024K)
 Metaspace       used 36645K, capacity 37861K, committed 38784K, reserved 1083392K
  class space    used 4197K, capacity 4696K, committed 4992K, reserved 1048576K
}
Event: 19369.978 GC heap before
{Heap before GC invocations=402 (full 0):
 garbage-first heap   total 276480K, used 248720K [0x0000000740000000, 0x00000007c0000000)
  region size 1024K, 13 young (13312K), 1 survivors (1024K)
 Metaspace       used 36647K, capacity 37861K, committed 38784K, reserved 1083392K
  class space    used 4197K, capacity 4696K, committed 4992K, reserved 1048576K
}
Event: 19369.985 GC heap after
{Heap after GC invocations=403 (full 0):
 garbage-first heap   total 276480K, used 236321K [0x0000000740000000, 0x00000007c0000000)
  region size 1024K, 2 young (2048K), 2 survivors (2048K)
 Metaspace       used 36647K, capacity 37861K, committed 38784K, reserved 1083392K
  class space    used 4197K, capacity 4696K, committed 4992K, reserved 1048576K
}
Event: 19371.017 GC heap before
{Heap before GC invocations=403 (full 0):
 garbage-first heap   total 276480K, used 247585K [0x0000000740000000, 0x00000007c0000000)
  region size 1024K, 13 young (13312K), 2 survivors (2048K)
 Metaspace       used 36647K, capacity 37861K, committed 38784K, reserved 1083392K
  class space    used 4197K, capacity 4696K, committed 4992K, reserved 1048576K
}
Event: 19371.023 GC heap after
{Heap after GC invocations=404 (full 0):
 garbage-first heap   total 276480K, used 236291K [0x0000000740000000, 0x00000007c0000000)
  region size 1024K, 1 young (1024K), 1 survivors (1024K)
 Metaspace       used 36647K, capacity 37861K, committed 38784K, reserved 1083392K
  class space    used 4197K, capacity 4696K, committed 4992K, reserved 1048576K
}
Event: 19378.681 GC heap before
{Heap before GC invocations=405 (full 0):
 garbage-first heap   total 276480K, used 248579K [0x0000000740000000, 0x00000007c0000000)
  region size 1024K, 13 young (13312K), 1 survivors (1024K)
 Metaspace       used 36667K, capacity 37881K, committed 38784K, reserved 1083392K
  class space    used 4202K, capacity 4704K, committed 4992K, reserved 1048576K
}
Event: 19378.686 GC heap after
{Heap after GC invocations=406 (full 0):
 garbage-first heap   total 276480K, used 236410K [0x0000000740000000, 0x00000007c0000000)
  region size 1024K, 2 young (2048K), 2 survivors (2048K)
 Metaspace       used 36667K, capacity 37881K, committed 38784K, reserved 1083392K
  class space    used 4202K, capacity 4704K, committed 4992K, reserved 1048576K
}

Deoptimization events (10 events):
Event: 19375.207 Thread 0x00007faf039dd000 Uncommon trap: reason=unstable_if action=reinterpret pc=0x0000000125f20498 method=com.sun.javafx.stage.WindowCloseRequestHandler.dispatchBubblingEvent(Ljavafx/event/Event;)Ljavafx/event/Event; @ 7 c2
Event: 19375.213 Thread 0x00007faf039dd000 Uncommon trap: reason=unstable_if action=reinterpret pc=0x0000000125deb59c method=com.sun.javafx.application.PlatformImpl.checkIdle()V @ 40 c2
Event: 19375.248 Thread 0x00007faf039dd000 Uncommon trap: reason=unstable_if action=reinterpret pc=0x0000000125dede38 method=com.sun.javafx.application.PlatformImpl.checkIdle()V @ 40 c2
Event: 19375.254 Thread 0x00007faf04463800 Uncommon trap: reason=unstable_if action=reinterpret pc=0x0000000125e8627c method=com.sun.javafx.tk.Toolkit.isFxUserThread()Z @ 6 c2
Event: 19375.254 Thread 0x00007faf039dd000 Uncommon trap: reason=unstable_if action=reinterpret pc=0x0000000125edce28 method=java.util.concurrent.CountDownLatch$Sync.tryReleaseShared(I)Z @ 6 c2
Event: 19375.255 Thread 0x00007faf04463800 Uncommon trap: reason=unstable_if action=reinterpret pc=0x0000000125e1ba90 method=com.sun.javafx.application.PlatformImpl.runLater(Ljava/lang/Runnable;Z)V @ 48 c2
Event: 19375.273 Thread 0x00007faf039dd000 Uncommon trap: reason=unstable_if action=reinterpret pc=0x0000000125b21848 method=java.util.concurrent.locks.ReentrantLock$Sync.tryRelease(I)Z @ 28 c2
Event: 19375.273 Thread 0x00007faf030ee800 Uncommon trap: reason=unstable_if action=reinterpret pc=0x0000000125eeafd8 method=java.util.concurrent.locks.AbstractQueuedSynchronizer$ConditionObject.checkInterruptWhileWaiting(Ljava/util/concurrent/locks/AbstractQueuedSynchronizer$Node;)I @ 3 c2
Event: 19375.273 Thread 0x00007faf030ee800 Uncommon trap: reason=unstable_if action=reinterpret pc=0x0000000126011efc method=java.util.concurrent.ThreadPoolExecutor.runStateAtLeast(II)Z @ 2 c2
Event: 19375.288 Thread 0x00007faf0afa5800 Uncommon trap: reason=unstable_if action=reinterpret pc=0x0000000125de9944 method=java.security.AccessControlContext.optimize()Ljava/security/AccessControlContext; @ 49 c2

Classes redefined (0 events):
No events

Internal exceptions (10 events):
Event: 9074.604 Thread 0x00007faf039dd000 Exception <a 'java/io/FileNotFoundException'{0x000000074e8b8698}> (0x000000074e8b8698) thrown at [/scratch/mesos/slaves/9190d864-6621-4810-ba08-d8d8c75ba674-S34/frameworks/1735e8a2-a1db-478c-8104-60c8b0af87dd-0196/executors/f87b4890-2412-429e-bdfd-83788a2
Event: 9077.266 Thread 0x00007faf039dd000 Implicit null exception at 0x0000000125c4d725 to 0x0000000125c4db76
Event: 9077.268 Thread 0x00007faf039dd000 Implicit null exception at 0x0000000125c4ebb2 to 0x0000000125c4f022
Event: 13471.424 Thread 0x00007faf039dd000 Exception <a 'java/lang/NoSuchMethodError'{0x000000074e952628}: java.lang.invoke.DelegatingMethodHandle$Holder.reinvoke_L(Ljava/lang/Object;IIIILjava/lang/Object;Ljava/lang/Object;)Ljava/lang/Object;> (0x000000074e952628) thrown at [/scratch/mesos/slaves/
Event: 16207.222 Thread 0x00007faf039dd000 Exception <a 'java/io/FileNotFoundException'{0x000000074ece8b18}> (0x000000074ece8b18) thrown at [/scratch/mesos/slaves/9190d864-6621-4810-ba08-d8d8c75ba674-S34/frameworks/1735e8a2-a1db-478c-8104-60c8b0af87dd-0196/executors/f87b4890-2412-429e-bdfd-83788a2
Event: 16223.568 Thread 0x00007faf039dd000 Exception <a 'java/io/FileNotFoundException'{0x0000000750b33bb8}> (0x0000000750b33bb8) thrown at [/scratch/mesos/slaves/9190d864-6621-4810-ba08-d8d8c75ba674-S34/frameworks/1735e8a2-a1db-478c-8104-60c8b0af87dd-0196/executors/f87b4890-2412-429e-bdfd-83788a2
Event: 16225.624 Thread 0x00007faf039dd000 Implicit null exception at 0x0000000125dac65c to 0x0000000125dafd8a
Event: 18206.041 Thread 0x00007faf039dd000 Exception <a 'java/io/FileNotFoundException'{0x0000000750161f80}> (0x0000000750161f80) thrown at [/scratch/mesos/slaves/9190d864-6621-4810-ba08-d8d8c75ba674-S34/frameworks/1735e8a2-a1db-478c-8104-60c8b0af87dd-0196/executors/f87b4890-2412-429e-bdfd-83788a2
Event: 18715.297 Thread 0x00007faf039dd000 Exception <a 'java/io/FileNotFoundException'{0x0000000750177da8}> (0x0000000750177da8) thrown at [/scratch/mesos/slaves/9190d864-6621-4810-ba08-d8d8c75ba674-S34/frameworks/1735e8a2-a1db-478c-8104-60c8b0af87dd-0196/executors/f87b4890-2412-429e-bdfd-83788a2
Event: 19375.288 Thread 0x00007faf0afa5800 Implicit null exception at 0x0000000125de8fcc to 0x0000000125de992a

Events (10 events):
Event: 19378.686 Executing VM operation: G1IncCollectionPause done
Event: 19380.406 Executing VM operation: RevokeBias
Event: 19380.406 Executing VM operation: RevokeBias done
Event: 19380.406 Thread 0x00007faf07f16000 Thread exited: 0x00007faf07f16000
Event: 19380.406 Thread 0x00007faf039dd000 Thread added: 0x00007faf039dd000
Event: 19380.406 Executing VM operation: RevokeBias
Event: 19380.406 Executing VM operation: RevokeBias done
Event: 19380.406 Thread 0x00007faf0aed0800 Thread exited: 0x00007faf0aed0800
Event: 19380.430 Executing VM operation: RevokeBias
Event: 19380.430 Executing VM operation: RevokeBias done


Dynamic libraries:
0x00007fff34f2f000 	/System/Library/Frameworks/Cocoa.framework/Versions/A/Cocoa
0x00007fff22274000 	/System/Library/Frameworks/Security.framework/Versions/A/Security
0x00007fff33137000 	/System/Library/Frameworks/ApplicationServices.framework/Versions/A/ApplicationServices
0x00007fff2a4f6000 	/usr/lib/libz.1.dylib
0x00007fff2a5be000 	/usr/lib/libSystem.B.dylib
0x00007fff2045d000 	/System/Library/Frameworks/CoreFoundation.framework/Versions/A/CoreFoundation
0x00007fff2120c000 	/System/Library/Frameworks/Foundation.framework/Versions/C/Foundation
0x00007fff2027d000 	/usr/lib/libobjc.A.dylib
0x00007fff22ca5000 	/System/Library/Frameworks/AppKit.framework/Versions/C/AppKit
0x00007fff25b69000 	/System/Library/Frameworks/CoreData.framework/Versions/A/CoreData
0x00007fff239f1000 	/System/Library/PrivateFrameworks/UIFoundation.framework/Versions/A/UIFoundation
0x00007fff2fbf1000 	/System/Library/PrivateFrameworks/RemoteViewServices.framework/Versions/A/RemoteViewServices
0x00007fff28a02000 	/System/Library/PrivateFrameworks/XCTTargetBootstrap.framework/Versions/A/XCTTargetBootstrap
0x00007fff2b6e7000 	/usr/lib/libspindump.dylib
0x00007fff23c40000 	/System/Library/Frameworks/UniformTypeIdentifiers.framework/Versions/A/UniformTypeIdentifiers
0x00007fff27206000 	/usr/lib/libapp_launch_measurement.dylib
0x00007fff27209000 	/System/Library/PrivateFrameworks/CoreAutoLayout.framework/Versions/A/CoreAutoLayout
0x00007fff28369000 	/System/Library/Frameworks/Metal.framework/Versions/A/Metal
0x00007fff2905f000 	/usr/lib/liblangid.dylib
0x00007fff28a06000 	/System/Library/PrivateFrameworks/CoreSVG.framework/Versions/A/CoreSVG
0x00007fff24c80000 	/System/Library/PrivateFrameworks/SkyLight.framework/Versions/A/SkyLight
0x00007fff24fe6000 	/System/Library/Frameworks/CoreGraphics.framework/Versions/A/CoreGraphics
0x00007fff30118000 	/System/Library/Frameworks/Accelerate.framework/Versions/A/Accelerate
0x00007fff2b125000 	/System/Library/PrivateFrameworks/IconServices.framework/Versions/A/IconServices
0x00007fff2834d000 	/System/Library/Frameworks/IOSurface.framework/Versions/A/IOSurface
0x00007fff264f1000 	/usr/lib/libDiagnosticMessagesClient.dylib
0x00007fff289ee000 	/System/Library/PrivateFrameworks/DFRFoundation.framework/Versions/A/DFRFoundation
0x00007fff225cc000 	/usr/lib/libicucore.A.dylib
0x00007fff2cc30000 	/System/Library/Frameworks/AudioToolbox.framework/Versions/A/AudioToolbox
0x00007fff2beb8000 	/System/Library/PrivateFrameworks/DataDetectorsCore.framework/Versions/A/DataDetectorsCore
0x00007fff24bf3000 	/usr/lib/libMobileGestalt.dylib
0x00007fff286f2000 	/System/Library/Frameworks/Carbon.framework/Versions/A/Frameworks/HIToolbox.framework/Versions/A/HIToolbox
0x00007fff26c4b000 	/System/Library/Frameworks/QuartzCore.framework/Versions/A/QuartzCore
0x00007fff2fc29000 	/System/Library/Frameworks/Carbon.framework/Versions/A/Frameworks/SpeechRecognition.framework/Versions/A/SpeechRecognition
0x00007fff26f6b000 	/System/Library/PrivateFrameworks/CoreUI.framework/Versions/A/CoreUI
0x00007fff21be2000 	/System/Library/Frameworks/CoreAudio.framework/Versions/A/CoreAudio
0x00007fff265dc000 	/System/Library/Frameworks/DiskArbitration.framework/Versions/A/DiskArbitration
0x00007fff2bab5000 	/System/Library/PrivateFrameworks/MultitouchSupport.framework/Versions/A/MultitouchSupport
0x00007fff2beaf000 	/System/Library/PrivateFrameworks/InternationalSupport.framework/Versions/A/InternationalSupport
0x00007fff24bf2000 	/usr/lib/libenergytrace.dylib
0x00007fff22b9c000 	/System/Library/Frameworks/IOKit.framework/Versions/A/IOKit
0x00007fff2ff5c000 	/System/Library/Frameworks/CoreServices.framework/Versions/A/CoreServices
0x00007fff27198000 	/System/Library/PrivateFrameworks/PerformanceAnalysis.framework/Versions/A/PerformanceAnalysis
0x00007fff6bac7000 	/System/Library/Frameworks/OpenGL.framework/Versions/A/OpenGL
0x00007fff2bf33000 	/System/Library/PrivateFrameworks/UserActivity.framework/Versions/A/UserActivity
0x00007fff25670000 	/System/Library/Frameworks/ColorSync.framework/Versions/A/ColorSync
0x00007fff28c6d000 	/System/Library/Frameworks/CoreImage.framework/Versions/A/CoreImage
0x00007fff219fc000 	/System/Library/Frameworks/CoreText.framework/Versions/A/CoreText
0x00007fff28a30000 	/System/Library/Frameworks/ImageIO.framework/Versions/A/ImageIO
0x00007fff2a5c4000 	/System/Library/PrivateFrameworks/SoftLinking.framework/Versions/A/SoftLinking
0x00007fff27251000 	/usr/lib/libxml2.2.dylib
0x00007fff20343000 	/usr/lib/libc++.1.dylib
0x00007fff2a835000 	/usr/lib/libcompression.dylib
0x00007fff2bde1000 	/System/Library/PrivateFrameworks/TextureIO.framework/Versions/A/TextureIO
0x00007fff2ae64000 	/usr/lib/libate.dylib
0x00007fff2a5b8000 	/usr/lib/system/libcache.dylib
0x00007fff2a574000 	/usr/lib/system/libcommonCrypto.dylib
0x00007fff2a59e000 	/usr/lib/system/libcompiler_rt.dylib
0x00007fff2a593000 	/usr/lib/system/libcopyfile.dylib
0x00007fff2016d000 	/usr/lib/system/libcorecrypto.dylib
0x00007fff20238000 	/usr/lib/system/libdispatch.dylib
0x00007fff203eb000 	/usr/lib/system/libdyld.dylib
0x00007fff2a5af000 	/usr/lib/system/libkeymgr.dylib
0x00007fff2d9c7000 	/usr/lib/system/liblaunch.dylib
0x00007fff2a552000 	/usr/lib/system/libmacho.dylib
0x00007fff29d4a000 	/usr/lib/system/libquarantine.dylib
0x00007fff2a5ac000 	/usr/lib/system/libremovefile.dylib
0x00007fff24c50000 	/usr/lib/system/libsystem_asl.dylib
0x00007fff2011d000 	/usr/lib/system/libsystem_blocks.dylib
0x00007fff202ba000 	/usr/lib/system/libsystem_c.dylib
0x00007fff2a5a6000 	/usr/lib/system/libsystem_collections.dylib
0x00007fff29050000 	/usr/lib/system/libsystem_configuration.dylib
0x00007fff2833c000 	/usr/lib/system/libsystem_containermanager.dylib
0x00007fff2a2f5000 	/usr/lib/system/libsystem_coreservices.dylib
0x00007fff2282c000 	/usr/lib/system/libsystem_darwin.dylib
0x00007fff2a5b0000 	/usr/lib/system/libsystem_dnssd.dylib
0x00007fff202b7000 	/usr/lib/system/libsystem_featureflags.dylib
0x00007fff20431000 	/usr/lib/system/libsystem_info.dylib
0x00007fff2a509000 	/usr/lib/system/libsystem_m.dylib
0x00007fff2020b000 	/usr/lib/system/libsystem_malloc.dylib
0x00007fff24be3000 	/usr/lib/system/libsystem_networkextension.dylib
0x00007fff22c4b000 	/usr/lib/system/libsystem_notify.dylib
0x00007fff2fe5e000 	/usr/lib/system/libsystem_product_info_filter.dylib
0x00007fff29054000 	/usr/lib/system/libsystem_sandbox.dylib
0x00007fff2a5a9000 	/usr/lib/system/libsystem_secinit.dylib
0x00007fff203af000 	/usr/lib/system/libsystem_kernel.dylib
0x00007fff20427000 	/usr/lib/system/libsystem_platform.dylib
0x00007fff203df000 	/usr/lib/system/libsystem_pthread.dylib
0x00007fff2632d000 	/usr/lib/system/libsystem_symptoms.dylib
0x00007fff20155000 	/usr/lib/system/libsystem_trace.dylib
0x00007fff2a580000 	/usr/lib/system/libunwind.dylib
0x00007fff2011f000 	/usr/lib/system/libxpc.dylib
0x00007fff20399000 	/usr/lib/libc++abi.dylib
0x00007fff2a58b000 	/usr/lib/liboah.dylib
0x00007fff2ac49000 	/usr/lib/liblzma.5.dylib
0x00007fff20f20000 	/System/Library/Frameworks/SystemConfiguration.framework/Versions/A/SystemConfiguration
0x00007fff2a5c0000 	/usr/lib/libfakelink.dylib
0x00007fff24744000 	/System/Library/Frameworks/CFNetwork.framework/Versions/A/CFNetwork
0x00007fff2a700000 	/usr/lib/libarchive.2.dylib
0x00007fff20f9e000 	/usr/lib/libCRFSuite.dylib
0x00007fff29d71000 	/usr/lib/libbsm.0.dylib
0x00007fff240bd000 	/usr/lib/libnetwork.dylib
0x00007fff2a5c5000 	/usr/lib/libpcap.A.dylib
0x00007fff26326000 	/usr/lib/libdns_services.dylib
0x00007fff2ac62000 	/usr/lib/libcoretls_cfhelpers.dylib
0x00007fff2a7ff000 	/usr/lib/libapple_nghttp2.dylib
0x00007fff2a558000 	/usr/lib/system/libkxld.dylib
0x00007fff25f9f000 	/usr/lib/libsqlite3.dylib
0x00007fff2a2d8000 	/System/Library/PrivateFrameworks/AppleFSCompression.framework/Versions/A/AppleFSCompression
0x00007fff29d59000 	/usr/lib/libcoretls.dylib
0x00007fff2a830000 	/usr/lib/libpam.2.dylib
0x00007fff2ad60000 	/usr/lib/libxar.1.dylib
0x00007fff2905b000 	/System/Library/PrivateFrameworks/AppleSystemInfo.framework/Versions/A/AppleSystemInfo
0x00007fff2999b000 	/System/Library/PrivateFrameworks/IOMobileFramebuffer.framework/Versions/A/IOMobileFramebuffer
0x00007fff2a2e8000 	/usr/lib/libbz2.1.0.dylib
0x00007fff2a5fd000 	/usr/lib/libiconv.2.dylib
0x00007fff2a551000 	/usr/lib/libcharset.1.dylib
0x00007fff271d4000 	/System/Library/Frameworks/CoreServices.framework/Versions/A/Frameworks/FSEvents.framework/Versions/A/FSEvents
0x00007fff22836000 	/System/Library/Frameworks/CoreServices.framework/Versions/A/Frameworks/CarbonCore.framework/Versions/A/CarbonCore
0x00007fff26541000 	/System/Library/Frameworks/CoreServices.framework/Versions/A/Frameworks/Metadata.framework/Versions/A/Metadata
0x00007fff2a2fa000 	/System/Library/Frameworks/CoreServices.framework/Versions/A/Frameworks/OSServices.framework/Versions/A/OSServices
0x00007fff2a772000 	/System/Library/Frameworks/CoreServices.framework/Versions/A/Frameworks/SearchKit.framework/Versions/A/SearchKit
0x00007fff262b1000 	/System/Library/Frameworks/CoreServices.framework/Versions/A/Frameworks/AE.framework/Versions/A/AE
0x00007fff208fb000 	/System/Library/Frameworks/CoreServices.framework/Versions/A/Frameworks/LaunchServices.framework/Versions/A/LaunchServices
0x00007fff2abf9000 	/System/Library/Frameworks/CoreServices.framework/Versions/A/Frameworks/DictionaryServices.framework/Versions/A/DictionaryServices
0x00007fff271e1000 	/System/Library/Frameworks/CoreServices.framework/Versions/A/Frameworks/SharedFileList.framework/Versions/A/SharedFileList
0x00007fff29d4d000 	/usr/lib/libCheckFix.dylib
0x00007fff24c67000 	/System/Library/PrivateFrameworks/TCC.framework/Versions/A/TCC
0x00007fff29061000 	/System/Library/PrivateFrameworks/CoreNLP.framework/Versions/A/CoreNLP
0x00007fff264f4000 	/System/Library/PrivateFrameworks/MetadataUtilities.framework/Versions/A/MetadataUtilities
0x00007fff20fd3000 	/usr/lib/libmecabra.dylib
0x00007fff2a057000 	/System/Library/Frameworks/MLCompute.framework/Versions/A/MLCompute
0x00007fff29d82000 	/usr/lib/libmecab.dylib
0x00007fff29dcc000 	/usr/lib/libgermantok.dylib
0x00007fff2a7da000 	/usr/lib/libThaiTokenizer.dylib
0x00007fff2ad9b000 	/usr/lib/libChineseTokenizer.dylib
0x00007fff2a82e000 	/System/Library/Frameworks/MetalPerformanceShaders.framework/Versions/A/MetalPerformanceShaders
0x00007fff265e3000 	/System/Library/Frameworks/Accelerate.framework/Versions/A/Frameworks/vImage.framework/Versions/A/vImage
0x00007fff2ff36000 	/System/Library/Frameworks/Accelerate.framework/Versions/A/Frameworks/vecLib.framework/Versions/A/vecLib
0x00007fff2ada6000 	/System/Library/Frameworks/Accelerate.framework/Versions/A/Frameworks/vecLib.framework/Versions/A/libvMisc.dylib
0x00007fff297b6000 	/System/Library/Frameworks/Accelerate.framework/Versions/A/Frameworks/vecLib.framework/Versions/A/libvDSP.dylib
0x00007fff20c06000 	/System/Library/Frameworks/Accelerate.framework/Versions/A/Frameworks/vecLib.framework/Versions/A/libBLAS.dylib
0x00007fff2a85b000 	/System/Library/Frameworks/Accelerate.framework/Versions/A/Frameworks/vecLib.framework/Versions/A/libLAPACK.dylib
0x00007fff29dd2000 	/System/Library/Frameworks/Accelerate.framework/Versions/A/Frameworks/vecLib.framework/Versions/A/libLinearAlgebra.dylib
0x00007fff2a817000 	/System/Library/Frameworks/Accelerate.framework/Versions/A/Frameworks/vecLib.framework/Versions/A/libSparseBLAS.dylib
0x00007fff2a855000 	/System/Library/Frameworks/Accelerate.framework/Versions/A/Frameworks/vecLib.framework/Versions/A/libQuadrature.dylib
0x00007fff2910d000 	/System/Library/Frameworks/Accelerate.framework/Versions/A/Frameworks/vecLib.framework/Versions/A/libBNNS.dylib
0x00007fff20eb1000 	/System/Library/Frameworks/Accelerate.framework/Versions/A/Frameworks/vecLib.framework/Versions/A/libSparse.dylib
0x00007fff28fe9000 	/System/Library/Frameworks/MetalPerformanceShaders.framework/Versions/A/Frameworks/MPSCore.framework/Versions/A/MPSCore
0x00007fff2a247000 	/System/Library/Frameworks/MetalPerformanceShaders.framework/Versions/A/Frameworks/MPSImage.framework/Versions/A/MPSImage
0x00007fff29de8000 	/System/Library/Frameworks/MetalPerformanceShaders.framework/Versions/A/Frameworks/MPSNeuralNetwork.framework/Versions/A/MPSNeuralNetwork
0x00007fff2a1b9000 	/System/Library/Frameworks/MetalPerformanceShaders.framework/Versions/A/Frameworks/MPSMatrix.framework/Versions/A/MPSMatrix
0x00007fff2a007000 	/System/Library/Frameworks/MetalPerformanceShaders.framework/Versions/A/Frameworks/MPSRayIntersector.framework/Versions/A/MPSRayIntersector
0x00007fff2a1f0000 	/System/Library/Frameworks/MetalPerformanceShaders.framework/Versions/A/Frameworks/MPSNDArray.framework/Versions/A/MPSNDArray
0x00007fff20b31000 	/System/Library/PrivateFrameworks/MetalTools.framework/Versions/A/MetalTools
0x00007fff29059000 	/System/Library/PrivateFrameworks/AggregateDictionary.framework/Versions/A/AggregateDictionary
0x00007fff264c1000 	/System/Library/PrivateFrameworks/CoreAnalytics.framework/Versions/A/CoreAnalytics
0x00007fff2a7dc000 	/System/Library/PrivateFrameworks/AppleSauce.framework/Versions/A/AppleSauce
0x00007fff2835f000 	/System/Library/PrivateFrameworks/IOAccelerator.framework/Versions/A/IOAccelerator
0x00007fff6babb000 	/System/Library/Frameworks/OpenGL.framework/Versions/A/Libraries/libCoreFSCache.dylib
0x00007fff2156b000 	/System/Library/PrivateFrameworks/LanguageModeling.framework/Versions/A/LanguageModeling
0x00007fff29989000 	/System/Library/PrivateFrameworks/CoreEmoji.framework/Versions/A/CoreEmoji
0x00007fff29106000 	/System/Library/PrivateFrameworks/LinguisticData.framework/Versions/A/LinguisticData
0x00007fff20e63000 	/System/Library/PrivateFrameworks/Lexicon.framework/Versions/A/Lexicon
0x00007fff2a6ee000 	/usr/lib/libcmph.dylib
0x00007fff271b4000 	/System/Library/Frameworks/OpenDirectory.framework/Versions/A/Frameworks/CFOpenDirectory.framework/Versions/A/CFOpenDirectory
0x00007fff271a4000 	/System/Library/Frameworks/OpenDirectory.framework/Versions/A/OpenDirectory
0x00007fff2ac64000 	/System/Library/PrivateFrameworks/APFS.framework/Versions/A/APFS
0x00007fff29caf000 	/System/Library/Frameworks/SecurityFoundation.framework/Versions/A/SecurityFoundation
0x00007fff2ad6e000 	/usr/lib/libutil.dylib
0x00007fff22b61000 	/System/Library/PrivateFrameworks/CoreServicesStore.framework/Versions/A/CoreServicesStore
0x00007fff29d45000 	/System/Library/Frameworks/ServiceManagement.framework/Versions/A/ServiceManagement
0x00007fff2ad72000 	/usr/lib/libxslt.1.dylib
0x00007fff29d3b000 	/System/Library/PrivateFrameworks/BackgroundTaskManagement.framework/Versions/A/BackgroundTaskManagement
0x00007fff2bd2b000 	/System/Library/Frameworks/ImageIO.framework/Versions/A/Resources/libRadiance.dylib
0x00007fff2bd35000 	/System/Library/Frameworks/ImageIO.framework/Versions/A/Resources/libJPEG.dylib
0x00007fff2bc7f000 	/System/Library/Frameworks/ImageIO.framework/Versions/A/Resources/libPng.dylib
0x00007fff2bca6000 	/System/Library/Frameworks/ImageIO.framework/Versions/A/Resources/libTIFF.dylib
0x00007fff2bd8a000 	/System/Library/Frameworks/ImageIO.framework/Versions/A/Resources/libGIF.dylib
0x00007fff2b9d1000 	/System/Library/Frameworks/ImageIO.framework/Versions/A/Resources/libJP2.dylib
0x00007fff2b0ed000 	/usr/lib/libexpat.1.dylib
0x00007fff2b987000 	/System/Library/PrivateFrameworks/AppleJPEG.framework/Versions/A/AppleJPEG
0x00007fff28595000 	/System/Library/PrivateFrameworks/FontServices.framework/libFontParser.dylib
0x00007fff26268000 	/System/Library/PrivateFrameworks/RunningBoardServices.framework/Versions/A/RunningBoardServices
0x00007fff2bab1000 	/System/Library/PrivateFrameworks/WatchdogClient.framework/Versions/A/WatchdogClient
0x00007fff21654000 	/System/Library/Frameworks/CoreDisplay.framework/Versions/A/CoreDisplay
0x00007fff284aa000 	/System/Library/Frameworks/CoreMedia.framework/Versions/A/CoreMedia
0x00007fff27334000 	/System/Library/Frameworks/CoreVideo.framework/Versions/A/CoreVideo
0x00007fff2baec000 	/System/Library/Frameworks/VideoToolbox.framework/Versions/A/VideoToolbox
0x00007fff261e8000 	/System/Library/PrivateFrameworks/BaseBoard.framework/Versions/A/BaseBoard
0x00007fff2b231000 	/System/Library/PrivateFrameworks/PersistentConnection.framework/Versions/A/PersistentConnection
0x00007fff25f89000 	/System/Library/PrivateFrameworks/ProtocolBuffer.framework/Versions/A/ProtocolBuffer
0x00007fff261d0000 	/System/Library/PrivateFrameworks/CommonUtilities.framework/Versions/A/CommonUtilities
0x00007fff2b94a000 	/System/Library/PrivateFrameworks/Bom.framework/Versions/A/Bom
0x00007fff2bd23000 	/System/Library/PrivateFrameworks/GPUWrangler.framework/Versions/A/GPUWrangler
0x00007fff2bd06000 	/System/Library/PrivateFrameworks/IOPresentment.framework/Versions/A/IOPresentment
0x00007fff2bd2f000 	/System/Library/PrivateFrameworks/DSExternalDisplay.framework/Versions/A/DSExternalDisplay
0x00007fff2bd8f000 	/System/Library/PrivateFrameworks/CMCaptureCore.framework/Versions/A/CMCaptureCore
0x00007fff2b6cd000 	/System/Library/PrivateFrameworks/AppServerSupport.framework/Versions/A/AppServerSupport
0x00007fff2d76a000 	/System/Library/PrivateFrameworks/perfdata.framework/Versions/A/perfdata
0x00007fff29c9e000 	/System/Library/PrivateFrameworks/AssertionServices.framework/Versions/A/AssertionServices
0x00007fff2178b000 	/System/Library/PrivateFrameworks/AudioToolboxCore.framework/Versions/A/AudioToolboxCore
0x00007fff2848d000 	/System/Library/PrivateFrameworks/caulk.framework/Versions/A/caulk
0x00007fff3cc16000 	/System/Library/PrivateFrameworks/SystemPolicy.framework/Versions/A/SystemPolicy
0x00007fff2aefc000 	/usr/lib/libIOReport.dylib
0x00007fff2cfa6000 	/usr/lib/libSMC.dylib
0x00007fff2bc4b000 	/usr/lib/libAudioToolboxUtility.dylib
0x00007fff3d573000 	/usr/lib/libmis.dylib
0x00007fff6bb17000 	/System/Library/Frameworks/OpenGL.framework/Versions/A/Libraries/libGLU.dylib
0x00007fff6bada000 	/System/Library/Frameworks/OpenGL.framework/Versions/A/Libraries/libGFXShared.dylib
0x00007fff6bce8000 	/System/Library/Frameworks/OpenGL.framework/Versions/A/Libraries/libGL.dylib
0x00007fff6bae3000 	/System/Library/Frameworks/OpenGL.framework/Versions/A/Libraries/libGLImage.dylib
0x00007fff6bad7000 	/System/Library/Frameworks/OpenGL.framework/Versions/A/Libraries/libCVMSPluginSupport.dylib
0x00007fff6bac2000 	/System/Library/Frameworks/OpenGL.framework/Versions/A/Libraries/libCoreVMClient.dylib
0x00007fff6d132000 	/System/Library/Frameworks/OpenCL.framework/Versions/A/OpenCL
0x00007fff2b25a000 	/System/Library/PrivateFrameworks/GraphVisualizer.framework/Versions/A/GraphVisualizer
0x00007fff2b269000 	/System/Library/PrivateFrameworks/FaceCore.framework/Versions/A/FaceCore
0x00007fff2b685000 	/System/Library/PrivateFrameworks/OTSVG.framework/Versions/A/OTSVG
0x00007fff26f29000 	/System/Library/Frameworks/ApplicationServices.framework/Versions/A/Frameworks/ATS.framework/Versions/A/Resources/libFontRegistry.dylib
0x00007fff2b6d4000 	/System/Library/PrivateFrameworks/FontServices.framework/libhvf.dylib
0x00007fff2b099000 	/System/Library/PrivateFrameworks/AppleVA.framework/Versions/A/AppleVA
0x00007fff2cdee000 	/System/Library/Frameworks/ApplicationServices.framework/Versions/A/Frameworks/ATS.framework/Versions/A/ATS
0x00007fff2d101000 	/System/Library/Frameworks/ApplicationServices.framework/Versions/A/Frameworks/ColorSyncLegacy.framework/Versions/A/ColorSyncLegacy
0x00007fff25767000 	/System/Library/Frameworks/ApplicationServices.framework/Versions/A/Frameworks/HIServices.framework/Versions/A/HIServices
0x00007fff2d0e6000 	/System/Library/Frameworks/ApplicationServices.framework/Versions/A/Frameworks/LangAnalysis.framework/Versions/A/LangAnalysis
0x00007fff2bd99000 	/System/Library/Frameworks/ApplicationServices.framework/Versions/A/Frameworks/PrintCore.framework/Versions/A/PrintCore
0x00007fff2d109000 	/System/Library/Frameworks/ApplicationServices.framework/Versions/A/Frameworks/QD.framework/Versions/A/QD
0x00007fff2cdde000 	/System/Library/Frameworks/ApplicationServices.framework/Versions/A/Frameworks/SpeechSynthesis.framework/Versions/A/SpeechSynthesis
0x00007fff2bd5a000 	/System/Library/Frameworks/ApplicationServices.framework/Versions/A/Frameworks/ATSUI.framework/Versions/A/ATSUI
0x00007fff2d086000 	/usr/lib/libcups.2.dylib
0x00007fff2d0f6000 	/System/Library/PrivateFrameworks/NetAuth.framework/Versions/A/NetAuth
0x00007fff2d785000 	/System/Library/Frameworks/Kerberos.framework/Versions/A/Kerberos
0x00007fff2d795000 	/System/Library/Frameworks/GSS.framework/Versions/A/GSS
0x00007fff2ce5b000 	/usr/lib/libresolv.9.dylib
0x00007fff2b6ea000 	/System/Library/PrivateFrameworks/Heimdal.framework/Versions/A/Heimdal
0x00007fff3344c000 	/System/Library/Frameworks/Kerberos.framework/Versions/A/Libraries/libHeimdalProxy.dylib
0x00007fff26335000 	/System/Library/Frameworks/Network.framework/Versions/A/Network
0x00007fff2b106000 	/usr/lib/libheimdal-asn1.dylib
0x00007fff2d7e6000 	/System/Library/PrivateFrameworks/CommonAuth.framework/Versions/A/CommonAuth
0x00007fff27382000 	/System/Library/PrivateFrameworks/login.framework/Versions/A/Frameworks/loginsupport.framework/Versions/A/loginsupport
0x00007fff2cd65000 	/System/Library/PrivateFrameworks/AudioSession.framework/Versions/A/AudioSession
0x00007fff2cdcb000 	/usr/lib/libAudioStatistics.dylib
0x00007fff2b192000 	/System/Library/PrivateFrameworks/MediaExperience.framework/Versions/A/MediaExperience
0x00007fff2cbfe000 	/System/Library/PrivateFrameworks/AudioSession.framework/libSessionUtility.dylib
0x00007fff2d776000 	/usr/lib/libperfcheck.dylib
0x00007fff2d115000 	/System/Library/PrivateFrameworks/AudioResourceArbitration.framework/Versions/A/AudioResourceArbitration
0x00007fff2b110000 	/System/Library/PrivateFrameworks/IconFoundation.framework/Versions/A/IconFoundation
0x00007fff2fc19000 	/System/Library/PrivateFrameworks/SpeechRecognitionCore.framework/Versions/A/SpeechRecognitionCore
0x0000000111800000 	/Library/Java/JavaVirtualMachines/jdk-10.0.2.jdk/Contents/Home/lib/server/libjvm.dylib
0x00007fff78080000 	/usr/lib/libstdc++.6.dylib
0x000000010f33b000 	/Library/Java/JavaVirtualMachines/jdk-10.0.2.jdk/Contents/Home/lib/libverify.dylib
0x000000010f348000 	/Library/Java/JavaVirtualMachines/jdk-10.0.2.jdk/Contents/Home/lib/libjava.dylib
0x000000010f37f000 	/Library/Java/JavaVirtualMachines/jdk-10.0.2.jdk/Contents/Home/lib/libinstrument.dylib
0x000000010f3e2000 	/Library/Java/JavaVirtualMachines/jdk-10.0.2.jdk/Contents/Home/lib/libzip.dylib
0x000000010f3ea000 	/Library/Java/JavaVirtualMachines/jdk-10.0.2.jdk/Contents/Home/lib/libjimage.dylib
0x000000010f666000 	/Library/Java/JavaVirtualMachines/jdk-10.0.2.jdk/Contents/Home/lib/libnio.dylib
0x000000010f676000 	/Library/Java/JavaVirtualMachines/jdk-10.0.2.jdk/Contents/Home/lib/libnet.dylib
0x000000010f68d000 	/Library/Java/JavaVirtualMachines/jdk-10.0.2.jdk/Contents/Home/lib/libprism_es2.dylib
0x00007fff22b22000 	/System/Library/PrivateFrameworks/CoreServicesInternal.framework/Versions/A/CoreServicesInternal
0x00007fff6bcf3000 	/System/Library/Frameworks/OpenGL.framework/Versions/A/Resources/GLEngine.bundle/GLEngine
0x00007fff6bb54000 	/System/Library/Frameworks/OpenGL.framework/Versions/A/Libraries/libGLProgrammability.dylib
0x00007fff5eed7000 	/System/Library/Extensions/AppleIntelKBLGraphicsGLDriver.bundle/Contents/MacOS/AppleIntelKBLGraphicsGLDriver
0x00007fff4632d000 	/System/Library/PrivateFrameworks/GPUSupport.framework/Versions/A/Libraries/libGPUSupportMercury.dylib
0x00007fff6be71000 	/System/Library/Frameworks/OpenGL.framework/Versions/A/Resources/GLRendererFloat.bundle/GLRendererFloat
0x0000000135ffd000 	/Library/Java/JavaVirtualMachines/jdk-10.0.2.jdk/Contents/Home/lib/libglass.dylib
0x00007fff30fa0000 	/System/Library/Frameworks/FileProvider.framework/Versions/A/FileProvider
0x00007fff26153000 	/System/Library/Frameworks/Accounts.framework/Versions/A/Accounts
0x00007fff310f0000 	/System/Library/PrivateFrameworks/GenerationalStorage.framework/Versions/A/GenerationalStorage
0x00007fff31a8a000 	/System/Library/PrivateFrameworks/CoreSymbolication.framework/Versions/A/CoreSymbolication
0x00007fff309c0000 	/System/Library/PrivateFrameworks/SymptomDiagnosticReporter.framework/Versions/A/SymptomDiagnosticReporter
0x00007fff23c53000 	/System/Library/PrivateFrameworks/DesktopServicesPriv.framework/Versions/A/DesktopServicesPriv
0x00007fff22c57000 	/usr/lib/libsandbox.1.dylib
0x00007fff273ad000 	/System/Library/PrivateFrameworks/UserManagement.framework/Versions/A/UserManagement
0x00007fff29c7b000 	/System/Library/PrivateFrameworks/MobileKeyBag.framework/Versions/A/MobileKeyBag
0x00007fff344cf000 	/System/Library/PrivateFrameworks/ChunkingLibrary.framework/Versions/A/ChunkingLibrary
0x00007fff31a4e000 	/System/Library/PrivateFrameworks/DebugSymbols.framework/Versions/A/DebugSymbols
0x00007fff2e1a9000 	/System/Library/PrivateFrameworks/Sharing.framework/Versions/A/Sharing
0x00007fff32a4e000 	/System/Library/PrivateFrameworks/Apple80211.framework/Versions/A/Apple80211
0x00007fff2a328000 	/System/Library/PrivateFrameworks/AuthKit.framework/Versions/A/AuthKit
0x00007fff29a79000 	/System/Library/PrivateFrameworks/CoreUtils.framework/Versions/A/CoreUtils
0x00007fff299a6000 	/System/Library/Frameworks/CoreWLAN.framework/Versions/A/CoreWLAN
0x00007fff2e2f5000 	/System/Library/Frameworks/IOBluetooth.framework/Versions/A/IOBluetooth
0x00007fff32ab2000 	/System/Library/PrivateFrameworks/CoreWiFi.framework/Versions/A/CoreWiFi
0x00007fff2d86c000 	/System/Library/PrivateFrameworks/CorePhoneNumbers.framework/Versions/A/CorePhoneNumbers
0x00007fff30ac7000 	/System/Library/PrivateFrameworks/DiskManagement.framework/Versions/A/DiskManagement
0x00007fff309dd000 	/System/Library/PrivateFrameworks/AppleIDAuthSupport.framework/Versions/A/AppleIDAuthSupport
0x00007fff2d84c000 	/System/Library/PrivateFrameworks/KeychainCircle.framework/Versions/A/KeychainCircle
0x00007fff30a93000 	/System/Library/PrivateFrameworks/MediaKit.framework/Versions/A/MediaKit
0x00007fff309ea000 	/System/Library/Frameworks/DiscRecording.framework/Versions/A/DiscRecording
0x00007fff2b00d000 	/usr/lib/libCoreStorage.dylib
0x00007fff32eed000 	/usr/lib/libcsfde.dylib
0x00007fff2e430000 	/System/Library/PrivateFrameworks/ProtectedCloudStorage.framework/Versions/A/ProtectedCloudStorage
0x00007fff32ee5000 	/System/Library/PrivateFrameworks/EFILogin.framework/Versions/A/EFILogin
0x00007fff334ff000 	/System/Library/Frameworks/AudioUnit.framework/Versions/A/AudioUnit
0x00007fff3095a000 	/System/Library/Frameworks/CoreBluetooth.framework/Versions/A/CoreBluetooth
0x00007fff2b005000 	/usr/lib/libMatch.1.dylib
0x000000011dbda000 	/usr/lib/libobjc-trampolines.dylib
0x00007fff4123a000 	/System/Library/Frameworks/Accelerate.framework/Versions/A/Frameworks/vImage.framework/Versions/A/Libraries/libCGInterfaces.dylib
0x00007fff270ac000 	/System/Library/PrivateFrameworks/ViewBridge.framework/Versions/A/ViewBridge
0x0000000139db4000 	/Library/Java/JavaVirtualMachines/jdk-10.0.2.jdk/Contents/Home/lib/libawt.dylib
0x0000000139e59000 	/Library/Java/JavaVirtualMachines/jdk-10.0.2.jdk/Contents/Home/lib/libmlib_image.dylib
0x00007fff6ea67000 	/System/Library/Frameworks/JavaNativeFoundation.framework/Versions/A/JavaNativeFoundation
0x00007fff6ea73000 	/System/Library/Frameworks/JavaRuntimeSupport.framework/Versions/A/JavaRuntimeSupport
0x00007fff3c960000 	/System/Library/Frameworks/Carbon.framework/Versions/A/Carbon
0x00007fff363f7000 	/System/Library/Frameworks/Carbon.framework/Versions/A/Frameworks/CommonPanels.framework/Versions/A/CommonPanels
0x00007fff32ee1000 	/System/Library/Frameworks/Carbon.framework/Versions/A/Frameworks/Help.framework/Versions/A/Help
0x00007fff363fb000 	/System/Library/Frameworks/Carbon.framework/Versions/A/Frameworks/ImageCapture.framework/Versions/A/ImageCapture
0x00007fff363cb000 	/System/Library/Frameworks/Carbon.framework/Versions/A/Frameworks/OpenScripting.framework/Versions/A/OpenScripting
0x00007fff363f3000 	/System/Library/Frameworks/Carbon.framework/Versions/A/Frameworks/Ink.framework/Versions/A/Ink
0x00007fff3c95c000 	/System/Library/Frameworks/Carbon.framework/Versions/A/Frameworks/Print.framework/Versions/A/Print
0x00007fff363ef000 	/System/Library/Frameworks/Carbon.framework/Versions/A/Frameworks/SecurityHI.framework/Versions/A/SecurityHI
0x0000000139ec7000 	/Library/Java/JavaVirtualMachines/jdk-10.0.2.jdk/Contents/Home/lib/libawt_lwawt.dylib
0x0000000139f87000 	/Library/Java/JavaVirtualMachines/jdk-10.0.2.jdk/Contents/Home/lib/libosxapp.dylib
0x00007fff3bf77000 	/System/Library/Frameworks/ExceptionHandling.framework/Versions/A/ExceptionHandling
0x0000000139fa3000 	/Library/Java/JavaVirtualMachines/jdk-10.0.2.jdk/Contents/Home/lib/libfontmanager.dylib
0x00007fff2b7ab000 	/System/Library/PrivateFrameworks/login.framework/Versions/A/login
0x000000013ad7d000 	/private/var/folders/n_/c30c5k1n3_g5vy2m3zgndw3w0000gn/T/sqlite-3.36.0.3-acdc7662-4bec-486f-9895-45b34b50d841-libsqlitejdbc.jnilib
0x00000001395d2000 	/Library/Java/JavaVirtualMachines/jdk-10.0.2.jdk/Contents/Home/lib/libjavafx_font.dylib
0x000000013ce0f000 	/Library/Java/JavaVirtualMachines/jdk-10.0.2.jdk/Contents/Home/lib/libjavafx_iio.dylib
0x00007fff77966000 	/usr/lib/libRosetta.dylib
0x00007fff30196000 	/System/Library/PrivateFrameworks/SystemAdministration.framework/Versions/A/SystemAdministration
0x00007fff2bf91000 	/System/Library/Frameworks/MediaToolbox.framework/Versions/A/MediaToolbox
0x00007fff2fbe5000 	/System/Library/Frameworks/DirectoryService.framework/Versions/A/DirectoryService
0x00007fff32d8d000 	/System/Library/PrivateFrameworks/DiskImages.framework/Versions/A/DiskImages
0x00007fff32f60000 	/System/Library/PrivateFrameworks/LoginUIKit.framework/Versions/A/Frameworks/LoginUICore.framework/Versions/A/LoginUICore
0x00007fff2b946000 	/usr/lib/libodfde.dylib
0x00007fff30f72000 	/System/Library/PrivateFrameworks/CoreAVCHD.framework/Versions/A/CoreAVCHD
0x00007fff30159000 	/System/Library/Frameworks/MediaAccessibility.framework/Versions/A/MediaAccessibility
0x00007fff30f6e000 	/System/Library/PrivateFrameworks/Mangrove.framework/Versions/A/Mangrove
0x00007fff30165000 	/System/Library/PrivateFrameworks/AlgosScoreFramework.framework/Versions/A/AlgosScoreFramework
0x00007fff3195c000 	/System/Library/PrivateFrameworks/AppleVPA.framework/Versions/A/AppleVPA
0x00007fff30bb3000 	/System/Library/PrivateFrameworks/CoreAUC.framework/Versions/A/CoreAUC
0x00007fff32ef9000 	/usr/lib/libcurl.4.dylib
0x00007fff32c59000 	/usr/lib/libcrypto.44.dylib
0x00007fff32d5f000 	/usr/lib/libssl.46.dylib
0x00007fff32c1f000 	/System/Library/Frameworks/LDAP.framework/Versions/A/LDAP
0x00007fff32c57000 	/System/Library/PrivateFrameworks/TrustEvaluationAgent.framework/Versions/A/TrustEvaluationAgent
0x00007fff2ce74000 	/usr/lib/libsasl2.2.dylib
0x00007fff3018a000 	/System/Library/PrivateFrameworks/CoreDaemon.framework/Versions/B/CoreDaemon
0x00007fff30185000 	/System/Library/PrivateFrameworks/AppleSRP.framework/Versions/A/AppleSRP


VM Arguments:
jvm_args: -javaagent:/Applications/IntelliJ IDEA.app/Contents/lib/idea_rt.jar=56232:/Applications/IntelliJ IDEA.app/Contents/bin -Dfile.encoding=UTF-8 
java_command: main.App
java_class_path (initial): /Users/seonghayi/Desktop/ScheduleArchiveUltimate/out/production/ScheduleArchive_Macro_Update:/Users/seonghayi/Desktop/ScheduleArchiveUltimate/lib/sqlite-jdbc-3.36.0.3.jar
Launcher Type: SUN_STANDARD

Logging:
Log output configuration:
#0: stdout all=warning uptime,level,tags
#1: stderr all=off uptime,level,tags

Environment Variables:
PATH=/Library/Frameworks/Python.framework/Versions/2.7/bin:/Library/Frameworks/Python.framework/Versions/3.9/bin:/usr/local/bin:/usr/bin:/bin:/usr/sbin:/sbin
SHELL=/bin/bash

Signal Handlers:
SIGSEGV: [libjvm.dylib+0x79ac14], sa_mask[0]=11111111011111110111111111111111, sa_flags=SA_ONSTACK|SA_RESTART|SA_SIGINFO
SIGBUS: [libjvm.dylib+0x79ac14], sa_mask[0]=11111111011111110111111111111111, sa_flags=SA_RESTART|SA_SIGINFO
SIGFPE: [libjvm.dylib+0x79ac14], sa_mask[0]=11111111011111110111111111111111, sa_flags=SA_RESTART|SA_SIGINFO
SIGPIPE: [libjvm.dylib+0x635960], sa_mask[0]=11111111011111110111111111111111, sa_flags=SA_RESTART|SA_SIGINFO
SIGXFSZ: [libjvm.dylib+0x635960], sa_mask[0]=11111111011111110111111111111111, sa_flags=SA_RESTART|SA_SIGINFO
SIGILL: [libjvm.dylib+0x79ac14], sa_mask[0]=11111111011111110111111111111111, sa_flags=SA_RESTART|SA_SIGINFO
SIGUSR2: [libjvm.dylib+0x6361f0], sa_mask[0]=00100000000000000000000000000000, sa_flags=SA_RESTART|SA_SIGINFO
SIGHUP: [libjvm.dylib+0x6349db], sa_mask[0]=11111111011111110111111111111111, sa_flags=SA_RESTART|SA_SIGINFO
SIGINT: [libjvm.dylib+0x6349db], sa_mask[0]=11111111011111110111111111111111, sa_flags=SA_RESTART|SA_SIGINFO
SIGTERM: [libjvm.dylib+0x6349db], sa_mask[0]=11111111011111110111111111111111, sa_flags=SA_RESTART|SA_SIGINFO
SIGQUIT: [libjvm.dylib+0x6349db], sa_mask[0]=11111111011111110111111111111111, sa_flags=SA_RESTART|SA_SIGINFO


---------------  S Y S T E M  ---------------

OS:uname:Darwin 20.6.0 Darwin Kernel Version 20.6.0: Wed Jun 23 00:26:31 PDT 2021; root:xnu-7195.141.2~5/RELEASE_X86_64 x86_64
rlimit: STACK 8192k, CORE 0k, NPROC 1392, NOFILE 10240, AS infinity, DATA infinity, FSIZE infinity
load average:3.77 3.67 4.83

CPU:total 4 (initial active 4) (2 cores per cpu, 2 threads per core) family 6 model 142 stepping 9, cmov, cx8, fxsr, mmx, sse, sse2, sse3, ssse3, sse4.1, sse4.2, popcnt, avx, avx2, aes, clmul, erms, rtm, 3dnowpref, lzcnt, ht, tsc, tscinvbit, bmi1, bmi2, adx, fma

Memory: 4k page, physical 8388608k(18136k free)

vm_info: Java HotSpot(TM) 64-Bit Server VM (10.0.2+13) for bsd-amd64 JRE (10.0.2+13), built on Jun 28 2018 00:49:51 by "mach5one" with gcc 4.2.1 Compatible Apple LLVM 6.1.0 (clang-602.0.49)

END.
